#
# There is insufficient memory for the Java Runtime Environment to continue.
# Native memory allocation (mmap) failed to map 132120576 bytes for G1 virtual space
# Possible reasons:
#   The system is out of physical RAM or swap space
#   The process is running with CompressedOops enabled, and the Java Heap may be blocking the growth of the native heap
# Possible solutions:
#   Reduce memory load on the system
#   Increase physical memory or swap space
#   Check if swap backing store is full
#   Decrease Java heap size (-Xmx/-Xms)
#   Decrease number of Java threads
#   Decrease Java thread stack sizes (-Xss)
#   Set larger code cache with -XX:ReservedCodeCacheSize=
#   JVM is running with Unscaled Compressed Oops mode in which the Java heap is
#     placed in the first 4GB address space. The Java Heap base address is the
#     maximum limit for the native heap growth. Please use -XX:HeapBaseMinAddress
#     to set the Java Heap base and to place the Java Heap above 4GB virtual address.
# This output file may be truncated or incomplete.
#
#  Out of Memory Error (os_windows.cpp:3769), pid=11176, tid=8784
#
# JRE version: OpenJDK Runtime Environment (17.0.6) (build 17.0.6+0-b2043.56-10027231)
# Java VM: OpenJDK 64-Bit Server VM (17.0.6+0-b2043.56-10027231, mixed mode, tiered, compressed oops, compressed class ptrs, g1 gc, windows-amd64)
# No core dump will be written. Minidumps are not enabled by default on client versions of Windows
#

---------------  S U M M A R Y ------------

Command Line: --add-opens=java.base/java.util=ALL-UNNAMED --add-opens=java.base/java.lang=ALL-UNNAMED --add-opens=java.base/java.lang.invoke=ALL-UNNAMED --add-opens=java.prefs/java.util.prefs=ALL-UNNAMED --add-opens=java.base/java.nio.charset=ALL-UNNAMED --add-opens=java.base/java.net=ALL-UNNAMED --add-opens=java.base/java.util.concurrent.atomic=ALL-UNNAMED -Xmx2048m -Dfile.encoding=UTF-8 -Duser.country=RU -Duser.language=ru -Duser.variant org.gradle.launcher.daemon.bootstrap.GradleDaemon 8.0

Host: Intel(R) Core(TM) i5-9300H CPU @ 2.40GHz, 8 cores, 15G,  Windows 10 , 64 bit Build 19041 (10.0.19041.3031)
Time: Tue Oct 31 15:46:06 2023 RTZ 2 (s 10 , 64 bit Build 19041 (10.0.19041.3031) elapsed time: 10.262269 seconds (0d 0h 0m 10s)

---------------  T H R E A D  ---------------

Current thread (0x00000123eed29b40):  VMThread "VM Thread" [stack: 0x00000011af500000,0x00000011af600000] [id=8784]

Stack: [0x00000011af500000,0x00000011af600000]
Native frames: (J=compiled Java code, j=interpreted, Vv=VM code, C=native code)
V  [jvm.dll+0x683c9a]
V  [jvm.dll+0x8427a4]
V  [jvm.dll+0x843f9e]
V  [jvm.dll+0x844603]
V  [jvm.dll+0x249b75]
V  [jvm.dll+0x680b69]
V  [jvm.dll+0x67505a]
V  [jvm.dll+0x309acb]
V  [jvm.dll+0x310f86]
V  [jvm.dll+0x3608ee]
V  [jvm.dll+0x360b1f]
V  [jvm.dll+0x2dfbf8]
V  [jvm.dll+0x2ddec4]
V  [jvm.dll+0x2dd4cc]
V  [jvm.dll+0x321f3b]
V  [jvm.dll+0x848ccb]
V  [jvm.dll+0x849a04]
V  [jvm.dll+0x849f1d]
V  [jvm.dll+0x84a2f4]
V  [jvm.dll+0x84a3c0]
V  [jvm.dll+0x7f274a]
V  [jvm.dll+0x682ad5]
C  [ucrtbase.dll+0x21bb2]
C  [KERNEL32.DLL+0x17614]
C  [ntdll.dll+0x526f1]

VM_Operation (0x00000011b15fe120): G1CollectForAllocation, mode: safepoint, requested by thread 0x00000123f22da770


---------------  P R O C E S S  ---------------

Threads class SMR info:
_java_thread_list=0x00000123f1d4e700, length=148, elements={
0x00000123d2efa730, 0x00000123ef82c890, 0x00000123ef82d610, 0x00000123ef886400,
0x00000123ef879620, 0x00000123ef87cd10, 0x00000123ef87dff0, 0x00000123ef880800,
0x00000123ef88a9b0, 0x00000123ef894ee0, 0x00000123ef9fea60, 0x00000123efa1de10,
0x00000123efbfe8f0, 0x00000123f1d758c0, 0x00000123f22d7230, 0x00000123f28c33c0,
0x00000123f10433c0, 0x00000123f279f620, 0x00000123f1fa3920, 0x00000123f238cca0,
0x00000123f07ae8b0, 0x00000123f22da2a0, 0x00000123f22d9900, 0x00000123f22da770,
0x00000123f22dac40, 0x00000123f22d7750, 0x00000123f40f7060, 0x00000123f22d8a90,
0x00000123f22d8f60, 0x00000123f22db110, 0x00000123f22d80f0, 0x00000123f22d85c0,
0x00000123f22d9430, 0x00000123f22d9dd0, 0x00000123f57ddbb0, 0x00000123f57e23e0,
0x00000123f57df890, 0x00000123f57df3c0, 0x00000123f57dea20, 0x00000123f57dfd60,
0x00000123f57e1570, 0x00000123f57e10a0, 0x00000123f57e0700, 0x00000123f57e1f10,
0x00000123f57db530, 0x00000123f57dba00, 0x00000123f57dd6e0, 0x00000123f57dbed0,
0x00000123f57dc3a0, 0x00000123f57dcd40, 0x00000123f2138650, 0x00000123f213acd0,
0x00000123f213d350, 0x00000123f2136970, 0x00000123f21394c0, 0x00000123f21377e0,
0x00000123f213a330, 0x00000123f213b1a0, 0x00000123f2136e40, 0x00000123f2139990,
0x00000123f2139e60, 0x00000123f213b670, 0x00000123f2137cb0, 0x00000123f213d820,
0x00000123f213c010, 0x00000123f213c4e0, 0x00000123f213a800, 0x00000123f2135fd0,
0x00000123f2138ff0, 0x00000123f213bb40, 0x00000123f213c9b0, 0x00000123f213ce80,
0x00000123f21364a0, 0x00000123f2137310, 0x00000123f2138180, 0x00000123f2138b20,
0x00000123f5772820, 0x00000123f57719b0, 0x00000123f5771e80, 0x00000123f57714e0,
0x00000123f5770b40, 0x00000123f57731c0, 0x00000123f576e990, 0x00000123f5773b60,
0x00000123f5772350, 0x00000123f576db20, 0x00000123f5773690, 0x00000123f5774ea0,
0x00000123f576dff0, 0x00000123f5772cf0, 0x00000123f5771010, 0x00000123f576e4c0,
0x00000123f576ee60, 0x00000123f5774030, 0x00000123f576f330, 0x00000123f5774500,
0x00000123f576d650, 0x00000123f57749d0, 0x00000123f576f800, 0x00000123f576fcd0,
0x00000123f57701a0, 0x00000123f5770670, 0x00000123f99bd480, 0x00000123f99bd950,
0x00000123f99b9120, 0x00000123f99bb2d0, 0x00000123f99b7de0, 0x00000123f99bae00,
0x00000123f99bec90, 0x00000123f99bb7a0, 0x00000123f99b9f90, 0x00000123f99bde20,
0x00000123f99be2f0, 0x00000123f99b82b0, 0x00000123f99b8780, 0x00000123f99b8c50,
0x00000123f99ba460, 0x00000123f99bcae0, 0x00000123f99b95f0, 0x00000123f99bf630,
0x00000123f99b9ac0, 0x00000123f99bc140, 0x00000123f99ba930, 0x00000123f99bbc70,
0x00000123f99bc610, 0x00000123f99bcfb0, 0x00000123f99bf160, 0x00000123f6867dc0,
0x00000123f686ec70, 0x00000123f6869f70, 0x00000123f6868760, 0x00000123f686f610,
0x00000123f686f140, 0x00000123f686e2d0, 0x00000123f6869100, 0x00000123f686d930,
0x00000123f686a440, 0x00000123f686c120, 0x00000123f686c5f0, 0x00000123f686e7a0,
0x00000123f57dc870, 0x00000123f4774030, 0x00000123f4772820, 0x00000123f4775840,
0x00000123f4775370, 0x00000123f4774500, 0x00000123f4772cf0, 0x00000123f47731c0
}

Java Threads: ( => current thread )
  0x00000123d2efa730 JavaThread "main" [_thread_blocked, id=10556, stack(0x00000011aef00000,0x00000011af000000)]
  0x00000123ef82c890 JavaThread "Reference Handler" daemon [_thread_blocked, id=8060, stack(0x00000011af600000,0x00000011af700000)]
  0x00000123ef82d610 JavaThread "Finalizer" daemon [_thread_blocked, id=2288, stack(0x00000011af700000,0x00000011af800000)]
  0x00000123ef886400 JavaThread "Signal Dispatcher" daemon [_thread_blocked, id=15568, stack(0x00000011af800000,0x00000011af900000)]
  0x00000123ef879620 JavaThread "Attach Listener" daemon [_thread_blocked, id=16280, stack(0x00000011af900000,0x00000011afa00000)]
  0x00000123ef87cd10 JavaThread "Service Thread" daemon [_thread_blocked, id=4756, stack(0x00000011afa00000,0x00000011afb00000)]
  0x00000123ef87dff0 JavaThread "Monitor Deflation Thread" daemon [_thread_blocked, id=15784, stack(0x00000011afb00000,0x00000011afc00000)]
  0x00000123ef880800 JavaThread "C2 CompilerThread0" daemon [_thread_blocked, id=13268, stack(0x00000011afc00000,0x00000011afd00000)]
  0x00000123ef88a9b0 JavaThread "C1 CompilerThread0" daemon [_thread_blocked, id=3576, stack(0x00000011afd00000,0x00000011afe00000)]
  0x00000123ef894ee0 JavaThread "Sweeper thread" daemon [_thread_blocked, id=12796, stack(0x00000011afe00000,0x00000011aff00000)]
  0x00000123ef9fea60 JavaThread "Common-Cleaner" daemon [_thread_blocked, id=14004, stack(0x00000011aff00000,0x00000011b0000000)]
  0x00000123efa1de10 JavaThread "Notification Thread" daemon [_thread_blocked, id=3192, stack(0x00000011b0000000,0x00000011b0100000)]
  0x00000123efbfe8f0 JavaThread "C2 CompilerThread1" daemon [_thread_blocked, id=11932, stack(0x00000011b0200000,0x00000011b0300000)]
  0x00000123f1d758c0 JavaThread "Daemon health stats" [_thread_blocked, id=8692, stack(0x00000011b0900000,0x00000011b0a00000)]
  0x00000123f22d7230 JavaThread "Incoming local TCP Connector on port 57493" [_thread_in_native, id=4604, stack(0x00000011b0800000,0x00000011b0900000)]
  0x00000123f28c33c0 JavaThread "Daemon periodic checks" [_thread_blocked, id=13804, stack(0x00000011b0a00000,0x00000011b0b00000)]
  0x00000123f10433c0 JavaThread "Daemon" [_thread_blocked, id=9592, stack(0x00000011b0b00000,0x00000011b0c00000)]
  0x00000123f279f620 JavaThread "Handler for socket connection from /127.0.0.1:57493 to /127.0.0.1:57494" [_thread_in_native, id=5544, stack(0x00000011b0c00000,0x00000011b0d00000)]
  0x00000123f1fa3920 JavaThread "Cancel handler" [_thread_blocked, id=6996, stack(0x00000011b0d00000,0x00000011b0e00000)]
  0x00000123f238cca0 JavaThread "Daemon worker" [_thread_blocked, id=15604, stack(0x00000011b0e00000,0x00000011b0f00000)]
  0x00000123f07ae8b0 JavaThread "Asynchronous log dispatcher for DefaultDaemonConnection: socket connection from /127.0.0.1:57493 to /127.0.0.1:57494" [_thread_blocked, id=8236, stack(0x00000011b0f00000,0x00000011b1000000)]
  0x00000123f22da2a0 JavaThread "Stdin handler" [_thread_blocked, id=16036, stack(0x00000011b1000000,0x00000011b1100000)]
  0x00000123f22d9900 JavaThread "Daemon client event forwarder" [_thread_blocked, id=12440, stack(0x00000011b1100000,0x00000011b1200000)]
  0x00000123f22da770 JavaThread "Cache worker for journal cache (D:\PRG\ANDROID\caches\journal-1)" [_thread_blocked, id=14308, stack(0x00000011b1500000,0x00000011b1600000)]
  0x00000123f22dac40 JavaThread "File lock request listener" [_thread_in_native, id=6252, stack(0x00000011b1600000,0x00000011b1700000)]
  0x00000123f22d7750 JavaThread "Cache worker for file hash cache (D:\PRG\ANDROID\caches\8.0\fileHashes)" [_thread_blocked, id=12744, stack(0x00000011b1700000,0x00000011b1800000)]
  0x00000123f40f7060 JavaThread "C2 CompilerThread2" daemon [_thread_blocked, id=13508, stack(0x00000011b1800000,0x00000011b1900000)]
  0x00000123f22d8a90 JavaThread "File watcher server" daemon [_thread_blocked, id=16032, stack(0x00000011b1900000,0x00000011b1a00000)]
  0x00000123f22d8f60 JavaThread "File watcher consumer" daemon [_thread_blocked, id=13540, stack(0x00000011b1a00000,0x00000011b1b00000)]
  0x00000123f22db110 JavaThread "Cache worker for checksums cache (D:\PRG\ANDROID\PlanirFinansov6\.gradle\8.0\checksums)" [_thread_blocked, id=16492, stack(0x00000011b1b00000,0x00000011b1c00000)]
  0x00000123f22d80f0 JavaThread "Cache worker for cache directory md-rule (D:\PRG\ANDROID\caches\8.0\md-rule)" [_thread_blocked, id=5188, stack(0x00000011b1c00000,0x00000011b1d00000)]
  0x00000123f22d85c0 JavaThread "Cache worker for file content cache (D:\PRG\ANDROID\caches\8.0\fileContent)" [_thread_blocked, id=15940, stack(0x00000011b1d00000,0x00000011b1e00000)]
  0x00000123f22d9430 JavaThread "Cache worker for file hash cache (D:\PRG\ANDROID\PlanirFinansov6\.gradle\8.0\fileHashes)" [_thread_blocked, id=15768, stack(0x00000011b1e00000,0x00000011b1f00000)]
  0x00000123f22d9dd0 JavaThread "Cache worker for cache directory md-supplier (D:\PRG\ANDROID\caches\8.0\md-supplier)" [_thread_blocked, id=13084, stack(0x00000011b1f00000,0x00000011b2000000)]
  0x00000123f57ddbb0 JavaThread "Cache worker for execution history cache (D:\PRG\ANDROID\caches\8.0\executionHistory)" [_thread_blocked, id=3988, stack(0x00000011b2000000,0x00000011b2100000)]
  0x00000123f57e23e0 JavaThread "jar transforms" [_thread_blocked, id=3936, stack(0x00000011b2100000,0x00000011b2200000)]
  0x00000123f57df890 JavaThread "jar transforms Thread 2" [_thread_blocked, id=13200, stack(0x00000011b2200000,0x00000011b2300000)]
  0x00000123f57df3c0 JavaThread "Cache worker for kotlin-dsl (D:\PRG\ANDROID\caches\8.0\kotlin-dsl)" [_thread_blocked, id=15108, stack(0x00000011b2400000,0x00000011b2500000)]
  0x00000123f57dea20 JavaThread "jar transforms Thread 3" [_thread_blocked, id=9404, stack(0x00000011b2500000,0x00000011b2600000)]
  0x00000123f57dfd60 JavaThread "jar transforms Thread 4" [_thread_blocked, id=16116, stack(0x00000011b2600000,0x00000011b2700000)]
  0x00000123f57e1570 JavaThread "Cache worker for dependencies-accessors (D:\PRG\ANDROID\PlanirFinansov6\.gradle\8.0\dependencies-accessors)" [_thread_blocked, id=9248, stack(0x00000011b2700000,0x00000011b2800000)]
  0x00000123f57e10a0 JavaThread "Cache worker for Build Output Cleanup Cache (D:\PRG\ANDROID\PlanirFinansov6\.gradle\buildOutputCleanup)" [_thread_blocked, id=11872, stack(0x00000011b2800000,0x00000011b2900000)]
  0x00000123f57e0700 JavaThread "jar transforms Thread 5" [_thread_blocked, id=3528, stack(0x00000011b2900000,0x00000011b2a00000)]
  0x00000123f57e1f10 JavaThread "Unconstrained build operations" [_thread_blocked, id=4828, stack(0x00000011b2a00000,0x00000011b2b00000)]
  0x00000123f57db530 JavaThread "Unconstrained build operations Thread 2" [_thread_blocked, id=5056, stack(0x00000011b2b00000,0x00000011b2c00000)]
  0x00000123f57dba00 JavaThread "Unconstrained build operations Thread 3" [_thread_blocked, id=15552, stack(0x00000011b2c00000,0x00000011b2d00000)]
  0x00000123f57dd6e0 JavaThread "Unconstrained build operations Thread 4" [_thread_blocked, id=16452, stack(0x00000011b2d00000,0x00000011b2e00000)]
  0x00000123f57dbed0 JavaThread "Unconstrained build operations Thread 5" [_thread_blocked, id=15480, stack(0x00000011b2e00000,0x00000011b2f00000)]
  0x00000123f57dc3a0 JavaThread "Unconstrained build operations Thread 6" [_thread_blocked, id=16764, stack(0x00000011b2f00000,0x00000011b3000000)]
  0x00000123f57dcd40 JavaThread "Unconstrained build operations Thread 7" [_thread_blocked, id=8928, stack(0x00000011b3000000,0x00000011b3100000)]
  0x00000123f2138650 JavaThread "Unconstrained build operations Thread 8" [_thread_blocked, id=12748, stack(0x00000011b3100000,0x00000011b3200000)]
  0x00000123f213acd0 JavaThread "Unconstrained build operations Thread 9" [_thread_blocked, id=6236, stack(0x00000011b3200000,0x00000011b3300000)]
  0x00000123f213d350 JavaThread "Unconstrained build operations Thread 10" [_thread_blocked, id=11312, stack(0x00000011b3300000,0x00000011b3400000)]
  0x00000123f2136970 JavaThread "Unconstrained build operations Thread 11" [_thread_blocked, id=12880, stack(0x00000011b3400000,0x00000011b3500000)]
  0x00000123f21394c0 JavaThread "Unconstrained build operations Thread 12" [_thread_blocked, id=6280, stack(0x00000011b3500000,0x00000011b3600000)]
  0x00000123f21377e0 JavaThread "Unconstrained build operations Thread 13" [_thread_blocked, id=7804, stack(0x00000011b3600000,0x00000011b3700000)]
  0x00000123f213a330 JavaThread "Unconstrained build operations Thread 14" [_thread_blocked, id=15904, stack(0x00000011b3700000,0x00000011b3800000)]
  0x00000123f213b1a0 JavaThread "Unconstrained build operations Thread 15" [_thread_blocked, id=6388, stack(0x00000011b3800000,0x00000011b3900000)]
  0x00000123f2136e40 JavaThread "Unconstrained build operations Thread 16" [_thread_blocked, id=16936, stack(0x00000011b3900000,0x00000011b3a00000)]
  0x00000123f2139990 JavaThread "Unconstrained build operations Thread 17" [_thread_blocked, id=13812, stack(0x00000011b3a00000,0x00000011b3b00000)]
  0x00000123f2139e60 JavaThread "Unconstrained build operations Thread 18" [_thread_blocked, id=12272, stack(0x00000011b3b00000,0x00000011b3c00000)]
  0x00000123f213b670 JavaThread "Unconstrained build operations Thread 19" [_thread_blocked, id=15224, stack(0x00000011b3c00000,0x00000011b3d00000)]
  0x00000123f2137cb0 JavaThread "Unconstrained build operations Thread 20" [_thread_blocked, id=5800, stack(0x00000011b3d00000,0x00000011b3e00000)]
  0x00000123f213d820 JavaThread "Unconstrained build operations Thread 21" [_thread_blocked, id=13692, stack(0x00000011b3e00000,0x00000011b3f00000)]
  0x00000123f213c010 JavaThread "Unconstrained build operations Thread 22" [_thread_blocked, id=15932, stack(0x00000011b3f00000,0x00000011b4000000)]
  0x00000123f213c4e0 JavaThread "Unconstrained build operations Thread 23" [_thread_blocked, id=16136, stack(0x00000011b4000000,0x00000011b4100000)]
  0x00000123f213a800 JavaThread "Unconstrained build operations Thread 24" [_thread_blocked, id=2076, stack(0x00000011b4100000,0x00000011b4200000)]
  0x00000123f2135fd0 JavaThread "Unconstrained build operations Thread 25" [_thread_blocked, id=4832, stack(0x00000011b4200000,0x00000011b4300000)]
  0x00000123f2138ff0 JavaThread "Unconstrained build operations Thread 26" [_thread_blocked, id=1576, stack(0x00000011b4300000,0x00000011b4400000)]
  0x00000123f213bb40 JavaThread "Unconstrained build operations Thread 27" [_thread_blocked, id=16232, stack(0x00000011b4400000,0x00000011b4500000)]
  0x00000123f213c9b0 JavaThread "Unconstrained build operations Thread 28" [_thread_blocked, id=6168, stack(0x00000011b4500000,0x00000011b4600000)]
  0x00000123f213ce80 JavaThread "Unconstrained build operations Thread 29" [_thread_blocked, id=14556, stack(0x00000011b4600000,0x00000011b4700000)]
  0x00000123f21364a0 JavaThread "Unconstrained build operations Thread 30" [_thread_blocked, id=14176, stack(0x00000011b4700000,0x00000011b4800000)]
  0x00000123f2137310 JavaThread "Unconstrained build operations Thread 31" [_thread_blocked, id=11736, stack(0x00000011b4800000,0x00000011b4900000)]
  0x00000123f2138180 JavaThread "Unconstrained build operations Thread 32" [_thread_blocked, id=12116, stack(0x00000011b4900000,0x00000011b4a00000)]
  0x00000123f2138b20 JavaThread "Unconstrained build operations Thread 33" [_thread_blocked, id=12032, stack(0x00000011b4a00000,0x00000011b4b00000)]
  0x00000123f5772820 JavaThread "Unconstrained build operations Thread 34" [_thread_blocked, id=14448, stack(0x00000011b4b00000,0x00000011b4c00000)]
  0x00000123f57719b0 JavaThread "Unconstrained build operations Thread 35" [_thread_blocked, id=3432, stack(0x00000011b4c00000,0x00000011b4d00000)]
  0x00000123f5771e80 JavaThread "Unconstrained build operations Thread 36" [_thread_blocked, id=12612, stack(0x00000011b4d00000,0x00000011b4e00000)]
  0x00000123f57714e0 JavaThread "Unconstrained build operations Thread 37" [_thread_blocked, id=9372, stack(0x00000011b4e00000,0x00000011b4f00000)]
  0x00000123f5770b40 JavaThread "Unconstrained build operations Thread 38" [_thread_blocked, id=6828, stack(0x00000011b4f00000,0x00000011b5000000)]
  0x00000123f57731c0 JavaThread "Unconstrained build operations Thread 39" [_thread_blocked, id=12512, stack(0x00000011b5000000,0x00000011b5100000)]
  0x00000123f576e990 JavaThread "Unconstrained build operations Thread 40" [_thread_blocked, id=8780, stack(0x00000011b5100000,0x00000011b5200000)]
  0x00000123f5773b60 JavaThread "Unconstrained build operations Thread 41" [_thread_blocked, id=10808, stack(0x00000011b5200000,0x00000011b5300000)]
  0x00000123f5772350 JavaThread "Unconstrained build operations Thread 42" [_thread_blocked, id=1556, stack(0x00000011b5300000,0x00000011b5400000)]
  0x00000123f576db20 JavaThread "Unconstrained build operations Thread 43" [_thread_blocked, id=16172, stack(0x00000011b5400000,0x00000011b5500000)]
  0x00000123f5773690 JavaThread "Unconstrained build operations Thread 44" [_thread_blocked, id=5476, stack(0x00000011b5500000,0x00000011b5600000)]
  0x00000123f5774ea0 JavaThread "Unconstrained build operations Thread 45" [_thread_blocked, id=16816, stack(0x00000011b5600000,0x00000011b5700000)]
  0x00000123f576dff0 JavaThread "Unconstrained build operations Thread 46" [_thread_blocked, id=9460, stack(0x00000011b5700000,0x00000011b5800000)]
  0x00000123f5772cf0 JavaThread "Unconstrained build operations Thread 47" [_thread_blocked, id=7172, stack(0x00000011b5800000,0x00000011b5900000)]
  0x00000123f5771010 JavaThread "Unconstrained build operations Thread 48" [_thread_blocked, id=16836, stack(0x00000011b5900000,0x00000011b5a00000)]
  0x00000123f576e4c0 JavaThread "Unconstrained build operations Thread 49" [_thread_blocked, id=3292, stack(0x00000011b5a00000,0x00000011b5b00000)]
  0x00000123f576ee60 JavaThread "Unconstrained build operations Thread 50" [_thread_blocked, id=16400, stack(0x00000011b5b00000,0x00000011b5c00000)]
  0x00000123f5774030 JavaThread "Unconstrained build operations Thread 51" [_thread_blocked, id=9688, stack(0x00000011b5c00000,0x00000011b5d00000)]
  0x00000123f576f330 JavaThread "Unconstrained build operations Thread 52" [_thread_blocked, id=15336, stack(0x00000011b5d00000,0x00000011b5e00000)]
  0x00000123f5774500 JavaThread "Unconstrained build operations Thread 53" [_thread_blocked, id=952, stack(0x00000011b5e00000,0x00000011b5f00000)]
  0x00000123f576d650 JavaThread "Unconstrained build operations Thread 54" [_thread_blocked, id=14952, stack(0x00000011b5f00000,0x00000011b6000000)]
  0x00000123f57749d0 JavaThread "Unconstrained build operations Thread 55" [_thread_blocked, id=12484, stack(0x00000011b6000000,0x00000011b6100000)]
  0x00000123f576f800 JavaThread "Unconstrained build operations Thread 56" [_thread_blocked, id=2236, stack(0x00000011b6100000,0x00000011b6200000)]
  0x00000123f576fcd0 JavaThread "Unconstrained build operations Thread 57" [_thread_blocked, id=1012, stack(0x00000011b6200000,0x00000011b6300000)]
  0x00000123f57701a0 JavaThread "Unconstrained build operations Thread 58" [_thread_blocked, id=6432, stack(0x00000011b6300000,0x00000011b6400000)]
  0x00000123f5770670 JavaThread "Unconstrained build operations Thread 59" [_thread_blocked, id=16548, stack(0x00000011b6400000,0x00000011b6500000)]
  0x00000123f99bd480 JavaThread "Unconstrained build operations Thread 60" [_thread_blocked, id=11544, stack(0x00000011b6500000,0x00000011b6600000)]
  0x00000123f99bd950 JavaThread "Unconstrained build operations Thread 61" [_thread_blocked, id=14240, stack(0x00000011b6600000,0x00000011b6700000)]
  0x00000123f99b9120 JavaThread "Unconstrained build operations Thread 62" [_thread_blocked, id=13972, stack(0x00000011b6700000,0x00000011b6800000)]
  0x00000123f99bb2d0 JavaThread "Unconstrained build operations Thread 63" [_thread_blocked, id=3140, stack(0x00000011b6800000,0x00000011b6900000)]
  0x00000123f99b7de0 JavaThread "Unconstrained build operations Thread 64" [_thread_blocked, id=5024, stack(0x00000011b6900000,0x00000011b6a00000)]
  0x00000123f99bae00 JavaThread "Unconstrained build operations Thread 65" [_thread_blocked, id=10088, stack(0x00000011b6a00000,0x00000011b6b00000)]
  0x00000123f99bec90 JavaThread "Unconstrained build operations Thread 66" [_thread_blocked, id=14464, stack(0x00000011b6b00000,0x00000011b6c00000)]
  0x00000123f99bb7a0 JavaThread "Unconstrained build operations Thread 67" [_thread_blocked, id=8400, stack(0x00000011b6c00000,0x00000011b6d00000)]
  0x00000123f99b9f90 JavaThread "Unconstrained build operations Thread 68" [_thread_blocked, id=7244, stack(0x00000011b6d00000,0x00000011b6e00000)]
  0x00000123f99bde20 JavaThread "Unconstrained build operations Thread 69" [_thread_blocked, id=7792, stack(0x00000011b6e00000,0x00000011b6f00000)]
  0x00000123f99be2f0 JavaThread "Unconstrained build operations Thread 70" [_thread_blocked, id=14152, stack(0x00000011b6f00000,0x00000011b7000000)]
  0x00000123f99b82b0 JavaThread "Unconstrained build operations Thread 71" [_thread_blocked, id=16956, stack(0x00000011b7000000,0x00000011b7100000)]
  0x00000123f99b8780 JavaThread "Unconstrained build operations Thread 72" [_thread_blocked, id=5536, stack(0x00000011b7100000,0x00000011b7200000)]
  0x00000123f99b8c50 JavaThread "Unconstrained build operations Thread 73" [_thread_blocked, id=10704, stack(0x00000011b7200000,0x00000011b7300000)]
  0x00000123f99ba460 JavaThread "Unconstrained build operations Thread 74" [_thread_blocked, id=16332, stack(0x00000011b7300000,0x00000011b7400000)]
  0x00000123f99bcae0 JavaThread "Unconstrained build operations Thread 75" [_thread_blocked, id=9740, stack(0x00000011b7400000,0x00000011b7500000)]
  0x00000123f99b95f0 JavaThread "Unconstrained build operations Thread 76" [_thread_blocked, id=16868, stack(0x00000011b7500000,0x00000011b7600000)]
  0x00000123f99bf630 JavaThread "Unconstrained build operations Thread 77" [_thread_blocked, id=6720, stack(0x00000011b7600000,0x00000011b7700000)]
  0x00000123f99b9ac0 JavaThread "Unconstrained build operations Thread 78" [_thread_blocked, id=9924, stack(0x00000011b7700000,0x00000011b7800000)]
  0x00000123f99bc140 JavaThread "Unconstrained build operations Thread 79" [_thread_blocked, id=1936, stack(0x00000011b7800000,0x00000011b7900000)]
  0x00000123f99ba930 JavaThread "Unconstrained build operations Thread 80" [_thread_blocked, id=1960, stack(0x00000011b7900000,0x00000011b7a00000)]
  0x00000123f99bbc70 JavaThread "jar transforms Thread 6" [_thread_blocked, id=16476, stack(0x00000011b7a00000,0x00000011b7b00000)]
  0x00000123f99bc610 JavaThread "jar transforms Thread 7" [_thread_blocked, id=7276, stack(0x00000011b7b00000,0x00000011b7c00000)]
  0x00000123f99bcfb0 JavaThread "jar transforms Thread 8" [_thread_blocked, id=13068, stack(0x00000011b7c00000,0x00000011b7d00000)]
  0x00000123f99bf160 JavaThread "build event listener" [_thread_blocked, id=13332, stack(0x00000011b7d00000,0x00000011b7e00000)]
  0x00000123f6867dc0 JavaThread "Memory manager" [_thread_blocked, id=3344, stack(0x00000011b7e00000,0x00000011b7f00000)]
  0x00000123f686ec70 JavaThread "pool-3-thread-1" [_thread_blocked, id=9436, stack(0x00000011b7f00000,0x00000011b8000000)]
  0x00000123f6869f70 JavaThread "build event listener" [_thread_blocked, id=13408, stack(0x00000011b8000000,0x00000011b8100000)]
  0x00000123f6868760 JavaThread "included builds" [_thread_blocked, id=17084, stack(0x00000011b8100000,0x00000011b8200000)]
  0x00000123f686f610 JavaThread "Execution worker" [_thread_blocked, id=11948, stack(0x00000011b8200000,0x00000011b8300000)]
  0x00000123f686f140 JavaThread "Execution worker Thread 2" [_thread_blocked, id=9896, stack(0x00000011b8300000,0x00000011b8400000)]
  0x00000123f686e2d0 JavaThread "Execution worker Thread 3" [_thread_blocked, id=12884, stack(0x00000011b8400000,0x00000011b8500000)]
  0x00000123f6869100 JavaThread "Execution worker Thread 4" [_thread_blocked, id=10416, stack(0x00000011b8500000,0x00000011b8600000)]
  0x00000123f686d930 JavaThread "Execution worker Thread 5" [_thread_blocked, id=16044, stack(0x00000011b8600000,0x00000011b8700000)]
  0x00000123f686a440 JavaThread "Execution worker Thread 6" [_thread_blocked, id=15756, stack(0x00000011b8700000,0x00000011b8800000)]
  0x00000123f686c120 JavaThread "Execution worker Thread 7" [_thread_blocked, id=10012, stack(0x00000011b8800000,0x00000011b8900000)]
  0x00000123f686c5f0 JavaThread "Cache worker for execution history cache (D:\PRG\ANDROID\PlanirFinansov6\.gradle\8.0\executionHistory)" [_thread_blocked, id=16684, stack(0x00000011b8900000,0x00000011b8a00000)]
  0x00000123f686e7a0 JavaThread "Cache worker for Java compile cache (D:\PRG\ANDROID\caches\8.0\javaCompile)" [_thread_blocked, id=7888, stack(0x00000011b8a00000,0x00000011b8b00000)]
  0x00000123f57dc870 JavaThread "Build operations" [_thread_blocked, id=14232, stack(0x00000011b8b00000,0x00000011b8c00000)]
  0x00000123f4774030 JavaThread "Build operations Thread 2" [_thread_blocked, id=5208, stack(0x00000011b8c00000,0x00000011b8d00000)]
  0x00000123f4772820 JavaThread "Build operations Thread 3" [_thread_blocked, id=13616, stack(0x00000011b8d00000,0x00000011b8e00000)]
  0x00000123f4775840 JavaThread "Build operations Thread 4" [_thread_blocked, id=1580, stack(0x00000011b8e00000,0x00000011b8f00000)]
  0x00000123f4775370 JavaThread "Build operations Thread 5" [_thread_blocked, id=5744, stack(0x00000011b8f00000,0x00000011b9000000)]
  0x00000123f4774500 JavaThread "Build operations Thread 6" [_thread_blocked, id=13076, stack(0x00000011b9000000,0x00000011b9100000)]
  0x00000123f4772cf0 JavaThread "Build operations Thread 7" [_thread_blocked, id=13484, stack(0x00000011b9100000,0x00000011b9200000)]
  0x00000123f47731c0 JavaThread "Build operations Thread 8" [_thread_blocked, id=7828, stack(0x00000011b9200000,0x00000011b9300000)]

Other Threads:
=>0x00000123eed29b40 VMThread "VM Thread" [stack: 0x00000011af500000,0x00000011af600000] [id=8784]
  0x00000123d2f711c0 WatcherThread [stack: 0x00000011b0100000,0x00000011b0200000] [id=3068]
  0x00000123d2f578e0 GCTaskThread "GC Thread#0" [stack: 0x00000011af000000,0x00000011af100000] [id=15916]
  0x00000123eff71ac0 GCTaskThread "GC Thread#1" [stack: 0x00000011b0300000,0x00000011b0400000] [id=5040]
  0x00000123f094d5e0 GCTaskThread "GC Thread#2" [stack: 0x00000011b0400000,0x00000011b0500000] [id=1236]
  0x00000123eff3bef0 GCTaskThread "GC Thread#3" [stack: 0x00000011b0500000,0x00000011b0600000] [id=9320]
  0x00000123eff3c1a0 GCTaskThread "GC Thread#4" [stack: 0x00000011b0600000,0x00000011b0700000] [id=1500]
  0x00000123efdb6c60 GCTaskThread "GC Thread#5" [stack: 0x00000011b0700000,0x00000011b0800000] [id=14352]
  0x00000123f1d65440 GCTaskThread "GC Thread#6" [stack: 0x00000011b1200000,0x00000011b1300000] [id=1616]
  0x00000123f1f0d080 GCTaskThread "GC Thread#7" [stack: 0x00000011b1300000,0x00000011b1400000] [id=16688]
  0x00000123d2f68730 ConcurrentGCThread "G1 Main Marker" [stack: 0x00000011af100000,0x00000011af200000] [id=13048]
  0x00000123d2f69050 ConcurrentGCThread "G1 Conc#0" [stack: 0x00000011af200000,0x00000011af300000] [id=8720]
  0x00000123f2327890 ConcurrentGCThread "G1 Conc#1" [stack: 0x00000011b1400000,0x00000011b1500000] [id=3824]
  0x00000123d2fcec60 ConcurrentGCThread "G1 Refine#0" [stack: 0x00000011af300000,0x00000011af400000] [id=4148]
  0x00000123f2bac350 ConcurrentGCThread "G1 Refine#1" [stack: 0x00000011b2300000,0x00000011b2400000] [id=4480]
  0x00000123eebadc10 ConcurrentGCThread "G1 Service" [stack: 0x00000011af400000,0x00000011af500000] [id=5736]

Threads with active compile tasks:
C2 CompilerThread0    10286 12982       4       org.gradle.cache.internal.btree.BTreePersistentIndexedCache$IndexBlock::find (140 bytes)
C1 CompilerThread0    10286 13046   !   3       org.gradle.cache.internal.btree.BTreePersistentIndexedCache::put (176 bytes)
C2 CompilerThread1    10286 12902       4       java.util.Collections$UnmodifiableCollection::contains (11 bytes)
C2 CompilerThread2    10286 13049       4       com.google.common.collect.ImmutableSortedMap$1::compare (13 bytes)

VM state: at safepoint (normal execution)

VM Mutex/Monitor currently owned by a thread:  ([mutex/lock_event])
[0x00000123d2ef8980] Threads_lock - owner thread: 0x00000123eed29b40
[0x00000123d2ef8a10] Heap_lock - owner thread: 0x00000123f22da770

Heap address: 0x0000000080000000, size: 2048 MB, Compressed Oops mode: 32-bit

CDS archive(s) not mapped
Compressed class space mapped at: 0x0000000100000000-0x0000000140000000, reserved size: 1073741824
Narrow klass base: 0x0000000000000000, Narrow klass shift: 3, Narrow klass range: 0x140000000

GC Precious Log:
 CPUs: 8 total, 8 available
 Memory: 16228M
 Large Page Support: Disabled
 NUMA Support: Disabled
 Compressed Oops: Enabled (32-bit)
 Heap Region Size: 1M
 Heap Min Capacity: 8M
 Heap Initial Capacity: 254M
 Heap Max Capacity: 2G
 Pre-touch: Disabled
 Parallel Workers: 8
 Concurrent Workers: 2
 Concurrent Refinement Workers: 8
 Periodic GC: Disabled

Heap:
 garbage-first heap   total 260096K, used 107677K [0x0000000080000000, 0x0000000100000000)
  region size 1024K, 4 young (4096K), 4 survivors (4096K)
 Metaspace       used 104889K, committed 105664K, reserved 1146880K
  class space    used 14077K, committed 14464K, reserved 1048576K

Heap Regions: E=young(eden), S=young(survivor), O=old, HS=humongous(starts), HC=humongous(continues), CS=collection set, F=free, OA=open archive, CA=closed archive, TAMS=top-at-mark-start (previous, next)
|   0|0x0000000080000000, 0x0000000080100000, 0x0000000080100000|100%|HS|  |TAMS 0x0000000080100000, 0x0000000080000000| Complete 
|   1|0x0000000080100000, 0x0000000080200000, 0x0000000080200000|100%|HC|  |TAMS 0x0000000080200000, 0x0000000080100000| Complete 
|   2|0x0000000080200000, 0x0000000080300000, 0x0000000080300000|100%|HC|  |TAMS 0x0000000080300000, 0x0000000080200000| Complete 
|   3|0x0000000080300000, 0x0000000080400000, 0x0000000080400000|100%|HC|  |TAMS 0x0000000080400000, 0x0000000080300000| Complete 
|   4|0x0000000080400000, 0x0000000080500000, 0x0000000080500000|100%| O|  |TAMS 0x0000000080500000, 0x0000000080400000| Untracked 
|   5|0x0000000080500000, 0x0000000080600000, 0x0000000080600000|100%| O|  |TAMS 0x0000000080600000, 0x0000000080500000| Untracked 
|   6|0x0000000080600000, 0x0000000080700000, 0x0000000080700000|100%| O|  |TAMS 0x0000000080700000, 0x0000000080600000| Untracked 
|   7|0x0000000080700000, 0x0000000080800000, 0x0000000080800000|100%| O|  |TAMS 0x0000000080800000, 0x0000000080700000| Untracked 
|   8|0x0000000080800000, 0x0000000080900000, 0x0000000080900000|100%| O|  |TAMS 0x0000000080900000, 0x0000000080800000| Untracked 
|   9|0x0000000080900000, 0x0000000080a00000, 0x0000000080a00000|100%| O|  |TAMS 0x0000000080a00000, 0x0000000080900000| Untracked 
|  10|0x0000000080a00000, 0x0000000080b00000, 0x0000000080b00000|100%| O|  |TAMS 0x0000000080b00000, 0x0000000080a00000| Untracked 
|  11|0x0000000080b00000, 0x0000000080c00000, 0x0000000080c00000|100%| O|  |TAMS 0x0000000080c00000, 0x0000000080b00000| Untracked 
|  12|0x0000000080c00000, 0x0000000080d00000, 0x0000000080d00000|100%| O|  |TAMS 0x0000000080d00000, 0x0000000080c00000| Untracked 
|  13|0x0000000080d00000, 0x0000000080e00000, 0x0000000080e00000|100%| O|  |TAMS 0x0000000080e00000, 0x0000000080d00000| Untracked 
|  14|0x0000000080e00000, 0x0000000080f00000, 0x0000000080f00000|100%| O|  |TAMS 0x0000000080f00000, 0x0000000080e00000| Untracked 
|  15|0x0000000080f00000, 0x0000000081000000, 0x0000000081000000|100%| O|  |TAMS 0x0000000081000000, 0x0000000080f00000| Untracked 
|  16|0x0000000081000000, 0x0000000081100000, 0x0000000081100000|100%| O|  |TAMS 0x0000000081100000, 0x0000000081000000| Untracked 
|  17|0x0000000081100000, 0x0000000081200000, 0x0000000081200000|100%| O|  |TAMS 0x0000000081200000, 0x0000000081100000| Untracked 
|  18|0x0000000081200000, 0x0000000081300000, 0x0000000081300000|100%| O|  |TAMS 0x0000000081300000, 0x0000000081200000| Untracked 
|  19|0x0000000081300000, 0x0000000081400000, 0x0000000081400000|100%| O|  |TAMS 0x0000000081400000, 0x0000000081300000| Untracked 
|  20|0x0000000081400000, 0x0000000081500000, 0x0000000081500000|100%| O|  |TAMS 0x0000000081500000, 0x0000000081400000| Untracked 
|  21|0x0000000081500000, 0x0000000081600000, 0x0000000081600000|100%| O|  |TAMS 0x0000000081600000, 0x0000000081500000| Untracked 
|  22|0x0000000081600000, 0x0000000081700000, 0x0000000081700000|100%| O|  |TAMS 0x0000000081700000, 0x0000000081600000| Untracked 
|  23|0x0000000081700000, 0x0000000081800000, 0x0000000081800000|100%| O|  |TAMS 0x0000000081700000, 0x0000000081700000| Untracked 
|  24|0x0000000081800000, 0x0000000081900000, 0x0000000081900000|100%| O|  |TAMS 0x0000000081900000, 0x0000000081800000| Untracked 
|  25|0x0000000081900000, 0x0000000081a00000, 0x0000000081a00000|100%| O|  |TAMS 0x0000000081a00000, 0x0000000081900000| Untracked 
|  26|0x0000000081a00000, 0x0000000081b00000, 0x0000000081b00000|100%| O|  |TAMS 0x0000000081b00000, 0x0000000081a00000| Untracked 
|  27|0x0000000081b00000, 0x0000000081c00000, 0x0000000081c00000|100%| O|  |TAMS 0x0000000081c00000, 0x0000000081b00000| Untracked 
|  28|0x0000000081c00000, 0x0000000081d00000, 0x0000000081d00000|100%| O|  |TAMS 0x0000000081d00000, 0x0000000081c00000| Untracked 
|  29|0x0000000081d00000, 0x0000000081e00000, 0x0000000081e00000|100%| O|  |TAMS 0x0000000081e00000, 0x0000000081d00000| Untracked 
|  30|0x0000000081e00000, 0x0000000081f00000, 0x0000000081f00000|100%| O|  |TAMS 0x0000000081f00000, 0x0000000081e00000| Untracked 
|  31|0x0000000081f00000, 0x0000000082000000, 0x0000000082000000|100%| O|  |TAMS 0x0000000082000000, 0x0000000081f00000| Untracked 
|  32|0x0000000082000000, 0x0000000082100000, 0x0000000082100000|100%| O|  |TAMS 0x0000000082100000, 0x0000000082000000| Untracked 
|  33|0x0000000082100000, 0x0000000082200000, 0x0000000082200000|100%|HS|  |TAMS 0x0000000082200000, 0x0000000082100000| Complete 
|  34|0x0000000082200000, 0x0000000082300000, 0x0000000082300000|100%|HS|  |TAMS 0x0000000082300000, 0x0000000082200000| Complete 
|  35|0x0000000082300000, 0x0000000082400000, 0x0000000082400000|100%|HS|  |TAMS 0x0000000082400000, 0x0000000082300000| Complete 
|  36|0x0000000082400000, 0x0000000082500000, 0x0000000082500000|100%| O|  |TAMS 0x0000000082500000, 0x0000000082400000| Untracked 
|  37|0x0000000082500000, 0x0000000082600000, 0x0000000082600000|100%| O|  |TAMS 0x0000000082600000, 0x0000000082500000| Untracked 
|  38|0x0000000082600000, 0x0000000082700000, 0x0000000082700000|100%| O|  |TAMS 0x0000000082700000, 0x0000000082600000| Untracked 
|  39|0x0000000082700000, 0x0000000082800000, 0x0000000082800000|100%| O|  |TAMS 0x0000000082800000, 0x0000000082700000| Untracked 
|  40|0x0000000082800000, 0x0000000082900000, 0x0000000082900000|100%| O|  |TAMS 0x0000000082900000, 0x0000000082800000| Untracked 
|  41|0x0000000082900000, 0x0000000082a00000, 0x0000000082a00000|100%| O|  |TAMS 0x0000000082a00000, 0x0000000082900000| Untracked 
|  42|0x0000000082a00000, 0x0000000082b00000, 0x0000000082b00000|100%| O|  |TAMS 0x0000000082b00000, 0x0000000082a00000| Untracked 
|  43|0x0000000082b00000, 0x0000000082c00000, 0x0000000082c00000|100%| O|  |TAMS 0x0000000082c00000, 0x0000000082b00000| Untracked 
|  44|0x0000000082c00000, 0x0000000082d00000, 0x0000000082d00000|100%| O|  |TAMS 0x0000000082d00000, 0x0000000082c00000| Untracked 
|  45|0x0000000082d00000, 0x0000000082e00000, 0x0000000082e00000|100%| O|  |TAMS 0x0000000082e00000, 0x0000000082d00000| Untracked 
|  46|0x0000000082e00000, 0x0000000082f00000, 0x0000000082f00000|100%| O|  |TAMS 0x0000000082e00000, 0x0000000082e00000| Untracked 
|  47|0x0000000082f00000, 0x0000000083000000, 0x0000000083000000|100%| O|  |TAMS 0x0000000083000000, 0x0000000082f00000| Untracked 
|  48|0x0000000083000000, 0x0000000083100000, 0x0000000083100000|100%| O|  |TAMS 0x0000000083000000, 0x0000000083000000| Untracked 
|  49|0x0000000083100000, 0x0000000083200000, 0x0000000083200000|100%| O|  |TAMS 0x0000000083100000, 0x0000000083100000| Untracked 
|  50|0x0000000083200000, 0x0000000083300000, 0x0000000083300000|100%| O|  |TAMS 0x0000000083300000, 0x0000000083200000| Untracked 
|  51|0x0000000083300000, 0x0000000083400000, 0x0000000083400000|100%| O|  |TAMS 0x0000000083400000, 0x0000000083300000| Untracked 
|  52|0x0000000083400000, 0x0000000083500000, 0x0000000083500000|100%| O|  |TAMS 0x0000000083500000, 0x0000000083400000| Untracked 
|  53|0x0000000083500000, 0x0000000083600000, 0x0000000083600000|100%| O|  |TAMS 0x0000000083600000, 0x0000000083500000| Untracked 
|  54|0x0000000083600000, 0x0000000083700000, 0x0000000083700000|100%| O|  |TAMS 0x0000000083600000, 0x0000000083600000| Untracked 
|  55|0x0000000083700000, 0x0000000083800000, 0x0000000083800000|100%| O|  |TAMS 0x0000000083800000, 0x0000000083700000| Untracked 
|  56|0x0000000083800000, 0x0000000083900000, 0x0000000083900000|100%| O|  |TAMS 0x0000000083800000, 0x0000000083800000| Untracked 
|  57|0x0000000083900000, 0x0000000083a00000, 0x0000000083a00000|100%| O|  |TAMS 0x0000000083900000, 0x0000000083900000| Untracked 
|  58|0x0000000083a00000, 0x0000000083b00000, 0x0000000083b00000|100%| O|  |TAMS 0x0000000083a00000, 0x0000000083a00000| Untracked 
|  59|0x0000000083b00000, 0x0000000083c00000, 0x0000000083c00000|100%| O|  |TAMS 0x0000000083b00000, 0x0000000083b00000| Untracked 
|  60|0x0000000083c00000, 0x0000000083d00000, 0x0000000083d00000|100%| O|  |TAMS 0x0000000083c00000, 0x0000000083c00000| Untracked 
|  61|0x0000000083d00000, 0x0000000083e00000, 0x0000000083e00000|100%| O|  |TAMS 0x0000000083d00000, 0x0000000083d00000| Untracked 
|  62|0x0000000083e00000, 0x0000000083f00000, 0x0000000083f00000|100%| O|  |TAMS 0x0000000083e00000, 0x0000000083e00000| Untracked 
|  63|0x0000000083f00000, 0x0000000084000000, 0x0000000084000000|100%| O|  |TAMS 0x0000000083f00000, 0x0000000083f00000| Untracked 
|  64|0x0000000084000000, 0x0000000084100000, 0x0000000084100000|100%| O|  |TAMS 0x0000000084000000, 0x0000000084000000| Untracked 
|  65|0x0000000084100000, 0x0000000084200000, 0x0000000084200000|100%| O|  |TAMS 0x0000000084100000, 0x0000000084100000| Untracked 
|  66|0x0000000084200000, 0x0000000084300000, 0x0000000084300000|100%| O|  |TAMS 0x0000000084200000, 0x0000000084200000| Untracked 
|  67|0x0000000084300000, 0x0000000084400000, 0x0000000084400000|100%| O|  |TAMS 0x0000000084300000, 0x0000000084300000| Untracked 
|  68|0x0000000084400000, 0x0000000084500000, 0x0000000084500000|100%| O|  |TAMS 0x0000000084400000, 0x0000000084400000| Untracked 
|  69|0x0000000084500000, 0x0000000084600000, 0x0000000084600000|100%| O|  |TAMS 0x0000000084500000, 0x0000000084500000| Untracked 
|  70|0x0000000084600000, 0x0000000084700000, 0x0000000084700000|100%| O|  |TAMS 0x0000000084600000, 0x0000000084600000| Untracked 
|  71|0x0000000084700000, 0x0000000084800000, 0x0000000084800000|100%| O|  |TAMS 0x0000000084700000, 0x0000000084700000| Untracked 
|  72|0x0000000084800000, 0x0000000084900000, 0x0000000084900000|100%| O|  |TAMS 0x0000000084800000, 0x0000000084800000| Untracked 
|  73|0x0000000084900000, 0x0000000084a00000, 0x0000000084a00000|100%| O|  |TAMS 0x0000000084900000, 0x0000000084900000| Untracked 
|  74|0x0000000084a00000, 0x0000000084b00000, 0x0000000084b00000|100%| O|  |TAMS 0x0000000084a00000, 0x0000000084a00000| Untracked 
|  75|0x0000000084b00000, 0x0000000084c00000, 0x0000000084c00000|100%| O|  |TAMS 0x0000000084b00000, 0x0000000084b00000| Untracked 
|  76|0x0000000084c00000, 0x0000000084d00000, 0x0000000084d00000|100%| O|  |TAMS 0x0000000084c00000, 0x0000000084c00000| Untracked 
|  77|0x0000000084d00000, 0x0000000084e00000, 0x0000000084e00000|100%| O|  |TAMS 0x0000000084d00000, 0x0000000084d00000| Untracked 
|  78|0x0000000084e00000, 0x0000000084f00000, 0x0000000084f00000|100%|HS|  |TAMS 0x0000000084e00000, 0x0000000084e00000| Complete 
|  79|0x0000000084f00000, 0x0000000085000000, 0x0000000085000000|100%|HC|  |TAMS 0x0000000084f00000, 0x0000000084f00000| Complete 
|  80|0x0000000085000000, 0x0000000085100000, 0x0000000085100000|100%| O|  |TAMS 0x0000000085000000, 0x0000000085000000| Untracked 
|  81|0x0000000085100000, 0x0000000085200000, 0x0000000085200000|100%| O|  |TAMS 0x0000000085100000, 0x0000000085100000| Untracked 
|  82|0x0000000085200000, 0x0000000085300000, 0x0000000085300000|100%| O|  |TAMS 0x0000000085200000, 0x0000000085200000| Untracked 
|  83|0x0000000085300000, 0x0000000085400000, 0x0000000085400000|100%| O|  |TAMS 0x0000000085300000, 0x0000000085300000| Untracked 
|  84|0x0000000085400000, 0x0000000085500000, 0x0000000085500000|100%| O|  |TAMS 0x0000000085400000, 0x0000000085400000| Untracked 
|  85|0x0000000085500000, 0x0000000085600000, 0x0000000085600000|100%| O|  |TAMS 0x0000000085500000, 0x0000000085500000| Untracked 
|  86|0x0000000085600000, 0x0000000085700000, 0x0000000085700000|100%| O|  |TAMS 0x0000000085600000, 0x0000000085600000| Untracked 
|  87|0x0000000085700000, 0x0000000085800000, 0x0000000085800000|100%| O|  |TAMS 0x0000000085700000, 0x0000000085700000| Untracked 
|  88|0x0000000085800000, 0x0000000085900000, 0x0000000085900000|100%| O|  |TAMS 0x0000000085800000, 0x0000000085800000| Untracked 
|  89|0x0000000085900000, 0x0000000085a00000, 0x0000000085a00000|100%| O|  |TAMS 0x0000000085900000, 0x0000000085900000| Untracked 
|  90|0x0000000085a00000, 0x0000000085b00000, 0x0000000085b00000|100%| O|  |TAMS 0x0000000085a00000, 0x0000000085a00000| Untracked 
|  91|0x0000000085b00000, 0x0000000085c00000, 0x0000000085c00000|100%| O|  |TAMS 0x0000000085b00000, 0x0000000085b00000| Untracked 
|  92|0x0000000085c00000, 0x0000000085d00000, 0x0000000085d00000|100%| O|  |TAMS 0x0000000085c00000, 0x0000000085c00000| Untracked 
|  93|0x0000000085d00000, 0x0000000085e00000, 0x0000000085e00000|100%| O|  |TAMS 0x0000000085d00000, 0x0000000085d00000| Untracked 
|  94|0x0000000085e00000, 0x0000000085f00000, 0x0000000085f00000|100%| O|  |TAMS 0x0000000085e00000, 0x0000000085e00000| Untracked 
|  95|0x0000000085f00000, 0x0000000086000000, 0x0000000086000000|100%| O|  |TAMS 0x0000000085f00000, 0x0000000085f00000| Untracked 
|  96|0x0000000086000000, 0x0000000086100000, 0x0000000086100000|100%| O|  |TAMS 0x0000000086000000, 0x0000000086000000| Untracked 
|  97|0x0000000086100000, 0x0000000086200000, 0x0000000086200000|100%| O|  |TAMS 0x0000000086100000, 0x0000000086100000| Untracked 
|  98|0x0000000086200000, 0x0000000086300000, 0x0000000086300000|100%| O|  |TAMS 0x0000000086200000, 0x0000000086200000| Untracked 
|  99|0x0000000086300000, 0x0000000086400000, 0x0000000086400000|100%| O|  |TAMS 0x0000000086300000, 0x0000000086300000| Untracked 
| 100|0x0000000086400000, 0x0000000086500000, 0x0000000086500000|100%| O|  |TAMS 0x0000000086400000, 0x0000000086400000| Untracked 
| 101|0x0000000086500000, 0x0000000086599a00, 0x0000000086600000| 60%| O|  |TAMS 0x0000000086500000, 0x0000000086500000| Untracked 
| 102|0x0000000086600000, 0x0000000086600000, 0x0000000086700000|  0%| F|  |TAMS 0x0000000086600000, 0x0000000086600000| Untracked 
| 103|0x0000000086700000, 0x0000000086700000, 0x0000000086800000|  0%| F|  |TAMS 0x0000000086700000, 0x0000000086700000| Untracked 
| 104|0x0000000086800000, 0x0000000086800000, 0x0000000086900000|  0%| F|  |TAMS 0x0000000086800000, 0x0000000086800000| Untracked 
| 105|0x0000000086900000, 0x0000000086900000, 0x0000000086a00000|  0%| F|  |TAMS 0x0000000086900000, 0x0000000086900000| Untracked 
| 106|0x0000000086a00000, 0x0000000086a00000, 0x0000000086b00000|  0%| F|  |TAMS 0x0000000086a00000, 0x0000000086a00000| Untracked 
| 107|0x0000000086b00000, 0x0000000086b00000, 0x0000000086c00000|  0%| F|  |TAMS 0x0000000086b00000, 0x0000000086b00000| Untracked 
| 108|0x0000000086c00000, 0x0000000086c00000, 0x0000000086d00000|  0%| F|  |TAMS 0x0000000086c00000, 0x0000000086c00000| Untracked 
| 109|0x0000000086d00000, 0x0000000086d00000, 0x0000000086e00000|  0%| F|  |TAMS 0x0000000086d00000, 0x0000000086d00000| Untracked 
| 110|0x0000000086e00000, 0x0000000086e00000, 0x0000000086f00000|  0%| F|  |TAMS 0x0000000086e00000, 0x0000000086e00000| Untracked 
| 111|0x0000000086f00000, 0x0000000086f00000, 0x0000000087000000|  0%| F|  |TAMS 0x0000000086f00000, 0x0000000086f00000| Untracked 
| 112|0x0000000087000000, 0x0000000087000000, 0x0000000087100000|  0%| F|  |TAMS 0x0000000087000000, 0x0000000087000000| Untracked 
| 113|0x0000000087100000, 0x0000000087100000, 0x0000000087200000|  0%| F|  |TAMS 0x0000000087100000, 0x0000000087100000| Untracked 
| 114|0x0000000087200000, 0x0000000087200000, 0x0000000087300000|  0%| F|  |TAMS 0x0000000087200000, 0x0000000087200000| Untracked 
| 115|0x0000000087300000, 0x0000000087300000, 0x0000000087400000|  0%| F|  |TAMS 0x0000000087300000, 0x0000000087300000| Untracked 
| 116|0x0000000087400000, 0x0000000087400000, 0x0000000087500000|  0%| F|  |TAMS 0x0000000087400000, 0x0000000087400000| Untracked 
| 117|0x0000000087500000, 0x0000000087500000, 0x0000000087600000|  0%| F|  |TAMS 0x0000000087500000, 0x0000000087500000| Untracked 
| 118|0x0000000087600000, 0x0000000087600000, 0x0000000087700000|  0%| F|  |TAMS 0x0000000087600000, 0x0000000087600000| Untracked 
| 119|0x0000000087700000, 0x0000000087700000, 0x0000000087800000|  0%| F|  |TAMS 0x0000000087700000, 0x0000000087700000| Untracked 
| 120|0x0000000087800000, 0x0000000087800000, 0x0000000087900000|  0%| F|  |TAMS 0x0000000087800000, 0x0000000087800000| Untracked 
| 121|0x0000000087900000, 0x0000000087900000, 0x0000000087a00000|  0%| F|  |TAMS 0x0000000087900000, 0x0000000087900000| Untracked 
| 122|0x0000000087a00000, 0x0000000087a00000, 0x0000000087b00000|  0%| F|  |TAMS 0x0000000087a00000, 0x0000000087a00000| Untracked 
| 123|0x0000000087b00000, 0x0000000087b00000, 0x0000000087c00000|  0%| F|  |TAMS 0x0000000087b00000, 0x0000000087b00000| Untracked 
| 124|0x0000000087c00000, 0x0000000087c00000, 0x0000000087d00000|  0%| F|  |TAMS 0x0000000087c00000, 0x0000000087c00000| Untracked 
| 125|0x0000000087d00000, 0x0000000087d00000, 0x0000000087e00000|  0%| F|  |TAMS 0x0000000087d00000, 0x0000000087d00000| Untracked 
| 126|0x0000000087e00000, 0x0000000087e00000, 0x0000000087f00000|  0%| F|  |TAMS 0x0000000087e00000, 0x0000000087e00000| Untracked 
| 127|0x0000000087f00000, 0x0000000087f00000, 0x0000000088000000|  0%| F|  |TAMS 0x0000000087f00000, 0x0000000087f00000| Untracked 
| 128|0x0000000088000000, 0x000000008808db60, 0x0000000088100000| 55%| S|CS|TAMS 0x0000000088000000, 0x0000000088000000| Complete 
| 129|0x0000000088100000, 0x0000000088100000, 0x0000000088200000|  0%| F|  |TAMS 0x0000000088100000, 0x0000000088100000| Untracked 
| 130|0x0000000088200000, 0x0000000088200000, 0x0000000088300000|  0%| F|  |TAMS 0x0000000088200000, 0x0000000088200000| Untracked 
| 131|0x0000000088300000, 0x0000000088300000, 0x0000000088400000|  0%| F|  |TAMS 0x0000000088300000, 0x0000000088300000| Untracked 
| 132|0x0000000088400000, 0x0000000088400000, 0x0000000088500000|  0%| F|  |TAMS 0x0000000088400000, 0x0000000088400000| Untracked 
| 133|0x0000000088500000, 0x0000000088500000, 0x0000000088600000|  0%| F|  |TAMS 0x0000000088500000, 0x0000000088500000| Untracked 
| 134|0x0000000088600000, 0x0000000088600000, 0x0000000088700000|  0%| F|  |TAMS 0x0000000088600000, 0x0000000088600000| Untracked 
| 135|0x0000000088700000, 0x0000000088800000, 0x0000000088800000|100%| S|CS|TAMS 0x0000000088700000, 0x0000000088700000| Complete 
| 136|0x0000000088800000, 0x0000000088900000, 0x0000000088900000|100%| S|CS|TAMS 0x0000000088800000, 0x0000000088800000| Complete 
| 137|0x0000000088900000, 0x0000000088a00000, 0x0000000088a00000|100%| S|CS|TAMS 0x0000000088900000, 0x0000000088900000| Complete 
| 138|0x0000000088a00000, 0x0000000088a00000, 0x0000000088b00000|  0%| F|  |TAMS 0x0000000088a00000, 0x0000000088a00000| Untracked 
| 139|0x0000000088b00000, 0x0000000088b00000, 0x0000000088c00000|  0%| F|  |TAMS 0x0000000088b00000, 0x0000000088b00000| Untracked 
| 140|0x0000000088c00000, 0x0000000088c00000, 0x0000000088d00000|  0%| F|  |TAMS 0x0000000088c00000, 0x0000000088c00000| Untracked 
| 141|0x0000000088d00000, 0x0000000088d00000, 0x0000000088e00000|  0%| F|  |TAMS 0x0000000088d00000, 0x0000000088d00000| Untracked 
| 142|0x0000000088e00000, 0x0000000088e00000, 0x0000000088f00000|  0%| F|  |TAMS 0x0000000088e00000, 0x0000000088e00000| Untracked 
| 143|0x0000000088f00000, 0x0000000088f00000, 0x0000000089000000|  0%| F|  |TAMS 0x0000000088f00000, 0x0000000088f00000| Untracked 
| 144|0x0000000089000000, 0x0000000089000000, 0x0000000089100000|  0%| F|  |TAMS 0x0000000089000000, 0x0000000089000000| Untracked 
| 145|0x0000000089100000, 0x0000000089100000, 0x0000000089200000|  0%| F|  |TAMS 0x0000000089100000, 0x0000000089100000| Untracked 
| 146|0x0000000089200000, 0x0000000089200000, 0x0000000089300000|  0%| F|  |TAMS 0x0000000089200000, 0x0000000089200000| Untracked 
| 147|0x0000000089300000, 0x0000000089300000, 0x0000000089400000|  0%| F|  |TAMS 0x0000000089300000, 0x0000000089300000| Untracked 
| 148|0x0000000089400000, 0x0000000089400000, 0x0000000089500000|  0%| F|  |TAMS 0x0000000089400000, 0x0000000089400000| Untracked 
| 149|0x0000000089500000, 0x0000000089500000, 0x0000000089600000|  0%| F|  |TAMS 0x0000000089500000, 0x0000000089500000| Untracked 
| 150|0x0000000089600000, 0x0000000089600000, 0x0000000089700000|  0%| F|  |TAMS 0x0000000089600000, 0x0000000089600000| Untracked 
| 151|0x0000000089700000, 0x0000000089700000, 0x0000000089800000|  0%| F|  |TAMS 0x0000000089700000, 0x0000000089700000| Untracked 
| 152|0x0000000089800000, 0x0000000089800000, 0x0000000089900000|  0%| F|  |TAMS 0x0000000089800000, 0x0000000089800000| Untracked 
| 153|0x0000000089900000, 0x0000000089900000, 0x0000000089a00000|  0%| F|  |TAMS 0x0000000089900000, 0x0000000089900000| Untracked 
| 154|0x0000000089a00000, 0x0000000089a00000, 0x0000000089b00000|  0%| F|  |TAMS 0x0000000089a00000, 0x0000000089a00000| Untracked 
| 155|0x0000000089b00000, 0x0000000089b00000, 0x0000000089c00000|  0%| F|  |TAMS 0x0000000089b00000, 0x0000000089b00000| Untracked 
| 156|0x0000000089c00000, 0x0000000089c00000, 0x0000000089d00000|  0%| F|  |TAMS 0x0000000089c00000, 0x0000000089c00000| Untracked 
| 157|0x0000000089d00000, 0x0000000089d00000, 0x0000000089e00000|  0%| F|  |TAMS 0x0000000089d00000, 0x0000000089d00000| Untracked 
| 158|0x0000000089e00000, 0x0000000089e00000, 0x0000000089f00000|  0%| F|  |TAMS 0x0000000089e00000, 0x0000000089e00000| Untracked 
| 159|0x0000000089f00000, 0x0000000089f00000, 0x000000008a000000|  0%| F|  |TAMS 0x0000000089f00000, 0x0000000089f00000| Untracked 
| 160|0x000000008a000000, 0x000000008a000000, 0x000000008a100000|  0%| F|  |TAMS 0x000000008a000000, 0x000000008a000000| Untracked 
| 161|0x000000008a100000, 0x000000008a100000, 0x000000008a200000|  0%| F|  |TAMS 0x000000008a100000, 0x000000008a100000| Untracked 
| 162|0x000000008a200000, 0x000000008a200000, 0x000000008a300000|  0%| F|  |TAMS 0x000000008a200000, 0x000000008a200000| Untracked 
| 163|0x000000008a300000, 0x000000008a300000, 0x000000008a400000|  0%| F|  |TAMS 0x000000008a300000, 0x000000008a300000| Untracked 
| 164|0x000000008a400000, 0x000000008a400000, 0x000000008a500000|  0%| F|  |TAMS 0x000000008a400000, 0x000000008a400000| Untracked 
| 165|0x000000008a500000, 0x000000008a500000, 0x000000008a600000|  0%| F|  |TAMS 0x000000008a500000, 0x000000008a500000| Untracked 
| 166|0x000000008a600000, 0x000000008a600000, 0x000000008a700000|  0%| F|  |TAMS 0x000000008a600000, 0x000000008a600000| Untracked 
| 167|0x000000008a700000, 0x000000008a700000, 0x000000008a800000|  0%| F|  |TAMS 0x000000008a700000, 0x000000008a700000| Untracked 
| 168|0x000000008a800000, 0x000000008a800000, 0x000000008a900000|  0%| F|  |TAMS 0x000000008a800000, 0x000000008a800000| Untracked 
| 169|0x000000008a900000, 0x000000008a900000, 0x000000008aa00000|  0%| F|  |TAMS 0x000000008a900000, 0x000000008a900000| Untracked 
| 170|0x000000008aa00000, 0x000000008aa00000, 0x000000008ab00000|  0%| F|  |TAMS 0x000000008aa00000, 0x000000008aa00000| Untracked 
| 171|0x000000008ab00000, 0x000000008ab00000, 0x000000008ac00000|  0%| F|  |TAMS 0x000000008ab00000, 0x000000008ab00000| Untracked 
| 172|0x000000008ac00000, 0x000000008ac00000, 0x000000008ad00000|  0%| F|  |TAMS 0x000000008ac00000, 0x000000008ac00000| Untracked 
| 173|0x000000008ad00000, 0x000000008ad00000, 0x000000008ae00000|  0%| F|  |TAMS 0x000000008ad00000, 0x000000008ad00000| Untracked 
| 174|0x000000008ae00000, 0x000000008ae00000, 0x000000008af00000|  0%| F|  |TAMS 0x000000008ae00000, 0x000000008ae00000| Untracked 
| 175|0x000000008af00000, 0x000000008af00000, 0x000000008b000000|  0%| F|  |TAMS 0x000000008af00000, 0x000000008af00000| Untracked 
| 176|0x000000008b000000, 0x000000008b000000, 0x000000008b100000|  0%| F|  |TAMS 0x000000008b000000, 0x000000008b000000| Untracked 
| 177|0x000000008b100000, 0x000000008b100000, 0x000000008b200000|  0%| F|  |TAMS 0x000000008b100000, 0x000000008b100000| Untracked 
| 178|0x000000008b200000, 0x000000008b200000, 0x000000008b300000|  0%| F|  |TAMS 0x000000008b200000, 0x000000008b200000| Untracked 
| 179|0x000000008b300000, 0x000000008b300000, 0x000000008b400000|  0%| F|  |TAMS 0x000000008b300000, 0x000000008b300000| Untracked 
| 180|0x000000008b400000, 0x000000008b400000, 0x000000008b500000|  0%| F|  |TAMS 0x000000008b400000, 0x000000008b400000| Untracked 
| 181|0x000000008b500000, 0x000000008b500000, 0x000000008b600000|  0%| F|  |TAMS 0x000000008b500000, 0x000000008b500000| Untracked 
| 182|0x000000008b600000, 0x000000008b600000, 0x000000008b700000|  0%| F|  |TAMS 0x000000008b600000, 0x000000008b600000| Untracked 
| 183|0x000000008b700000, 0x000000008b700000, 0x000000008b800000|  0%| F|  |TAMS 0x000000008b700000, 0x000000008b700000| Untracked 
| 184|0x000000008b800000, 0x000000008b800000, 0x000000008b900000|  0%| F|  |TAMS 0x000000008b800000, 0x000000008b800000| Untracked 
| 185|0x000000008b900000, 0x000000008b900000, 0x000000008ba00000|  0%| F|  |TAMS 0x000000008b900000, 0x000000008b900000| Untracked 
| 186|0x000000008ba00000, 0x000000008ba00000, 0x000000008bb00000|  0%| F|  |TAMS 0x000000008ba00000, 0x000000008ba00000| Untracked 
| 187|0x000000008bb00000, 0x000000008bb00000, 0x000000008bc00000|  0%| F|  |TAMS 0x000000008bb00000, 0x000000008bb00000| Untracked 
| 188|0x000000008bc00000, 0x000000008bc00000, 0x000000008bd00000|  0%| F|  |TAMS 0x000000008bc00000, 0x000000008bc00000| Untracked 
| 189|0x000000008bd00000, 0x000000008bd00000, 0x000000008be00000|  0%| F|  |TAMS 0x000000008bd00000, 0x000000008bd00000| Untracked 
| 190|0x000000008be00000, 0x000000008be00000, 0x000000008bf00000|  0%| F|  |TAMS 0x000000008be00000, 0x000000008be00000| Untracked 
| 191|0x000000008bf00000, 0x000000008bf00000, 0x000000008c000000|  0%| F|  |TAMS 0x000000008bf00000, 0x000000008bf00000| Untracked 
| 192|0x000000008c000000, 0x000000008c000000, 0x000000008c100000|  0%| F|  |TAMS 0x000000008c000000, 0x000000008c000000| Untracked 
| 193|0x000000008c100000, 0x000000008c100000, 0x000000008c200000|  0%| F|  |TAMS 0x000000008c100000, 0x000000008c100000| Untracked 
| 194|0x000000008c200000, 0x000000008c200000, 0x000000008c300000|  0%| F|  |TAMS 0x000000008c200000, 0x000000008c200000| Untracked 
| 195|0x000000008c300000, 0x000000008c300000, 0x000000008c400000|  0%| F|  |TAMS 0x000000008c300000, 0x000000008c300000| Untracked 
| 196|0x000000008c400000, 0x000000008c400000, 0x000000008c500000|  0%| F|  |TAMS 0x000000008c400000, 0x000000008c400000| Untracked 
| 197|0x000000008c500000, 0x000000008c500000, 0x000000008c600000|  0%| F|  |TAMS 0x000000008c500000, 0x000000008c500000| Untracked 
| 198|0x000000008c600000, 0x000000008c600000, 0x000000008c700000|  0%| F|  |TAMS 0x000000008c600000, 0x000000008c600000| Untracked 
| 199|0x000000008c700000, 0x000000008c700000, 0x000000008c800000|  0%| F|  |TAMS 0x000000008c700000, 0x000000008c700000| Untracked 
| 200|0x000000008c800000, 0x000000008c800000, 0x000000008c900000|  0%| F|  |TAMS 0x000000008c800000, 0x000000008c800000| Untracked 
| 201|0x000000008c900000, 0x000000008c900000, 0x000000008ca00000|  0%| F|  |TAMS 0x000000008c900000, 0x000000008c900000| Untracked 
| 202|0x000000008ca00000, 0x000000008ca00000, 0x000000008cb00000|  0%| F|  |TAMS 0x000000008ca00000, 0x000000008ca00000| Untracked 
| 203|0x000000008cb00000, 0x000000008cb00000, 0x000000008cc00000|  0%| F|  |TAMS 0x000000008cb00000, 0x000000008cb00000| Untracked 
| 204|0x000000008cc00000, 0x000000008cc00000, 0x000000008cd00000|  0%| F|  |TAMS 0x000000008cc00000, 0x000000008cc00000| Untracked 
| 205|0x000000008cd00000, 0x000000008cd00000, 0x000000008ce00000|  0%| F|  |TAMS 0x000000008cd00000, 0x000000008cd00000| Untracked 
| 206|0x000000008ce00000, 0x000000008ce00000, 0x000000008cf00000|  0%| F|  |TAMS 0x000000008ce00000, 0x000000008ce00000| Untracked 
| 207|0x000000008cf00000, 0x000000008cf00000, 0x000000008d000000|  0%| F|  |TAMS 0x000000008cf00000, 0x000000008cf00000| Untracked 
| 208|0x000000008d000000, 0x000000008d000000, 0x000000008d100000|  0%| F|  |TAMS 0x000000008d000000, 0x000000008d000000| Untracked 
| 209|0x000000008d100000, 0x000000008d100000, 0x000000008d200000|  0%| F|  |TAMS 0x000000008d100000, 0x000000008d100000| Untracked 
| 210|0x000000008d200000, 0x000000008d200000, 0x000000008d300000|  0%| F|  |TAMS 0x000000008d200000, 0x000000008d200000| Untracked 
| 211|0x000000008d300000, 0x000000008d300000, 0x000000008d400000|  0%| F|  |TAMS 0x000000008d300000, 0x000000008d300000| Untracked 
| 212|0x000000008d400000, 0x000000008d400000, 0x000000008d500000|  0%| F|  |TAMS 0x000000008d400000, 0x000000008d400000| Untracked 
| 213|0x000000008d500000, 0x000000008d500000, 0x000000008d600000|  0%| F|  |TAMS 0x000000008d500000, 0x000000008d500000| Untracked 
| 214|0x000000008d600000, 0x000000008d600000, 0x000000008d700000|  0%| F|  |TAMS 0x000000008d600000, 0x000000008d600000| Untracked 
| 215|0x000000008d700000, 0x000000008d700000, 0x000000008d800000|  0%| F|  |TAMS 0x000000008d700000, 0x000000008d700000| Untracked 
| 216|0x000000008d800000, 0x000000008d800000, 0x000000008d900000|  0%| F|  |TAMS 0x000000008d800000, 0x000000008d800000| Untracked 
| 217|0x000000008d900000, 0x000000008d900000, 0x000000008da00000|  0%| F|  |TAMS 0x000000008d900000, 0x000000008d900000| Untracked 
| 218|0x000000008da00000, 0x000000008da00000, 0x000000008db00000|  0%| F|  |TAMS 0x000000008da00000, 0x000000008da00000| Untracked 
| 219|0x000000008db00000, 0x000000008db00000, 0x000000008dc00000|  0%| F|  |TAMS 0x000000008db00000, 0x000000008db00000| Untracked 
| 220|0x000000008dc00000, 0x000000008dc00000, 0x000000008dd00000|  0%| F|  |TAMS 0x000000008dc00000, 0x000000008dc00000| Untracked 
| 221|0x000000008dd00000, 0x000000008dd00000, 0x000000008de00000|  0%| F|  |TAMS 0x000000008dd00000, 0x000000008dd00000| Untracked 
| 222|0x000000008de00000, 0x000000008de00000, 0x000000008df00000|  0%| F|  |TAMS 0x000000008de00000, 0x000000008de00000| Untracked 
| 223|0x000000008df00000, 0x000000008df00000, 0x000000008e000000|  0%| F|  |TAMS 0x000000008df00000, 0x000000008df00000| Untracked 
| 224|0x000000008e000000, 0x000000008e000000, 0x000000008e100000|  0%| F|  |TAMS 0x000000008e000000, 0x000000008e000000| Untracked 
| 225|0x000000008e100000, 0x000000008e100000, 0x000000008e200000|  0%| F|  |TAMS 0x000000008e100000, 0x000000008e100000| Untracked 
| 226|0x000000008e200000, 0x000000008e200000, 0x000000008e300000|  0%| F|  |TAMS 0x000000008e200000, 0x000000008e200000| Untracked 
| 227|0x000000008e300000, 0x000000008e300000, 0x000000008e400000|  0%| F|  |TAMS 0x000000008e300000, 0x000000008e300000| Untracked 
| 228|0x000000008e400000, 0x000000008e400000, 0x000000008e500000|  0%| F|  |TAMS 0x000000008e400000, 0x000000008e400000| Untracked 
| 229|0x000000008e500000, 0x000000008e500000, 0x000000008e600000|  0%| F|  |TAMS 0x000000008e500000, 0x000000008e500000| Untracked 
| 230|0x000000008e600000, 0x000000008e600000, 0x000000008e700000|  0%| F|  |TAMS 0x000000008e600000, 0x000000008e600000| Untracked 
| 231|0x000000008e700000, 0x000000008e700000, 0x000000008e800000|  0%| F|  |TAMS 0x000000008e700000, 0x000000008e700000| Untracked 
| 232|0x000000008e800000, 0x000000008e800000, 0x000000008e900000|  0%| F|  |TAMS 0x000000008e800000, 0x000000008e800000| Untracked 
| 233|0x000000008e900000, 0x000000008e900000, 0x000000008ea00000|  0%| F|  |TAMS 0x000000008e900000, 0x000000008e900000| Untracked 
| 234|0x000000008ea00000, 0x000000008ea00000, 0x000000008eb00000|  0%| F|  |TAMS 0x000000008ea00000, 0x000000008ea00000| Untracked 
| 235|0x000000008eb00000, 0x000000008eb00000, 0x000000008ec00000|  0%| F|  |TAMS 0x000000008eb00000, 0x000000008eb00000| Untracked 
| 236|0x000000008ec00000, 0x000000008ec00000, 0x000000008ed00000|  0%| F|  |TAMS 0x000000008ec00000, 0x000000008ec00000| Untracked 
| 237|0x000000008ed00000, 0x000000008ed00000, 0x000000008ee00000|  0%| F|  |TAMS 0x000000008ed00000, 0x000000008ed00000| Untracked 
| 238|0x000000008ee00000, 0x000000008ee00000, 0x000000008ef00000|  0%| F|  |TAMS 0x000000008ee00000, 0x000000008ee00000| Untracked 
| 239|0x000000008ef00000, 0x000000008ef00000, 0x000000008f000000|  0%| F|  |TAMS 0x000000008ef00000, 0x000000008ef00000| Untracked 
| 240|0x000000008f000000, 0x000000008f000000, 0x000000008f100000|  0%| F|  |TAMS 0x000000008f000000, 0x000000008f000000| Untracked 
| 241|0x000000008f100000, 0x000000008f100000, 0x000000008f200000|  0%| F|  |TAMS 0x000000008f100000, 0x000000008f100000| Untracked 
| 242|0x000000008f200000, 0x000000008f200000, 0x000000008f300000|  0%| F|  |TAMS 0x000000008f200000, 0x000000008f200000| Untracked 
| 243|0x000000008f300000, 0x000000008f300000, 0x000000008f400000|  0%| F|  |TAMS 0x000000008f300000, 0x000000008f300000| Untracked 
| 244|0x000000008f400000, 0x000000008f400000, 0x000000008f500000|  0%| F|  |TAMS 0x000000008f400000, 0x000000008f400000| Untracked 
| 245|0x000000008f500000, 0x000000008f500000, 0x000000008f600000|  0%| F|  |TAMS 0x000000008f500000, 0x000000008f500000| Untracked 
| 246|0x000000008f600000, 0x000000008f600000, 0x000000008f700000|  0%| F|  |TAMS 0x000000008f600000, 0x000000008f600000| Untracked 
| 247|0x000000008f700000, 0x000000008f700000, 0x000000008f800000|  0%| F|  |TAMS 0x000000008f700000, 0x000000008f700000| Untracked 
| 248|0x000000008f800000, 0x000000008f800000, 0x000000008f900000|  0%| F|  |TAMS 0x000000008f800000, 0x000000008f800000| Untracked 
| 249|0x000000008f900000, 0x000000008f900000, 0x000000008fa00000|  0%| F|  |TAMS 0x000000008f900000, 0x000000008f900000| Untracked 
| 250|0x000000008fa00000, 0x000000008fa00000, 0x000000008fb00000|  0%| F|  |TAMS 0x000000008fa00000, 0x000000008fa00000| Untracked 
| 251|0x000000008fb00000, 0x000000008fb00000, 0x000000008fc00000|  0%| F|  |TAMS 0x000000008fb00000, 0x000000008fb00000| Untracked 
| 252|0x000000008fc00000, 0x000000008fc00000, 0x000000008fd00000|  0%| F|  |TAMS 0x000000008fc00000, 0x000000008fc00000| Untracked 
| 253|0x000000008fd00000, 0x000000008fd00000, 0x000000008fe00000|  0%| F|  |TAMS 0x000000008fd00000, 0x000000008fd00000| Untracked 

Card table byte_map: [0x00000123e7a20000,0x00000123e7e20000] _byte_map_base: 0x00000123e7620000

Marking Bits (Prev, Next): (CMBitMap*) 0x00000123d2f57e40, (CMBitMap*) 0x00000123d2f57e00
 Prev Bits: [0x00000123ea220000, 0x00000123ec220000)
 Next Bits: [0x00000123e8220000, 0x00000123ea220000)

Polling page: 0x00000123d2fd0000

Metaspace:

Usage:
  Non-class:     88.68 MB used.
      Class:     13.75 MB used.
       Both:    102.43 MB used.

Virtual space:
  Non-class space:       96.00 MB reserved,      89.06 MB ( 93%) committed,  12 nodes.
      Class space:        1.00 GB reserved,      14.12 MB (  1%) committed,  1 nodes.
             Both:        1.09 GB reserved,     103.19 MB (  9%) committed. 

Chunk freelists:
   Non-Class:  2.67 MB
       Class:  1.92 MB
        Both:  4.58 MB

MaxMetaspaceSize: unlimited
CompressedClassSpaceSize: 1.00 GB
Initial GC threshold: 21.00 MB
Current GC threshold: 115.00 MB
CDS: off
MetaspaceReclaimPolicy: balanced
 - commit_granule_bytes: 65536.
 - commit_granule_words: 8192.
 - virtual_space_node_default_size: 1048576.
 - enlarge_chunks_in_place: 1.
 - new_chunks_are_fully_committed: 0.
 - uncommit_free_chunks: 1.
 - use_allocation_guard: 0.
 - handle_deallocations: 1.


Internal statistics:

num_allocs_failed_limit: 9.
num_arena_births: 1038.
num_arena_deaths: 0.
num_vsnodes_births: 13.
num_vsnodes_deaths: 0.
num_space_committed: 1650.
num_space_uncommitted: 0.
num_chunks_returned_to_freelist: 9.
num_chunks_taken_from_freelist: 4881.
num_chunk_merges: 6.
num_chunk_splits: 3302.
num_chunks_enlarged: 2254.
num_purges: 0.
num_inconsistent_stats: 0.

CodeHeap 'non-profiled nmethods': size=120000Kb used=6389Kb max_used=6389Kb free=113610Kb
 bounds [0x00000123df690000, 0x00000123dfcd0000, 0x00000123e6bc0000]
CodeHeap 'profiled nmethods': size=120000Kb used=22603Kb max_used=22603Kb free=97396Kb
 bounds [0x00000123d7bc0000, 0x00000123d91e0000, 0x00000123df0f0000]
CodeHeap 'non-nmethods': size=5760Kb used=2398Kb max_used=2504Kb free=3362Kb
 bounds [0x00000123df0f0000, 0x00000123df370000, 0x00000123df690000]
 total_blobs=12374 nmethods=11439 adapters=847
 compilation: enabled
              stopped_count=0, restarted_count=0
 full_count=0

Compilation events (20 events):
Event: 10.249 Thread 0x00000123ef88a9b0 13037       3       org.gradle.cache.internal.btree.FreeListBlockStore::flush (10 bytes)
Event: 10.249 Thread 0x00000123ef88a9b0 nmethod 13037 0x00000123d91ce590 code [0x00000123d91ce740, 0x00000123d91ce908]
Event: 10.249 Thread 0x00000123ef88a9b0 13039       3       org.gradle.cache.internal.btree.BTreePersistentIndexedCache$DataBlock::write (33 bytes)
Event: 10.250 Thread 0x00000123ef88a9b0 nmethod 13039 0x00000123d91cea10 code [0x00000123d91cec00, 0x00000123d91cefc8]
Event: 10.250 Thread 0x00000123ef88a9b0 13041       3       org.gradle.internal.io.StreamByteBuffer$StreamByteBufferChunk::writeTo (41 bytes)
Event: 10.250 Thread 0x00000123ef88a9b0 nmethod 13041 0x00000123d91cf210 code [0x00000123d91cf3c0, 0x00000123d91cf5e8]
Event: 10.250 Thread 0x00000123ef88a9b0 13042       3       org.gradle.cache.internal.btree.FileBackedBlockStore::flush (1 bytes)
Event: 10.250 Thread 0x00000123ef88a9b0 nmethod 13042 0x00000123d91cf710 code [0x00000123d91cf8a0, 0x00000123d91cf9b8]
Event: 10.250 Thread 0x00000123ef88a9b0 13047       3       org.gradle.internal.snapshot.impl.ImplementationSnapshotSerializer$Impl$1::readAdditionalData (24 bytes)
Event: 10.250 Thread 0x00000123ef88a9b0 nmethod 13047 0x00000123d91cfa90 code [0x00000123d91cfc60, 0x00000123d91d0148]
Event: 10.250 Thread 0x00000123ef88a9b0 13044       3       org.gradle.cache.internal.btree.BTreePersistentIndexedCache$DataBlockUpdateResult::isFailed (13 bytes)
Event: 10.251 Thread 0x00000123ef88a9b0 nmethod 13044 0x00000123d91d0310 code [0x00000123d91d04a0, 0x00000123d91d0618]
Event: 10.251 Thread 0x00000123ef88a9b0 13048       3       org.gradle.internal.execution.steps.SkipEmptyWorkStep$1::visitInputFileProperty (20 bytes)
Event: 10.251 Thread 0x00000123ef88a9b0 nmethod 13048 0x00000123d91d0690 code [0x00000123d91d0840, 0x00000123d91d0a68]
Event: 10.251 Thread 0x00000123ef88a9b0 13046   !   3       org.gradle.cache.internal.btree.BTreePersistentIndexedCache::put (176 bytes)
Event: 10.251 Thread 0x00000123f40f7060 nmethod 12953 0x00000123dfccbc90 code [0x00000123dfccbe60, 0x00000123dfcccb28]
Event: 10.252 Thread 0x00000123f40f7060 13049       4       com.google.common.collect.ImmutableSortedMap$1::compare (13 bytes)
Event: 10.252 Thread 0x00000123efbfe8f0 nmethod 12862 0x00000123dfcccf90 code [0x00000123dfccd120, 0x00000123dfccd558]
Event: 10.253 Thread 0x00000123efbfe8f0 12902       4       java.util.Collections$UnmodifiableCollection::contains (11 bytes)
Event: 10.253 Thread 0x00000123ef88a9b0 nmethod 13046 0x00000123d91d0b90 code [0x00000123d91d1020, 0x00000123d91d36c8]

GC Heap History (20 events):
Event: 5.211 GC heap after
{Heap after GC invocations=21 (full 0):
 garbage-first heap   total 104448K, used 57466K [0x0000000080000000, 0x0000000100000000)
  region size 1024K, 3 young (3072K), 3 survivors (3072K)
 Metaspace       used 67037K, committed 67648K, reserved 1114112K
  class space    used 8888K, committed 9152K, reserved 1048576K
}
Event: 5.227 GC heap before
{Heap before GC invocations=21 (full 0):
 garbage-first heap   total 104448K, used 59514K [0x0000000080000000, 0x0000000100000000)
  region size 1024K, 5 young (5120K), 3 survivors (3072K)
 Metaspace       used 67187K, committed 67712K, reserved 1114112K
  class space    used 8904K, committed 9152K, reserved 1048576K
}
Event: 5.229 GC heap after
{Heap after GC invocations=22 (full 0):
 garbage-first heap   total 104448K, used 57304K [0x0000000080000000, 0x0000000100000000)
  region size 1024K, 1 young (1024K), 1 survivors (1024K)
 Metaspace       used 67187K, committed 67712K, reserved 1114112K
  class space    used 8904K, committed 9152K, reserved 1048576K
}
Event: 5.442 GC heap before
{Heap before GC invocations=22 (full 0):
 garbage-first heap   total 104448K, used 79832K [0x0000000080000000, 0x0000000100000000)
  region size 1024K, 23 young (23552K), 1 survivors (1024K)
 Metaspace       used 69695K, committed 70272K, reserved 1114112K
  class space    used 9256K, committed 9536K, reserved 1048576K
}
Event: 5.445 GC heap after
{Heap after GC invocations=23 (full 0):
 garbage-first heap   total 229376K, used 58245K [0x0000000080000000, 0x0000000100000000)
  region size 1024K, 2 young (2048K), 2 survivors (2048K)
 Metaspace       used 69695K, committed 70272K, reserved 1114112K
  class space    used 9256K, committed 9536K, reserved 1048576K
}
Event: 6.615 GC heap before
{Heap before GC invocations=24 (full 0):
 garbage-first heap   total 194560K, used 163717K [0x0000000080000000, 0x0000000100000000)
  region size 1024K, 108 young (110592K), 2 survivors (2048K)
 Metaspace       used 81918K, committed 82496K, reserved 1122304K
  class space    used 11116K, committed 11392K, reserved 1048576K
}
Event: 6.622 GC heap after
{Heap after GC invocations=25 (full 0):
 garbage-first heap   total 194560K, used 60779K [0x0000000080000000, 0x0000000100000000)
  region size 1024K, 8 young (8192K), 8 survivors (8192K)
 Metaspace       used 81918K, committed 82496K, reserved 1122304K
  class space    used 11116K, committed 11392K, reserved 1048576K
}
Event: 6.633 GC heap before
{Heap before GC invocations=25 (full 0):
 garbage-first heap   total 194560K, used 61803K [0x0000000080000000, 0x0000000100000000)
  region size 1024K, 9 young (9216K), 8 survivors (8192K)
 Metaspace       used 82006K, committed 82688K, reserved 1122304K
  class space    used 11127K, committed 11456K, reserved 1048576K
}
Event: 6.638 GC heap after
{Heap after GC invocations=26 (full 0):
 garbage-first heap   total 194560K, used 61425K [0x0000000080000000, 0x0000000100000000)
  region size 1024K, 2 young (2048K), 2 survivors (2048K)
 Metaspace       used 82006K, committed 82688K, reserved 1122304K
  class space    used 11127K, committed 11456K, reserved 1048576K
}
Event: 7.504 GC heap before
{Heap before GC invocations=26 (full 0):
 garbage-first heap   total 194560K, used 148465K [0x0000000080000000, 0x0000000100000000)
  region size 1024K, 87 young (89088K), 2 survivors (2048K)
 Metaspace       used 89334K, committed 90048K, reserved 1130496K
  class space    used 12169K, committed 12480K, reserved 1048576K
}
Event: 7.511 GC heap after
{Heap after GC invocations=27 (full 0):
 garbage-first heap   total 194560K, used 68999K [0x0000000080000000, 0x0000000100000000)
  region size 1024K, 9 young (9216K), 9 survivors (9216K)
 Metaspace       used 89334K, committed 90048K, reserved 1130496K
  class space    used 12169K, committed 12480K, reserved 1048576K
}
Event: 8.071 GC heap before
{Heap before GC invocations=27 (full 0):
 garbage-first heap   total 194560K, used 151943K [0x0000000080000000, 0x0000000100000000)
  region size 1024K, 90 young (92160K), 9 survivors (9216K)
 Metaspace       used 93019K, committed 93696K, reserved 1130496K
  class space    used 12674K, committed 12992K, reserved 1048576K
}
Event: 8.084 GC heap after
{Heap after GC invocations=28 (full 0):
 garbage-first heap   total 194560K, used 79638K [0x0000000080000000, 0x0000000100000000)
  region size 1024K, 11 young (11264K), 11 survivors (11264K)
 Metaspace       used 93019K, committed 93696K, reserved 1130496K
  class space    used 12674K, committed 12992K, reserved 1048576K
}
Event: 8.539 GC heap before
{Heap before GC invocations=28 (full 0):
 garbage-first heap   total 194560K, used 150294K [0x0000000080000000, 0x0000000100000000)
  region size 1024K, 81 young (82944K), 11 survivors (11264K)
 Metaspace       used 93975K, committed 94656K, reserved 1138688K
  class space    used 12766K, committed 13056K, reserved 1048576K
}
Event: 8.547 GC heap after
{Heap after GC invocations=29 (full 0):
 garbage-first heap   total 194560K, used 85319K [0x0000000080000000, 0x0000000100000000)
  region size 1024K, 6 young (6144K), 6 survivors (6144K)
 Metaspace       used 93975K, committed 94656K, reserved 1138688K
  class space    used 12766K, committed 13056K, reserved 1048576K
}
Event: 9.343 GC heap before
{Heap before GC invocations=29 (full 0):
 garbage-first heap   total 194560K, used 155975K [0x0000000080000000, 0x0000000100000000)
  region size 1024K, 74 young (75776K), 6 survivors (6144K)
 Metaspace       used 102024K, committed 102720K, reserved 1138688K
  class space    used 13796K, committed 14144K, reserved 1048576K
}
Event: 9.352 GC heap after
{Heap after GC invocations=30 (full 0):
 garbage-first heap   total 194560K, used 98206K [0x0000000080000000, 0x0000000100000000)
  region size 1024K, 10 young (10240K), 10 survivors (10240K)
 Metaspace       used 102024K, committed 102720K, reserved 1138688K
  class space    used 13796K, committed 14144K, reserved 1048576K
}
Event: 9.909 GC heap before
{Heap before GC invocations=30 (full 0):
 garbage-first heap   total 194560K, used 154526K [0x0000000080000000, 0x0000000100000000)
  region size 1024K, 65 young (66560K), 10 survivors (10240K)
 Metaspace       used 104186K, committed 104896K, reserved 1146880K
  class space    used 14013K, committed 14336K, reserved 1048576K
}
Event: 9.918 GC heap after
{Heap after GC invocations=31 (full 0):
 garbage-first heap   total 194560K, used 104046K [0x0000000080000000, 0x0000000100000000)
  region size 1024K, 6 young (6144K), 6 survivors (6144K)
 Metaspace       used 104186K, committed 104896K, reserved 1146880K
  class space    used 14013K, committed 14336K, reserved 1048576K
}
Event: 10.254 GC heap before
{Heap before GC invocations=31 (full 0):
 garbage-first heap   total 194560K, used 156270K [0x0000000080000000, 0x0000000100000000)
  region size 1024K, 58 young (59392K), 6 survivors (6144K)
 Metaspace       used 104889K, committed 105664K, reserved 1146880K
  class space    used 14077K, committed 14464K, reserved 1048576K
}

Dll operation events (2 events):
Event: 0.005 Loaded shared library C:\Program Files\Android\Android Studio\jbr\bin\java.dll
Event: 0.218 Loaded shared library C:\Program Files\Android\Android Studio\jbr\bin\verify.dll

Deoptimization events (20 events):
Event: 10.142 Thread 0x00000123f6868760 Uncommon trap: trap_request=0xffffff45 fr.pc=0x00000123df98e7d4 relative=0x00000000000008b4
Event: 10.142 Thread 0x00000123f6868760 Uncommon trap: reason=unstable_if action=reinterpret pc=0x00000123df98e7d4 method=org.gradle.internal.snapshot.PathUtil.compareDifferentCharsIgnoringCase(CC)I @ 12 c2
Event: 10.142 Thread 0x00000123f6868760 DEOPT PACKING pc=0x00000123df98e7d4 sp=0x00000011b81f95f0
Event: 10.142 Thread 0x00000123f6868760 DEOPT UNPACKING pc=0x00000123df1469a3 sp=0x00000011b81f93a8 mode 2
Event: 10.142 Thread 0x00000123f6868760 Uncommon trap: trap_request=0xffffff45 fr.pc=0x00000123df98d0f0 relative=0x0000000000000850
Event: 10.142 Thread 0x00000123f6868760 Uncommon trap: reason=unstable_if action=reinterpret pc=0x00000123df98d0f0 method=org.gradle.internal.snapshot.PathUtil.compareDifferentCharsIgnoringCase(CC)I @ 12 c2
Event: 10.142 Thread 0x00000123f6868760 DEOPT PACKING pc=0x00000123df98d0f0 sp=0x00000011b81fb510
Event: 10.142 Thread 0x00000123f6868760 DEOPT UNPACKING pc=0x00000123df1469a3 sp=0x00000011b81fb3b0 mode 2
Event: 10.142 Thread 0x00000123f6868760 Uncommon trap: trap_request=0xffffffc6 fr.pc=0x00000123df7d3928 relative=0x0000000000000108
Event: 10.142 Thread 0x00000123f6868760 Uncommon trap: reason=bimorphic_or_optimized_type_check action=maybe_recompile pc=0x00000123df7d3928 method=com.google.common.collect.RegularImmutableMap.checkNoConflictInKeyBucket(Ljava/lang/Object;Ljava/lang/Object;Lcom/google/common/collect/ImmutableMa
Event: 10.142 Thread 0x00000123f6868760 DEOPT PACKING pc=0x00000123df7d3928 sp=0x00000011b81fc1a0
Event: 10.142 Thread 0x00000123f6868760 DEOPT UNPACKING pc=0x00000123df1469a3 sp=0x00000011b81fc138 mode 2
Event: 10.154 Thread 0x00000123f6869100 Uncommon trap: trap_request=0xffffff45 fr.pc=0x00000123dfbfe160 relative=0x0000000000000900
Event: 10.154 Thread 0x00000123f6869100 Uncommon trap: reason=unstable_if action=reinterpret pc=0x00000123dfbfe160 method=org.gradle.internal.snapshot.VfsRelativePath.lengthOfCommonPrefix(Ljava/lang/String;Lorg/gradle/internal/snapshot/CaseSensitivity;)I @ 165 c2
Event: 10.154 Thread 0x00000123f6869100 DEOPT PACKING pc=0x00000123dfbfe160 sp=0x00000011b85fac80
Event: 10.155 Thread 0x00000123f6869100 DEOPT UNPACKING pc=0x00000123df1469a3 sp=0x00000011b85fac10 mode 2
Event: 10.245 Thread 0x00000123f6869100 Uncommon trap: trap_request=0xffffffd6 fr.pc=0x00000123df86f0c4 relative=0x0000000000000984
Event: 10.245 Thread 0x00000123f6869100 Uncommon trap: reason=array_check action=maybe_recompile pc=0x00000123df86f0c4 method=java.util.TimSort.binarySort([Ljava/lang/Object;IIILjava/util/Comparator;)V @ 183 c2
Event: 10.245 Thread 0x00000123f6869100 DEOPT PACKING pc=0x00000123df86f0c4 sp=0x00000011b85fa850
Event: 10.245 Thread 0x00000123f6869100 DEOPT UNPACKING pc=0x00000123df1469a3 sp=0x00000011b85fa7f8 mode 2

Classes unloaded (0 events):
No events

Classes redefined (0 events):
No events

Internal exceptions (20 events):
Event: 9.756 Thread 0x00000123f6868760 Exception <a 'sun/nio/fs/WindowsException'{0x0000000089715900}> (0x0000000089715900) 
thrown [s\src\hotspot\share\prims\jni.cpp, line 517]
Event: 9.775 Thread 0x00000123f6868760 Exception <a 'sun/nio/fs/WindowsException'{0x0000000089521aa0}> (0x0000000089521aa0) 
thrown [s\src\hotspot\share\prims\jni.cpp, line 517]
Event: 9.775 Thread 0x00000123f6868760 Exception <a 'sun/nio/fs/WindowsException'{0x0000000089521de0}> (0x0000000089521de0) 
thrown [s\src\hotspot\share\prims\jni.cpp, line 517]
Event: 9.855 Thread 0x00000123f6868760 Exception <a 'sun/nio/fs/WindowsException'{0x0000000088c814e8}> (0x0000000088c814e8) 
thrown [s\src\hotspot\share\prims\jni.cpp, line 517]
Event: 9.930 Thread 0x00000123f6868760 Exception <a 'sun/nio/fs/WindowsException'{0x000000008de7b5d8}> (0x000000008de7b5d8) 
thrown [s\src\hotspot\share\prims\jni.cpp, line 517]
Event: 10.023 Thread 0x00000123f6868760 Exception <a 'sun/nio/fs/WindowsException'{0x000000008ae026c0}> (0x000000008ae026c0) 
thrown [s\src\hotspot\share\prims\jni.cpp, line 517]
Event: 10.050 Thread 0x00000123f6868760 Exception <a 'sun/nio/fs/WindowsException'{0x000000008ae935b8}> (0x000000008ae935b8) 
thrown [s\src\hotspot\share\prims\jni.cpp, line 517]
Event: 10.051 Thread 0x00000123f6868760 Exception <a 'sun/nio/fs/WindowsException'{0x000000008ae954d0}> (0x000000008ae954d0) 
thrown [s\src\hotspot\share\prims\jni.cpp, line 517]
Event: 10.051 Thread 0x00000123f6868760 Exception <a 'sun/nio/fs/WindowsException'{0x000000008ae973a0}> (0x000000008ae973a0) 
thrown [s\src\hotspot\share\prims\jni.cpp, line 517]
Event: 10.052 Thread 0x00000123f6868760 Exception <a 'sun/nio/fs/WindowsException'{0x000000008ae992a0}> (0x000000008ae992a0) 
thrown [s\src\hotspot\share\prims\jni.cpp, line 517]
Event: 10.052 Thread 0x00000123f6868760 Exception <a 'sun/nio/fs/WindowsException'{0x000000008ae9b1d8}> (0x000000008ae9b1d8) 
thrown [s\src\hotspot\share\prims\jni.cpp, line 517]
Event: 10.053 Thread 0x00000123f6868760 Exception <a 'sun/nio/fs/WindowsException'{0x000000008ae9d118}> (0x000000008ae9d118) 
thrown [s\src\hotspot\share\prims\jni.cpp, line 517]
Event: 10.053 Thread 0x00000123f6868760 Exception <a 'sun/nio/fs/WindowsException'{0x000000008ae9eff0}> (0x000000008ae9eff0) 
thrown [s\src\hotspot\share\prims\jni.cpp, line 517]
Event: 10.070 Thread 0x00000123f6868760 Implicit null exception at 0x00000123df724251 to 0x00000123df724fbc
Event: 10.070 Thread 0x00000123f6868760 Implicit null exception at 0x00000123df6bd295 to 0x00000123df6bdb1c
Event: 10.070 Thread 0x00000123f6868760 Implicit null exception at 0x00000123df7b4e80 to 0x00000123df7b5118
Event: 10.113 Thread 0x00000123f22d9900 Exception <a 'java/lang/NoSuchMethodError'{0x000000008a91feb8}: static Lorg/gradle/internal/build/event/types/DefaultJavaCompileTaskSuccessResult;.<clinit>()V> (0x000000008a91feb8) 
thrown [s\src\hotspot\share\prims\jni.cpp, line 1108]
Event: 10.115 Thread 0x00000123f22d9900 Exception <a 'java/lang/NoSuchMethodError'{0x000000008a9c61e0}: static [Ljava/lang/Object;.<clinit>()V> (0x000000008a9c61e0) 
thrown [s\src\hotspot\share\prims\jni.cpp, line 1108]
Event: 10.118 Thread 0x00000123f6868760 Exception <a 'sun/nio/fs/WindowsException'{0x000000008a93f138}> (0x000000008a93f138) 
thrown [s\src\hotspot\share\prims\jni.cpp, line 517]
Event: 10.147 Thread 0x00000123f6868760 Exception <a 'sun/nio/fs/WindowsException'{0x000000008a24f6c8}> (0x000000008a24f6c8) 
thrown [s\src\hotspot\share\prims\jni.cpp, line 517]

VM Operations (20 events):
Event: 9.785 Executing VM operation: HandshakeAllThreads done
Event: 9.882 Executing VM operation: ICBufferFull
Event: 9.882 Executing VM operation: ICBufferFull done
Event: 9.908 Executing VM operation: G1CollectForAllocation
Event: 9.918 Executing VM operation: G1CollectForAllocation done
Event: 10.069 Executing VM operation: HandshakeAllThreads
Event: 10.069 Executing VM operation: HandshakeAllThreads done
Event: 10.105 Executing VM operation: HandshakeAllThreads
Event: 10.105 Executing VM operation: HandshakeAllThreads done
Event: 10.105 Executing VM operation: HandshakeAllThreads
Event: 10.105 Executing VM operation: HandshakeAllThreads done
Event: 10.106 Executing VM operation: HandshakeAllThreads
Event: 10.107 Executing VM operation: HandshakeAllThreads done
Event: 10.107 Executing VM operation: ICBufferFull
Event: 10.107 Executing VM operation: ICBufferFull done
Event: 10.110 Executing VM operation: HandshakeAllThreads
Event: 10.110 Executing VM operation: HandshakeAllThreads done
Event: 10.156 Executing VM operation: ICBufferFull
Event: 10.156 Executing VM operation: ICBufferFull done
Event: 10.253 Executing VM operation: G1CollectForAllocation

Events (20 events):
Event: 9.285 loading class jdk/internal/access/JavaUtilCollectionAccess done
Event: 9.285 loading class java/util/ImmutableCollections$Access$1 done
Event: 9.636 loading class java/text/BreakIterator
Event: 9.636 loading class java/text/BreakIterator done
Event: 9.666 loading class java/util/function/ToIntBiFunction
Event: 9.666 loading class java/util/function/ToIntBiFunction done
Event: 10.026 loading class java/util/EnumMap$Values
Event: 10.026 loading class java/util/EnumMap$Values done
Event: 10.026 loading class java/util/EnumMap$ValueIterator
Event: 10.026 loading class java/util/EnumMap$ValueIterator done
Event: 10.048 loading class java/util/PriorityQueue
Event: 10.048 loading class java/util/PriorityQueue done
Event: 10.113 Thread 0x00000123ef894ee0 flushing nmethod 0x00000123d7f07c10
Event: 10.114 Thread 0x00000123ef894ee0 flushing nmethod 0x00000123d8071c10
Event: 10.117 Thread 0x00000123ef894ee0 flushing nmethod 0x00000123d8458690
Event: 10.117 Thread 0x00000123ef894ee0 flushing nmethod 0x00000123d847ed10
Event: 10.117 Thread 0x00000123ef894ee0 flushing nmethod 0x00000123d847f090
Event: 10.118 Thread 0x00000123ef894ee0 flushing nmethod 0x00000123d8550890
Event: 10.118 Thread 0x00000123ef894ee0 flushing nmethod 0x00000123d8552b90
Event: 10.118 Thread 0x00000123ef894ee0 flushing nmethod 0x00000123d8566c10


Dynamic libraries:
0x00007ff730180000 - 0x00007ff73018a000 	C:\Program Files\Android\Android Studio\jbr\bin\java.exe
0x00007ffa54810000 - 0x00007ffa54a08000 	C:\WINDOWS\SYSTEM32\ntdll.dll
0x00007ffa54470000 - 0x00007ffa5452f000 	C:\WINDOWS\System32\KERNEL32.DLL
0x00007ffa52260000 - 0x00007ffa52556000 	C:\WINDOWS\System32\KERNELBASE.dll
0x00007ffa51f70000 - 0x00007ffa52070000 	C:\WINDOWS\System32\ucrtbase.dll
0x00007ffa27740000 - 0x00007ffa27757000 	C:\Program Files\Android\Android Studio\jbr\bin\jli.dll
0x00007ffa484e0000 - 0x00007ffa484fb000 	C:\Program Files\Android\Android Studio\jbr\bin\VCRUNTIME140.dll
0x00007ffa53a70000 - 0x00007ffa53c0d000 	C:\WINDOWS\System32\USER32.dll
0x00007ffa3c970000 - 0x00007ffa3cc0a000 	C:\WINDOWS\WinSxS\amd64_microsoft.windows.common-controls_6595b64144ccf1df_6.0.19041.1110_none_60b5254171f9507e\COMCTL32.dll
0x00007ffa51ec0000 - 0x00007ffa51ee2000 	C:\WINDOWS\System32\win32u.dll
0x00007ffa53e90000 - 0x00007ffa53ebc000 	C:\WINDOWS\System32\GDI32.dll
0x00007ffa52900000 - 0x00007ffa5299e000 	C:\WINDOWS\System32\msvcrt.dll
0x00007ffa52680000 - 0x00007ffa52795000 	C:\WINDOWS\System32\gdi32full.dll
0x00007ffa527a0000 - 0x00007ffa5283d000 	C:\WINDOWS\System32\msvcp_win.dll
0x00007ffa53c90000 - 0x00007ffa53cc0000 	C:\WINDOWS\System32\IMM32.DLL
0x00007ffa49910000 - 0x00007ffa4991c000 	C:\Program Files\Android\Android Studio\jbr\bin\vcruntime140_1.dll
0x00007ffa0e1a0000 - 0x00007ffa0e22d000 	C:\Program Files\Android\Android Studio\jbr\bin\msvcp140.dll
0x00007ff9d2530000 - 0x00007ff9d319e000 	C:\Program Files\Android\Android Studio\jbr\bin\server\jvm.dll
0x00007ffa539c0000 - 0x00007ffa53a6f000 	C:\WINDOWS\System32\ADVAPI32.dll
0x00007ffa53cd0000 - 0x00007ffa53d6c000 	C:\WINDOWS\System32\sechost.dll
0x00007ffa54530000 - 0x00007ffa54656000 	C:\WINDOWS\System32\RPCRT4.dll
0x00007ffa49900000 - 0x00007ffa49909000 	C:\WINDOWS\SYSTEM32\WSOCK32.dll
0x00007ffa3b580000 - 0x00007ffa3b5a7000 	C:\WINDOWS\SYSTEM32\WINMM.dll
0x00007ffa467a0000 - 0x00007ffa467aa000 	C:\WINDOWS\SYSTEM32\VERSION.dll
0x00007ffa53520000 - 0x00007ffa5358b000 	C:\WINDOWS\System32\WS2_32.dll
0x00007ffa4fb20000 - 0x00007ffa4fb32000 	C:\WINDOWS\SYSTEM32\kernel.appcore.dll
0x00007ffa498f0000 - 0x00007ffa498fa000 	C:\Program Files\Android\Android Studio\jbr\bin\jimage.dll
0x00007ffa4f5e0000 - 0x00007ffa4f7c4000 	C:\WINDOWS\SYSTEM32\DBGHELP.DLL
0x00007ffa3c8b0000 - 0x00007ffa3c8e4000 	C:\WINDOWS\SYSTEM32\dbgcore.DLL
0x00007ffa521d0000 - 0x00007ffa52252000 	C:\WINDOWS\System32\bcryptPrimitives.dll
0x00007ffa24980000 - 0x00007ffa249a5000 	C:\Program Files\Android\Android Studio\jbr\bin\java.dll
0x00007ffa48350000 - 0x00007ffa48368000 	C:\Program Files\Android\Android Studio\jbr\bin\zip.dll
0x00007ffa52d70000 - 0x00007ffa534b4000 	C:\WINDOWS\System32\SHELL32.dll
0x00007ffa50c50000 - 0x00007ffa513e3000 	C:\WINDOWS\SYSTEM32\windows.storage.dll
0x00007ffa53590000 - 0x00007ffa538e4000 	C:\WINDOWS\System32\combase.dll
0x00007ffa51910000 - 0x00007ffa5193e000 	C:\WINDOWS\SYSTEM32\Wldp.dll
0x00007ffa52840000 - 0x00007ffa528ed000 	C:\WINDOWS\System32\SHCORE.dll
0x00007ffa52c30000 - 0x00007ffa52c85000 	C:\WINDOWS\System32\shlwapi.dll
0x00007ffa51e00000 - 0x00007ffa51e1f000 	C:\WINDOWS\SYSTEM32\profapi.dll
0x00007ffa3b8a0000 - 0x00007ffa3b8b9000 	C:\Program Files\Android\Android Studio\jbr\bin\net.dll
0x00007ffa48780000 - 0x00007ffa4888a000 	C:\WINDOWS\SYSTEM32\WINHTTP.dll
0x00007ffa50b80000 - 0x00007ffa50bea000 	C:\WINDOWS\system32\mswsock.dll
0x00007ffa3a6a0000 - 0x00007ffa3a6b6000 	C:\Program Files\Android\Android Studio\jbr\bin\nio.dll
0x00007ffa48380000 - 0x00007ffa48390000 	C:\Program Files\Android\Android Studio\jbr\bin\verify.dll
0x00007ffa07340000 - 0x00007ffa07367000 	D:\PRG\ANDROID\native\68d5fa5c4cc2d200863cafc0d521ce42e7d3e7ee720ec0a83991735586a16f82\windows-amd64\native-platform.dll
0x00007ffa0e050000 - 0x00007ffa0e194000 	D:\PRG\ANDROID\native\e376f236ea51e6404a007f0833ffe2c6e607c4080706a723a18a27aeea778392\windows-amd64\native-platform-file-events.dll
0x00007ffa442c0000 - 0x00007ffa442c9000 	C:\Program Files\Android\Android Studio\jbr\bin\management.dll
0x00007ffa441b0000 - 0x00007ffa441bb000 	C:\Program Files\Android\Android Studio\jbr\bin\management_ext.dll
0x00007ffa528f0000 - 0x00007ffa528f8000 	C:\WINDOWS\System32\PSAPI.DLL
0x00007ffa51860000 - 0x00007ffa51878000 	C:\WINDOWS\SYSTEM32\CRYPTSP.dll
0x000000005e730000 - 0x000000005e741000 	C:\Program Files\Common Files\Crypto Pro\AppCompat\cpadvai.dll
0x000000005e750000 - 0x000000005e757000 	C:\Program Files\Common Files\Crypto Pro\AppCompat\detoured.dll
0x00007ffa50430000 - 0x00007ffa50464000 	C:\WINDOWS\system32\rsaenh.dll
0x00007ffa51ef0000 - 0x00007ffa51f17000 	C:\WINDOWS\System32\bcrypt.dll
0x00007ffa51dc0000 - 0x00007ffa51dee000 	C:\WINDOWS\SYSTEM32\USERENV.dll
0x00007ffa51880000 - 0x00007ffa5188c000 	C:\WINDOWS\SYSTEM32\CRYPTBASE.dll
0x00007ffa50820000 - 0x00007ffa5085c000 	C:\WINDOWS\SYSTEM32\IPHLPAPI.DLL
0x00007ffa53cc0000 - 0x00007ffa53cc8000 	C:\WINDOWS\System32\NSI.dll
0x00007ffa48520000 - 0x00007ffa48537000 	C:\WINDOWS\SYSTEM32\dhcpcsvc6.DLL
0x00007ffa48500000 - 0x00007ffa4851d000 	C:\WINDOWS\SYSTEM32\dhcpcsvc.DLL
0x00007ffa50860000 - 0x00007ffa5092a000 	C:\WINDOWS\SYSTEM32\DNSAPI.dll
0x00007ffa3c880000 - 0x00007ffa3c887000 	C:\WINDOWS\system32\wshunix.dll

dbghelp: loaded successfully - version: 4.0.5 - missing functions: none
symbol engine: initialized successfully - sym options: 0x614 - pdb path: .;C:\Program Files\Android\Android Studio\jbr\bin;C:\WINDOWS\SYSTEM32;C:\WINDOWS\WinSxS\amd64_microsoft.windows.common-controls_6595b64144ccf1df_6.0.19041.1110_none_60b5254171f9507e;C:\Program Files\Android\Android Studio\jbr\bin\server;D:\PRG\ANDROID\native\68d5fa5c4cc2d200863cafc0d521ce42e7d3e7ee720ec0a83991735586a16f82\windows-amd64;D:\PRG\ANDROID\native\e376f236ea51e6404a007f0833ffe2c6e607c4080706a723a18a27aeea778392\windows-amd64;C:\Program Files\Common Files\Crypto Pro\AppCompat

VM Arguments:
jvm_args: --add-opens=java.base/java.util=ALL-UNNAMED --add-opens=java.base/java.lang=ALL-UNNAMED --add-opens=java.base/java.lang.invoke=ALL-UNNAMED --add-opens=java.prefs/java.util.prefs=ALL-UNNAMED --add-opens=java.base/java.nio.charset=ALL-UNNAMED --add-opens=java.base/java.net=ALL-UNNAMED --add-opens=java.base/java.util.concurrent.atomic=ALL-UNNAMED -Xmx2048m -Dfile.encoding=UTF-8 -Duser.country=RU -Duser.language=ru -Duser.variant 
java_command: org.gradle.launcher.daemon.bootstrap.GradleDaemon 8.0
java_class_path (initial): D:\PRG\ANDROID\wrapper\dists\gradle-8.0-bin\ca5e32bp14vu59qr306oxotwh\gradle-8.0\lib\gradle-launcher-8.0.jar
Launcher Type: SUN_STANDARD

[Global flags]
     intx CICompilerCount                          = 4                                         {product} {ergonomic}
     uint ConcGCThreads                            = 2                                         {product} {ergonomic}
     uint G1ConcRefinementThreads                  = 8                                         {product} {ergonomic}
   size_t G1HeapRegionSize                         = 1048576                                   {product} {ergonomic}
    uintx GCDrainStackTargetSize                   = 64                                        {product} {ergonomic}
   size_t InitialHeapSize                          = 266338304                                 {product} {ergonomic}
   size_t MarkStackSize                            = 4194304                                   {product} {ergonomic}
   size_t MaxHeapSize                              = 2147483648                                {product} {command line}
   size_t MaxNewSize                               = 1287651328                                {product} {ergonomic}
   size_t MinHeapDeltaBytes                        = 1048576                                   {product} {ergonomic}
   size_t MinHeapSize                              = 8388608                                   {product} {ergonomic}
    uintx NonNMethodCodeHeapSize                   = 5839372                                {pd product} {ergonomic}
    uintx NonProfiledCodeHeapSize                  = 122909434                              {pd product} {ergonomic}
    uintx ProfiledCodeHeapSize                     = 122909434                              {pd product} {ergonomic}
    uintx ReservedCodeCacheSize                    = 251658240                              {pd product} {ergonomic}
     bool SegmentedCodeCache                       = true                                      {product} {ergonomic}
   size_t SoftMaxHeapSize                          = 2147483648                             {manageable} {ergonomic}
     bool UseCompressedClassPointers               = true                           {product lp64_product} {ergonomic}
     bool UseCompressedOops                        = true                           {product lp64_product} {ergonomic}
     bool UseG1GC                                  = true                                      {product} {ergonomic}
     bool UseLargePagesIndividualAllocation        = false                                  {pd product} {ergonomic}

Logging:
Log output configuration:
 #0: stdout all=warning uptime,level,tags
 #1: stderr all=off uptime,level,tags

Environment Variables:
JAVA_HOME=C:\jdk-17.0.2+8
PATH=C:\Program Files\Common Files\Oracle\Java\javapath;C:\Windows\system32;C:\Windows;C:\Windows\System32\Wbem;C:\Windows\System32\WindowsPowerShell\v1.0\;C:\Windows\System32\OpenSSH\;C:\Program Files\7-Zip;C:\Program Files (x86)\NVIDIA Corporation\PhysX\Common;C:\jdk-17.0.2+8\bin;C:\Program Files\Git\cmd;C:\WINDOWS\system32;C:\WINDOWS;C:\WINDOWS\System32\Wbem;C:\WINDOWS\System32\WindowsPowerShell\v1.0\;C:\WINDOWS\System32\OpenSSH\;C:\Program Files\OpenVPN\bin;C:\Users\monahovvv\AppData\Local\Microsoft\WindowsApps;C:\Program Files\JetBrains\IntelliJ IDEA Community Edition 2022.2\bin;;C:\Users\monahovvv\AppData\Local\GitHubDesktop\bin;
USERNAME=monahovvv
OS=Windows_NT
PROCESSOR_IDENTIFIER=Intel64 Family 6 Model 158 Stepping 10, GenuineIntel
TMP=D:\Temp
TEMP=D:\Temp


JNI global refs:
JNI global refs: 29, weak refs: 10

JNI global refs memory usage: 843, weak refs: 841


---------------  S Y S T E M  ---------------

OS:
 Windows 10 , 64 bit Build 19041 (10.0.19041.3031)
OS uptime: 0 days 7:49 hours

CPU: total 8 (initial active 8) (4 cores per cpu, 2 threads per core) family 6 model 158 stepping 10 microcode 0xec, cx8, cmov, fxsr, ht, mmx, 3dnowpref, sse, sse2, sse3, ssse3, sse4.1, sse4.2, popcnt, lzcnt, tsc, tscinvbit, avx, avx2, aes, erms, clmul, bmi1, bmi2, adx, fma, vzeroupper, clflush, clflushopt

Memory: 4k page, system-wide physical 16228M (5001M free)
TotalPageFile size 18128M (AvailPageFile size 92M)
current process WorkingSet (physical memory assigned to process): 456M, peak: 485M
current process commit charge ("private bytes"): 557M, peak: 683M

vm_info: OpenJDK 64-Bit Server VM (17.0.6+0-b2043.56-10027231) for windows-amd64 JRE (17.0.6+0-b2043.56-10027231), built on Apr 28 2023 00:43:19 by "androidbuild" with MS VC++ 16.10 / 16.11 (VS2019)

END.
