#
# There is insufficient memory for the Java Runtime Environment to continue.
# Native memory allocation (mmap) failed to map 177209344 bytes for G1 virtual space
# Possible reasons:
#   The system is out of physical RAM or swap space
#   The process is running with CompressedOops enabled, and the Java Heap may be blocking the growth of the native heap
# Possible solutions:
#   Reduce memory load on the system
#   Increase physical memory or swap space
#   Check if swap backing store is full
#   Decrease Java heap size (-Xmx/-Xms)
#   Decrease number of Java threads
#   Decrease Java thread stack sizes (-Xss)
#   Set larger code cache with -XX:ReservedCodeCacheSize=
#   JVM is running with Unscaled Compressed Oops mode in which the Java heap is
#     placed in the first 4GB address space. The Java Heap base address is the
#     maximum limit for the native heap growth. Please use -XX:HeapBaseMinAddress
#     to set the Java Heap base and to place the Java Heap above 4GB virtual address.
# This output file may be truncated or incomplete.
#
#  Out of Memory Error (os_windows.cpp:3769), pid=14236, tid=15020
#
# JRE version: OpenJDK Runtime Environment (17.0.6) (build 17.0.6+0-b2043.56-10027231)
# Java VM: OpenJDK 64-Bit Server VM (17.0.6+0-b2043.56-10027231, mixed mode, tiered, compressed oops, compressed class ptrs, g1 gc, windows-amd64)
# No core dump will be written. Minidumps are not enabled by default on client versions of Windows
#

---------------  S U M M A R Y ------------

Command Line: --add-opens=java.base/java.util=ALL-UNNAMED --add-opens=java.base/java.lang=ALL-UNNAMED --add-opens=java.base/java.lang.invoke=ALL-UNNAMED --add-opens=java.prefs/java.util.prefs=ALL-UNNAMED --add-opens=java.base/java.nio.charset=ALL-UNNAMED --add-opens=java.base/java.net=ALL-UNNAMED --add-opens=java.base/java.util.concurrent.atomic=ALL-UNNAMED -Xmx2048m -Dfile.encoding=UTF-8 -Duser.country=RU -Duser.language=ru -Duser.variant org.gradle.launcher.daemon.bootstrap.GradleDaemon 8.0

Host: Intel(R) Core(TM) i5-9300H CPU @ 2.40GHz, 8 cores, 15G,  Windows 10 , 64 bit Build 19041 (10.0.19041.3031)
Time: Tue Nov 28 15:11:38 2023 RTZ 2 (s 10 , 64 bit Build 19041 (10.0.19041.3031) elapsed time: 11.867305 seconds (0d 0h 0m 11s)

---------------  T H R E A D  ---------------

Current thread (0x000001da2b707470):  VMThread "VM Thread" [stack: 0x000000cb31000000,0x000000cb31100000] [id=15020]

Stack: [0x000000cb31000000,0x000000cb31100000]
Native frames: (J=compiled Java code, j=interpreted, Vv=VM code, C=native code)
V  [jvm.dll+0x683c9a]
V  [jvm.dll+0x8427a4]
V  [jvm.dll+0x843f9e]
V  [jvm.dll+0x844603]
V  [jvm.dll+0x249b75]
V  [jvm.dll+0x680b69]
V  [jvm.dll+0x67505a]
V  [jvm.dll+0x309acb]
V  [jvm.dll+0x310f86]
V  [jvm.dll+0x3608ee]
V  [jvm.dll+0x360b1f]
V  [jvm.dll+0x2dfbf8]
V  [jvm.dll+0x2ddec4]
V  [jvm.dll+0x2dd4cc]
V  [jvm.dll+0x321f3b]
V  [jvm.dll+0x848ccb]
V  [jvm.dll+0x849a04]
V  [jvm.dll+0x849f1d]
V  [jvm.dll+0x84a2f4]
V  [jvm.dll+0x84a3c0]
V  [jvm.dll+0x7f274a]
V  [jvm.dll+0x682ad5]
C  [ucrtbase.dll+0x21bb2]
C  [KERNEL32.DLL+0x17614]
C  [ntdll.dll+0x526f1]

VM_Operation (0x000000cb3b0fb2c0): G1CollectForAllocation, mode: safepoint, requested by thread 0x000001da38c8eed0


---------------  P R O C E S S  ---------------

Threads class SMR info:
_java_thread_list=0x000001da362a7ec0, length=157, elements={
0x000001da1187b030, 0x000001da2c031770, 0x000001da2c0324f0, 0x000001da2c07fdb0,
0x000001da2c080870, 0x000001da2c084150, 0x000001da2c09bbb0, 0x000001da2c086f60,
0x000001da2c0ab810, 0x000001da2b707f50, 0x000001da2c09a870, 0x000001da2c09ad40,
0x000001da2c3fcee0, 0x000001da2c7b08b0, 0x000001da2c099060, 0x000001da2c09b6e0,
0x000001da2c099ed0, 0x000001da2c09a3a0, 0x000001da2c09c550, 0x000001da2c09c080,
0x000001da2c099530, 0x000001da2c09ca20, 0x000001da2c099a00, 0x000001da2db2b100,
0x000001da2db2b5d0, 0x000001da2db2cde0, 0x000001da2db2c910, 0x000001da2db29dc0,
0x000001da2db2baa0, 0x000001da2db2ac30, 0x000001da2db2bf70, 0x000001da2db2c440,
0x000001da2db29420, 0x000001da2db298f0, 0x000001da2db2a760, 0x000001da2db2a290,
0x000001da306bdc00, 0x000001da306c2900, 0x000001da306c1f60, 0x000001da306c2430,
0x000001da306be5a0, 0x000001da306bbf20, 0x000001da306bf8e0, 0x000001da306bc8c0,
0x000001da306be0d0, 0x000001da306bba50, 0x000001da306c2dd0, 0x000001da306bcd90,
0x000001da306bd260, 0x000001da306bef40, 0x000001da306c0750, 0x000001da306bea70,
0x000001da306c32a0, 0x000001da306bd730, 0x000001da306bfdb0, 0x000001da306c15c0,
0x000001da306c10f0, 0x000001da306c0280, 0x000001da306c1a90, 0x000001da32e4d7f0,
0x000001da32e49e30, 0x000001da32e48af0, 0x000001da32e4e190, 0x000001da32e4a300,
0x000001da32e47c80, 0x000001da32e4bfe0, 0x000001da32e4f000, 0x000001da32e4dcc0,
0x000001da32e4e660, 0x000001da32e4a7d0, 0x000001da32e48fc0, 0x000001da32e4f4d0,
0x000001da32e4eb30, 0x000001da32e48150, 0x000001da32e4bb10, 0x000001da32e48620,
0x000001da32e4d320, 0x000001da32e4aca0, 0x000001da32e4b640, 0x000001da32e4b170,
0x000001da32e4ce50, 0x000001da32e49490, 0x000001da32e49960, 0x000001da32e4c4b0,
0x000001da32e4c980, 0x000001da32f0eae0, 0x000001da32f0e610, 0x000001da32f102f0,
0x000001da32f0fe20, 0x000001da32f0c930, 0x000001da32f107c0, 0x000001da32f11b00,
0x000001da32f0f480, 0x000001da32f0b5f0, 0x000001da32f0e140, 0x000001da32f0d7a0,
0x000001da32f0ce00, 0x000001da32f0a780, 0x000001da32f10c90, 0x000001da32f0efb0,
0x000001da32f11160, 0x000001da32f11630, 0x000001da32f0f950, 0x000001da32f0bf90,
0x000001da32f0a2b0, 0x000001da32f0ac50, 0x000001da32f0b120, 0x000001da32f0bac0,
0x000001da32f0c460, 0x000001da32f0d2d0, 0x000001da32f0dc70, 0x000001da3288d320,
0x000001da32890ce0, 0x000001da32891b50, 0x000001da328911b0, 0x000001da32890340,
0x000001da32892e90, 0x000001da3288e660, 0x000001da32891680, 0x000001da3288bfe0,
0x000001da328929c0, 0x000001da3288c980, 0x000001da32890810, 0x000001da3288d7f0,
0x000001da3288eb30, 0x000001da3288dcc0, 0x000001da3288f000, 0x000001da3288ce50,
0x000001da2e80e5f0, 0x000001da2e80b100, 0x000001da2e80f460, 0x000001da2e80b5d0,
0x000001da2e80d780, 0x000001da2e8080e0, 0x000001da2e80c910, 0x000001da2e80c440,
0x000001da2e809dc0, 0x000001da2e80bf70, 0x000001da2e80a760, 0x000001da3055ec10,
0x000001da31e89ed0, 0x000001da31e8a3a0, 0x000001da31e89060, 0x000001da31e89a00,
0x000001da31e89530, 0x000001da31e8a870, 0x000001da320981f0, 0x000001da3209a870,
0x000001da31e8ba10, 0x000001da2d2dd580, 0x000001da38c90210, 0x000001da38c8eed0,
0x000001da35e3bed0, 0x000001da3209ad40, 0x000001da320986c0, 0x000001da3217b300,
0x000001da35e3b530
}

Java Threads: ( => current thread )
  0x000001da1187b030 JavaThread "main" [_thread_blocked, id=14812, stack(0x000000cb30a00000,0x000000cb30b00000)]
  0x000001da2c031770 JavaThread "Reference Handler" daemon [_thread_blocked, id=17120, stack(0x000000cb31100000,0x000000cb31200000)]
  0x000001da2c0324f0 JavaThread "Finalizer" daemon [_thread_blocked, id=15288, stack(0x000000cb31200000,0x000000cb31300000)]
  0x000001da2c07fdb0 JavaThread "Signal Dispatcher" daemon [_thread_blocked, id=16128, stack(0x000000cb31300000,0x000000cb31400000)]
  0x000001da2c080870 JavaThread "Attach Listener" daemon [_thread_blocked, id=16828, stack(0x000000cb31400000,0x000000cb31500000)]
  0x000001da2c084150 JavaThread "Service Thread" daemon [_thread_blocked, id=1468, stack(0x000000cb31500000,0x000000cb31600000)]
  0x000001da2c09bbb0 JavaThread "Monitor Deflation Thread" daemon [_thread_blocked, id=12340, stack(0x000000cb31600000,0x000000cb31700000)]
  0x000001da2c086f60 JavaThread "C2 CompilerThread0" daemon [_thread_blocked, id=3596, stack(0x000000cb31700000,0x000000cb31800000)]
  0x000001da2c0ab810 JavaThread "C1 CompilerThread0" daemon [_thread_blocked, id=10128, stack(0x000000cb31800000,0x000000cb31900000)]
  0x000001da2b707f50 JavaThread "Sweeper thread" daemon [_thread_blocked, id=6844, stack(0x000000cb31900000,0x000000cb31a00000)]
  0x000001da2c09a870 JavaThread "Common-Cleaner" daemon [_thread_blocked, id=10948, stack(0x000000cb31a00000,0x000000cb31b00000)]
  0x000001da2c09ad40 JavaThread "Notification Thread" daemon [_thread_blocked, id=12768, stack(0x000000cb31b00000,0x000000cb31c00000)]
  0x000001da2c3fcee0 JavaThread "C2 CompilerThread1" daemon [_thread_blocked, id=5196, stack(0x000000cb31d00000,0x000000cb31e00000)]
  0x000001da2c7b08b0 JavaThread "C2 CompilerThread2" daemon [_thread_blocked, id=16908, stack(0x000000cb31e00000,0x000000cb31f00000)]
  0x000001da2c099060 JavaThread "Daemon health stats" [_thread_blocked, id=7660, stack(0x000000cb32400000,0x000000cb32500000)]
  0x000001da2c09b6e0 JavaThread "Incoming local TCP Connector on port 59727" [_thread_in_native, id=14820, stack(0x000000cb32500000,0x000000cb32600000)]
  0x000001da2c099ed0 JavaThread "Daemon periodic checks" [_thread_blocked, id=15784, stack(0x000000cb32600000,0x000000cb32700000)]
  0x000001da2c09a3a0 JavaThread "Daemon" [_thread_blocked, id=16984, stack(0x000000cb32700000,0x000000cb32800000)]
  0x000001da2c09c550 JavaThread "Handler for socket connection from /127.0.0.1:59727 to /127.0.0.1:59728" [_thread_in_native, id=15028, stack(0x000000cb32800000,0x000000cb32900000)]
  0x000001da2c09c080 JavaThread "Cancel handler" [_thread_blocked, id=7032, stack(0x000000cb32900000,0x000000cb32a00000)]
  0x000001da2c099530 JavaThread "Daemon worker" [_thread_blocked, id=15160, stack(0x000000cb32a00000,0x000000cb32b00000)]
  0x000001da2c09ca20 JavaThread "Asynchronous log dispatcher for DefaultDaemonConnection: socket connection from /127.0.0.1:59727 to /127.0.0.1:59728" [_thread_blocked, id=8588, stack(0x000000cb32b00000,0x000000cb32c00000)]
  0x000001da2c099a00 JavaThread "Stdin handler" [_thread_blocked, id=16012, stack(0x000000cb32c00000,0x000000cb32d00000)]
  0x000001da2db2b100 JavaThread "Daemon client event forwarder" [_thread_blocked, id=16820, stack(0x000000cb32d00000,0x000000cb32e00000)]
  0x000001da2db2b5d0 JavaThread "Cache worker for journal cache (D:\PRG\ANDROID\caches\journal-1)" [_thread_blocked, id=10044, stack(0x000000cb33100000,0x000000cb33200000)]
  0x000001da2db2cde0 JavaThread "File lock request listener" [_thread_in_native, id=3932, stack(0x000000cb33200000,0x000000cb33300000)]
  0x000001da2db2c910 JavaThread "Cache worker for file hash cache (D:\PRG\ANDROID\caches\8.0\fileHashes)" [_thread_blocked, id=14504, stack(0x000000cb33300000,0x000000cb33400000)]
  0x000001da2db29dc0 JavaThread "File watcher server" daemon [_thread_blocked, id=15140, stack(0x000000cb33400000,0x000000cb33500000)]
  0x000001da2db2baa0 JavaThread "File watcher consumer" daemon [_thread_blocked, id=13924, stack(0x000000cb33500000,0x000000cb33600000)]
  0x000001da2db2ac30 JavaThread "Cache worker for checksums cache (D:\PRG\ANDROID\PlanirFinansov6\.gradle\8.0\checksums)" [_thread_blocked, id=7144, stack(0x000000cb33600000,0x000000cb33700000)]
  0x000001da2db2bf70 JavaThread "Cache worker for cache directory md-rule (D:\PRG\ANDROID\caches\8.0\md-rule)" [_thread_blocked, id=16584, stack(0x000000cb33700000,0x000000cb33800000)]
  0x000001da2db2c440 JavaThread "Cache worker for file content cache (D:\PRG\ANDROID\caches\8.0\fileContent)" [_thread_blocked, id=15812, stack(0x000000cb33800000,0x000000cb33900000)]
  0x000001da2db29420 JavaThread "Cache worker for file hash cache (D:\PRG\ANDROID\PlanirFinansov6\.gradle\8.0\fileHashes)" [_thread_blocked, id=2532, stack(0x000000cb33900000,0x000000cb33a00000)]
  0x000001da2db298f0 JavaThread "Cache worker for cache directory md-supplier (D:\PRG\ANDROID\caches\8.0\md-supplier)" [_thread_blocked, id=3964, stack(0x000000cb33a00000,0x000000cb33b00000)]
  0x000001da2db2a760 JavaThread "Cache worker for execution history cache (D:\PRG\ANDROID\caches\8.0\executionHistory)" [_thread_blocked, id=4056, stack(0x000000cb33b00000,0x000000cb33c00000)]
  0x000001da2db2a290 JavaThread "jar transforms" [_thread_blocked, id=5500, stack(0x000000cb33c00000,0x000000cb33d00000)]
  0x000001da306bdc00 JavaThread "jar transforms Thread 2" [_thread_blocked, id=15972, stack(0x000000cb33d00000,0x000000cb33e00000)]
  0x000001da306c2900 JavaThread "Cache worker for kotlin-dsl (D:\PRG\ANDROID\caches\8.0\kotlin-dsl)" [_thread_blocked, id=15448, stack(0x000000cb33e00000,0x000000cb33f00000)]
  0x000001da306c1f60 JavaThread "jar transforms Thread 3" [_thread_blocked, id=17300, stack(0x000000cb33f00000,0x000000cb34000000)]
  0x000001da306c2430 JavaThread "jar transforms Thread 4" [_thread_blocked, id=2324, stack(0x000000cb34000000,0x000000cb34100000)]
  0x000001da306be5a0 JavaThread "Cache worker for dependencies-accessors (D:\PRG\ANDROID\PlanirFinansov6\.gradle\8.0\dependencies-accessors)" [_thread_blocked, id=10712, stack(0x000000cb34100000,0x000000cb34200000)]
  0x000001da306bbf20 JavaThread "Cache worker for Build Output Cleanup Cache (D:\PRG\ANDROID\PlanirFinansov6\.gradle\buildOutputCleanup)" [_thread_blocked, id=5876, stack(0x000000cb34200000,0x000000cb34300000)]
  0x000001da306bf8e0 JavaThread "jar transforms Thread 5" [_thread_blocked, id=13796, stack(0x000000cb34300000,0x000000cb34400000)]
  0x000001da306bc8c0 JavaThread "Unconstrained build operations" [_thread_blocked, id=5624, stack(0x000000cb34400000,0x000000cb34500000)]
  0x000001da306be0d0 JavaThread "Unconstrained build operations Thread 2" [_thread_blocked, id=5688, stack(0x000000cb34500000,0x000000cb34600000)]
  0x000001da306bba50 JavaThread "Unconstrained build operations Thread 3" [_thread_blocked, id=17260, stack(0x000000cb34600000,0x000000cb34700000)]
  0x000001da306c2dd0 JavaThread "Unconstrained build operations Thread 4" [_thread_blocked, id=16468, stack(0x000000cb34700000,0x000000cb34800000)]
  0x000001da306bcd90 JavaThread "Unconstrained build operations Thread 5" [_thread_blocked, id=8916, stack(0x000000cb34800000,0x000000cb34900000)]
  0x000001da306bd260 JavaThread "Unconstrained build operations Thread 6" [_thread_blocked, id=2460, stack(0x000000cb34900000,0x000000cb34a00000)]
  0x000001da306bef40 JavaThread "Unconstrained build operations Thread 7" [_thread_blocked, id=13652, stack(0x000000cb34a00000,0x000000cb34b00000)]
  0x000001da306c0750 JavaThread "Unconstrained build operations Thread 8" [_thread_blocked, id=13656, stack(0x000000cb34b00000,0x000000cb34c00000)]
  0x000001da306bea70 JavaThread "Unconstrained build operations Thread 9" [_thread_blocked, id=5656, stack(0x000000cb34c00000,0x000000cb34d00000)]
  0x000001da306c32a0 JavaThread "Unconstrained build operations Thread 10" [_thread_blocked, id=14264, stack(0x000000cb34d00000,0x000000cb34e00000)]
  0x000001da306bd730 JavaThread "Unconstrained build operations Thread 11" [_thread_blocked, id=648, stack(0x000000cb34e00000,0x000000cb34f00000)]
  0x000001da306bfdb0 JavaThread "Unconstrained build operations Thread 12" [_thread_blocked, id=13200, stack(0x000000cb34f00000,0x000000cb35000000)]
  0x000001da306c15c0 JavaThread "Unconstrained build operations Thread 13" [_thread_blocked, id=15756, stack(0x000000cb35000000,0x000000cb35100000)]
  0x000001da306c10f0 JavaThread "Unconstrained build operations Thread 14" [_thread_blocked, id=14024, stack(0x000000cb35100000,0x000000cb35200000)]
  0x000001da306c0280 JavaThread "Unconstrained build operations Thread 15" [_thread_blocked, id=12272, stack(0x000000cb35200000,0x000000cb35300000)]
  0x000001da306c1a90 JavaThread "Unconstrained build operations Thread 16" [_thread_blocked, id=17284, stack(0x000000cb35300000,0x000000cb35400000)]
  0x000001da32e4d7f0 JavaThread "Unconstrained build operations Thread 17" [_thread_blocked, id=13704, stack(0x000000cb35400000,0x000000cb35500000)]
  0x000001da32e49e30 JavaThread "Unconstrained build operations Thread 18" [_thread_blocked, id=9596, stack(0x000000cb35500000,0x000000cb35600000)]
  0x000001da32e48af0 JavaThread "Unconstrained build operations Thread 19" [_thread_blocked, id=14880, stack(0x000000cb35600000,0x000000cb35700000)]
  0x000001da32e4e190 JavaThread "Unconstrained build operations Thread 20" [_thread_blocked, id=17252, stack(0x000000cb35700000,0x000000cb35800000)]
  0x000001da32e4a300 JavaThread "Unconstrained build operations Thread 21" [_thread_blocked, id=10352, stack(0x000000cb35800000,0x000000cb35900000)]
  0x000001da32e47c80 JavaThread "Unconstrained build operations Thread 22" [_thread_blocked, id=7412, stack(0x000000cb35900000,0x000000cb35a00000)]
  0x000001da32e4bfe0 JavaThread "Unconstrained build operations Thread 23" [_thread_blocked, id=9940, stack(0x000000cb35a00000,0x000000cb35b00000)]
  0x000001da32e4f000 JavaThread "Unconstrained build operations Thread 24" [_thread_blocked, id=396, stack(0x000000cb35b00000,0x000000cb35c00000)]
  0x000001da32e4dcc0 JavaThread "Unconstrained build operations Thread 25" [_thread_blocked, id=14732, stack(0x000000cb35c00000,0x000000cb35d00000)]
  0x000001da32e4e660 JavaThread "Unconstrained build operations Thread 26" [_thread_blocked, id=8784, stack(0x000000cb35d00000,0x000000cb35e00000)]
  0x000001da32e4a7d0 JavaThread "Unconstrained build operations Thread 27" [_thread_blocked, id=8744, stack(0x000000cb35e00000,0x000000cb35f00000)]
  0x000001da32e48fc0 JavaThread "Unconstrained build operations Thread 28" [_thread_blocked, id=7328, stack(0x000000cb35f00000,0x000000cb36000000)]
  0x000001da32e4f4d0 JavaThread "Unconstrained build operations Thread 29" [_thread_blocked, id=16424, stack(0x000000cb36000000,0x000000cb36100000)]
  0x000001da32e4eb30 JavaThread "Unconstrained build operations Thread 30" [_thread_blocked, id=2956, stack(0x000000cb36100000,0x000000cb36200000)]
  0x000001da32e48150 JavaThread "Unconstrained build operations Thread 31" [_thread_blocked, id=16420, stack(0x000000cb36200000,0x000000cb36300000)]
  0x000001da32e4bb10 JavaThread "Unconstrained build operations Thread 32" [_thread_blocked, id=2740, stack(0x000000cb36300000,0x000000cb36400000)]
  0x000001da32e48620 JavaThread "Unconstrained build operations Thread 33" [_thread_blocked, id=17276, stack(0x000000cb36400000,0x000000cb36500000)]
  0x000001da32e4d320 JavaThread "Unconstrained build operations Thread 34" [_thread_blocked, id=17032, stack(0x000000cb36500000,0x000000cb36600000)]
  0x000001da32e4aca0 JavaThread "Unconstrained build operations Thread 35" [_thread_blocked, id=10320, stack(0x000000cb36600000,0x000000cb36700000)]
  0x000001da32e4b640 JavaThread "Unconstrained build operations Thread 36" [_thread_blocked, id=11856, stack(0x000000cb36700000,0x000000cb36800000)]
  0x000001da32e4b170 JavaThread "Unconstrained build operations Thread 37" [_thread_blocked, id=13588, stack(0x000000cb36800000,0x000000cb36900000)]
  0x000001da32e4ce50 JavaThread "Unconstrained build operations Thread 38" [_thread_blocked, id=3180, stack(0x000000cb36900000,0x000000cb36a00000)]
  0x000001da32e49490 JavaThread "Unconstrained build operations Thread 39" [_thread_blocked, id=11028, stack(0x000000cb36a00000,0x000000cb36b00000)]
  0x000001da32e49960 JavaThread "Unconstrained build operations Thread 40" [_thread_blocked, id=17288, stack(0x000000cb36b00000,0x000000cb36c00000)]
  0x000001da32e4c4b0 JavaThread "Unconstrained build operations Thread 41" [_thread_blocked, id=17036, stack(0x000000cb36c00000,0x000000cb36d00000)]
  0x000001da32e4c980 JavaThread "Unconstrained build operations Thread 42" [_thread_blocked, id=2360, stack(0x000000cb36d00000,0x000000cb36e00000)]
  0x000001da32f0eae0 JavaThread "Unconstrained build operations Thread 43" [_thread_blocked, id=12744, stack(0x000000cb36e00000,0x000000cb36f00000)]
  0x000001da32f0e610 JavaThread "Unconstrained build operations Thread 44" [_thread_blocked, id=8648, stack(0x000000cb36f00000,0x000000cb37000000)]
  0x000001da32f102f0 JavaThread "Unconstrained build operations Thread 45" [_thread_blocked, id=16244, stack(0x000000cb37000000,0x000000cb37100000)]
  0x000001da32f0fe20 JavaThread "Unconstrained build operations Thread 46" [_thread_blocked, id=7760, stack(0x000000cb37100000,0x000000cb37200000)]
  0x000001da32f0c930 JavaThread "Unconstrained build operations Thread 47" [_thread_blocked, id=1704, stack(0x000000cb37200000,0x000000cb37300000)]
  0x000001da32f107c0 JavaThread "Unconstrained build operations Thread 48" [_thread_blocked, id=3000, stack(0x000000cb37300000,0x000000cb37400000)]
  0x000001da32f11b00 JavaThread "Unconstrained build operations Thread 49" [_thread_blocked, id=12108, stack(0x000000cb37400000,0x000000cb37500000)]
  0x000001da32f0f480 JavaThread "Unconstrained build operations Thread 50" [_thread_blocked, id=5824, stack(0x000000cb37500000,0x000000cb37600000)]
  0x000001da32f0b5f0 JavaThread "Unconstrained build operations Thread 51" [_thread_blocked, id=17020, stack(0x000000cb37600000,0x000000cb37700000)]
  0x000001da32f0e140 JavaThread "Unconstrained build operations Thread 52" [_thread_blocked, id=8444, stack(0x000000cb37700000,0x000000cb37800000)]
  0x000001da32f0d7a0 JavaThread "Unconstrained build operations Thread 53" [_thread_blocked, id=16928, stack(0x000000cb37800000,0x000000cb37900000)]
  0x000001da32f0ce00 JavaThread "Unconstrained build operations Thread 54" [_thread_blocked, id=612, stack(0x000000cb37900000,0x000000cb37a00000)]
  0x000001da32f0a780 JavaThread "Unconstrained build operations Thread 55" [_thread_blocked, id=8680, stack(0x000000cb37a00000,0x000000cb37b00000)]
  0x000001da32f10c90 JavaThread "Unconstrained build operations Thread 56" [_thread_blocked, id=16104, stack(0x000000cb37b00000,0x000000cb37c00000)]
  0x000001da32f0efb0 JavaThread "Unconstrained build operations Thread 57" [_thread_blocked, id=10776, stack(0x000000cb37c00000,0x000000cb37d00000)]
  0x000001da32f11160 JavaThread "Unconstrained build operations Thread 58" [_thread_blocked, id=14780, stack(0x000000cb37d00000,0x000000cb37e00000)]
  0x000001da32f11630 JavaThread "Unconstrained build operations Thread 59" [_thread_blocked, id=11884, stack(0x000000cb37e00000,0x000000cb37f00000)]
  0x000001da32f0f950 JavaThread "Unconstrained build operations Thread 60" [_thread_blocked, id=3660, stack(0x000000cb37f00000,0x000000cb38000000)]
  0x000001da32f0bf90 JavaThread "Unconstrained build operations Thread 61" [_thread_blocked, id=10988, stack(0x000000cb38000000,0x000000cb38100000)]
  0x000001da32f0a2b0 JavaThread "Unconstrained build operations Thread 62" [_thread_blocked, id=15124, stack(0x000000cb38100000,0x000000cb38200000)]
  0x000001da32f0ac50 JavaThread "Unconstrained build operations Thread 63" [_thread_blocked, id=11928, stack(0x000000cb38200000,0x000000cb38300000)]
  0x000001da32f0b120 JavaThread "Unconstrained build operations Thread 64" [_thread_blocked, id=17156, stack(0x000000cb38300000,0x000000cb38400000)]
  0x000001da32f0bac0 JavaThread "Unconstrained build operations Thread 65" [_thread_blocked, id=17080, stack(0x000000cb38400000,0x000000cb38500000)]
  0x000001da32f0c460 JavaThread "Unconstrained build operations Thread 66" [_thread_blocked, id=7476, stack(0x000000cb38500000,0x000000cb38600000)]
  0x000001da32f0d2d0 JavaThread "Unconstrained build operations Thread 67" [_thread_blocked, id=9044, stack(0x000000cb38600000,0x000000cb38700000)]
  0x000001da32f0dc70 JavaThread "Unconstrained build operations Thread 68" [_thread_blocked, id=15040, stack(0x000000cb38700000,0x000000cb38800000)]
  0x000001da3288d320 JavaThread "Unconstrained build operations Thread 69" [_thread_blocked, id=1628, stack(0x000000cb38800000,0x000000cb38900000)]
  0x000001da32890ce0 JavaThread "Unconstrained build operations Thread 70" [_thread_blocked, id=16320, stack(0x000000cb38900000,0x000000cb38a00000)]
  0x000001da32891b50 JavaThread "Unconstrained build operations Thread 71" [_thread_blocked, id=1796, stack(0x000000cb38a00000,0x000000cb38b00000)]
  0x000001da328911b0 JavaThread "Unconstrained build operations Thread 72" [_thread_blocked, id=10288, stack(0x000000cb38b00000,0x000000cb38c00000)]
  0x000001da32890340 JavaThread "Unconstrained build operations Thread 73" [_thread_blocked, id=5588, stack(0x000000cb38c00000,0x000000cb38d00000)]
  0x000001da32892e90 JavaThread "Unconstrained build operations Thread 74" [_thread_blocked, id=12652, stack(0x000000cb38d00000,0x000000cb38e00000)]
  0x000001da3288e660 JavaThread "Unconstrained build operations Thread 75" [_thread_blocked, id=16780, stack(0x000000cb38e00000,0x000000cb38f00000)]
  0x000001da32891680 JavaThread "Unconstrained build operations Thread 76" [_thread_blocked, id=8616, stack(0x000000cb38f00000,0x000000cb39000000)]
  0x000001da3288bfe0 JavaThread "Unconstrained build operations Thread 77" [_thread_blocked, id=1620, stack(0x000000cb39000000,0x000000cb39100000)]
  0x000001da328929c0 JavaThread "Unconstrained build operations Thread 78" [_thread_blocked, id=14244, stack(0x000000cb39100000,0x000000cb39200000)]
  0x000001da3288c980 JavaThread "Unconstrained build operations Thread 79" [_thread_blocked, id=16176, stack(0x000000cb39200000,0x000000cb39300000)]
  0x000001da32890810 JavaThread "Unconstrained build operations Thread 80" [_thread_blocked, id=4884, stack(0x000000cb39300000,0x000000cb39400000)]
  0x000001da3288d7f0 JavaThread "jar transforms Thread 6" [_thread_blocked, id=6780, stack(0x000000cb39400000,0x000000cb39500000)]
  0x000001da3288eb30 JavaThread "jar transforms Thread 7" [_thread_blocked, id=14056, stack(0x000000cb39500000,0x000000cb39600000)]
  0x000001da3288dcc0 JavaThread "jar transforms Thread 8" [_thread_blocked, id=9420, stack(0x000000cb39600000,0x000000cb39700000)]
  0x000001da3288f000 JavaThread "build event listener" [_thread_blocked, id=6932, stack(0x000000cb39700000,0x000000cb39800000)]
  0x000001da3288ce50 JavaThread "Memory manager" [_thread_blocked, id=15772, stack(0x000000cb39800000,0x000000cb39900000)]
  0x000001da2e80e5f0 JavaThread "pool-3-thread-1" [_thread_blocked, id=15356, stack(0x000000cb39900000,0x000000cb39a00000)]
  0x000001da2e80b100 JavaThread "build event listener" [_thread_blocked, id=17256, stack(0x000000cb39a00000,0x000000cb39b00000)]
  0x000001da2e80f460 JavaThread "included builds" [_thread_blocked, id=13004, stack(0x000000cb39b00000,0x000000cb39c00000)]
  0x000001da2e80b5d0 JavaThread "Execution worker" [_thread_blocked, id=624, stack(0x000000cb39c00000,0x000000cb39d00000)]
  0x000001da2e80d780 JavaThread "Execution worker Thread 2" [_thread_blocked, id=16956, stack(0x000000cb39d00000,0x000000cb39e00000)]
  0x000001da2e8080e0 JavaThread "Execution worker Thread 3" [_thread_blocked, id=16808, stack(0x000000cb39e00000,0x000000cb39f00000)]
  0x000001da2e80c910 JavaThread "Execution worker Thread 4" [_thread_blocked, id=12324, stack(0x000000cb39f00000,0x000000cb3a000000)]
  0x000001da2e80c440 JavaThread "Execution worker Thread 5" [_thread_blocked, id=16576, stack(0x000000cb3a000000,0x000000cb3a100000)]
  0x000001da2e809dc0 JavaThread "Execution worker Thread 6" [_thread_blocked, id=1756, stack(0x000000cb3a100000,0x000000cb3a200000)]
  0x000001da2e80bf70 JavaThread "Execution worker Thread 7" [_thread_blocked, id=9548, stack(0x000000cb3a200000,0x000000cb3a300000)]
  0x000001da2e80a760 JavaThread "Cache worker for execution history cache (D:\PRG\ANDROID\PlanirFinansov6\.gradle\8.0\executionHistory)" [_thread_blocked, id=13580, stack(0x000000cb3a300000,0x000000cb3a400000)]
  0x000001da3055ec10 JavaThread "Cache worker for Java compile cache (D:\PRG\ANDROID\caches\8.0\javaCompile)" [_thread_blocked, id=7624, stack(0x000000cb3a400000,0x000000cb3a500000)]
  0x000001da31e89ed0 JavaThread "Build operations" [_thread_blocked, id=9988, stack(0x000000cb3a500000,0x000000cb3a600000)]
  0x000001da31e8a3a0 JavaThread "Build operations Thread 2" [_thread_blocked, id=11596, stack(0x000000cb3a600000,0x000000cb3a700000)]
  0x000001da31e89060 JavaThread "Build operations Thread 3" [_thread_blocked, id=14492, stack(0x000000cb3a700000,0x000000cb3a800000)]
  0x000001da31e89a00 JavaThread "Build operations Thread 4" [_thread_blocked, id=12188, stack(0x000000cb3a800000,0x000000cb3a900000)]
  0x000001da31e89530 JavaThread "Build operations Thread 5" [_thread_blocked, id=16832, stack(0x000000cb3a900000,0x000000cb3aa00000)]
  0x000001da31e8a870 JavaThread "Build operations Thread 6" [_thread_blocked, id=1576, stack(0x000000cb3aa00000,0x000000cb3ab00000)]
  0x000001da320981f0 JavaThread "Build operations Thread 7" [_thread_blocked, id=13276, stack(0x000000cb3ab00000,0x000000cb3ac00000)]
  0x000001da3209a870 JavaThread "Build operations Thread 8" [_thread_blocked, id=15068, stack(0x000000cb3ac00000,0x000000cb3ad00000)]
  0x000001da31e8ba10 JavaThread "WorkerExecutor Queue" [_thread_blocked, id=3536, stack(0x000000cb3ad00000,0x000000cb3ae00000)]
  0x000001da2d2dd580 JavaThread "WorkerExecutor Queue Thread 2" [_thread_blocked, id=10564, stack(0x000000cb3ae00000,0x000000cb3af00000)]
  0x000001da38c90210 JavaThread "WorkerExecutor Queue Thread 3" [_thread_blocked, id=3472, stack(0x000000cb3af00000,0x000000cb3b000000)]
  0x000001da38c8eed0 JavaThread "WorkerExecutor Queue Thread 4" [_thread_blocked, id=17084, stack(0x000000cb3b000000,0x000000cb3b100000)]
  0x000001da35e3bed0 JavaThread "WorkerExecutor Queue Thread 5" [_thread_blocked, id=14580, stack(0x000000cb3b100000,0x000000cb3b200000)]
  0x000001da3209ad40 JavaThread "WorkerExecutor Queue Thread 6" [_thread_blocked, id=13952, stack(0x000000cb3b200000,0x000000cb3b300000)]
  0x000001da320986c0 JavaThread "WorkerExecutor Queue Thread 7" [_thread_blocked, id=7044, stack(0x000000cb3b300000,0x000000cb3b400000)]
  0x000001da3217b300 JavaThread "WorkerExecutor Queue Thread 8" [_thread_blocked, id=10184, stack(0x000000cb3b400000,0x000000cb3b500000)]
  0x000001da35e3b530 JavaThread "WorkerExecutor Queue Thread 9" [_thread_blocked, id=12444, stack(0x000000cb3b500000,0x000000cb3b600000)]

Other Threads:
=>0x000001da2b707470 VMThread "VM Thread" [stack: 0x000000cb31000000,0x000000cb31100000] [id=15020]
  0x000001da118f9220 WatcherThread [stack: 0x000000cb31c00000,0x000000cb31d00000] [id=144]
  0x000001da118d8260 GCTaskThread "GC Thread#0" [stack: 0x000000cb30b00000,0x000000cb30c00000] [id=1632]
  0x000001da2d531de0 GCTaskThread "GC Thread#1" [stack: 0x000000cb31f00000,0x000000cb32000000] [id=16024]
  0x000001da2d532090 GCTaskThread "GC Thread#2" [stack: 0x000000cb32000000,0x000000cb32100000] [id=14184]
  0x000001da2cda3d90 GCTaskThread "GC Thread#3" [stack: 0x000000cb32100000,0x000000cb32200000] [id=6904]
  0x000001da2d282060 GCTaskThread "GC Thread#4" [stack: 0x000000cb32200000,0x000000cb32300000] [id=12976]
  0x000001da2cd2c0a0 GCTaskThread "GC Thread#5" [stack: 0x000000cb32300000,0x000000cb32400000] [id=15428]
  0x000001da2d7c9970 GCTaskThread "GC Thread#6" [stack: 0x000000cb32e00000,0x000000cb32f00000] [id=16952]
  0x000001da2d7c8950 GCTaskThread "GC Thread#7" [stack: 0x000000cb32f00000,0x000000cb33000000] [id=7112]
  0x000001da118e90b0 ConcurrentGCThread "G1 Main Marker" [stack: 0x000000cb30c00000,0x000000cb30d00000] [id=16700]
  0x000001da118e99d0 ConcurrentGCThread "G1 Conc#0" [stack: 0x000000cb30d00000,0x000000cb30e00000] [id=13324]
  0x000001da2d7c8c00 ConcurrentGCThread "G1 Conc#1" [stack: 0x000000cb33000000,0x000000cb33100000] [id=16988]
  0x000001da1194e770 ConcurrentGCThread "G1 Refine#0" [stack: 0x000000cb30e00000,0x000000cb30f00000] [id=10340]
  0x000001da2b589300 ConcurrentGCThread "G1 Service" [stack: 0x000000cb30f00000,0x000000cb31000000] [id=9920]

Threads with active compile tasks:
C2 CompilerThread0    11896 14058       4       com.android.tools.r8.graph.u2::a (117 bytes)
C1 CompilerThread0    11896 14097       3       com.android.tools.r8.utils.u0::D (80 bytes)
C2 CompilerThread1    11896 14098       4       com.android.tools.r8.graph.p1::a (52 bytes)
C2 CompilerThread2    11896 14079   !   4       java.util.concurrent.ConcurrentHashMap::putVal (432 bytes)

VM state: at safepoint (normal execution)

VM Mutex/Monitor currently owned by a thread:  ([mutex/lock_event])
[0x000001da11878350] Threads_lock - owner thread: 0x000001da2b707470
[0x000001da11876f10] Heap_lock - owner thread: 0x000001da38c8eed0

Heap address: 0x0000000080000000, size: 2048 MB, Compressed Oops mode: 32-bit

CDS archive(s) not mapped
Compressed class space mapped at: 0x0000000100000000-0x0000000140000000, reserved size: 1073741824
Narrow klass base: 0x0000000000000000, Narrow klass shift: 3, Narrow klass range: 0x140000000

GC Precious Log:
 CPUs: 8 total, 8 available
 Memory: 16228M
 Large Page Support: Disabled
 NUMA Support: Disabled
 Compressed Oops: Enabled (32-bit)
 Heap Region Size: 1M
 Heap Min Capacity: 8M
 Heap Initial Capacity: 254M
 Heap Max Capacity: 2G
 Pre-touch: Disabled
 Parallel Workers: 8
 Concurrent Workers: 2
 Concurrent Refinement Workers: 8
 Periodic GC: Disabled

Heap:
 garbage-first heap   total 260096K, used 109925K [0x0000000080000000, 0x0000000100000000)
  region size 1024K, 4 young (4096K), 4 survivors (4096K)
 Metaspace       used 109046K, committed 109824K, reserved 1146880K
  class space    used 14585K, committed 14976K, reserved 1048576K

Heap Regions: E=young(eden), S=young(survivor), O=old, HS=humongous(starts), HC=humongous(continues), CS=collection set, F=free, OA=open archive, CA=closed archive, TAMS=top-at-mark-start (previous, next)
|   0|0x0000000080000000, 0x0000000080100000, 0x0000000080100000|100%|HS|  |TAMS 0x0000000080100000, 0x0000000080000000| Complete 
|   1|0x0000000080100000, 0x0000000080200000, 0x0000000080200000|100%|HC|  |TAMS 0x0000000080200000, 0x0000000080100000| Complete 
|   2|0x0000000080200000, 0x0000000080300000, 0x0000000080300000|100%|HC|  |TAMS 0x0000000080300000, 0x0000000080200000| Complete 
|   3|0x0000000080300000, 0x0000000080400000, 0x0000000080400000|100%|HC|  |TAMS 0x0000000080400000, 0x0000000080300000| Complete 
|   4|0x0000000080400000, 0x0000000080500000, 0x0000000080500000|100%| O|  |TAMS 0x0000000080500000, 0x0000000080400000| Untracked 
|   5|0x0000000080500000, 0x0000000080600000, 0x0000000080600000|100%| O|  |TAMS 0x0000000080600000, 0x0000000080500000| Untracked 
|   6|0x0000000080600000, 0x0000000080700000, 0x0000000080700000|100%| O|  |TAMS 0x0000000080700000, 0x0000000080600000| Untracked 
|   7|0x0000000080700000, 0x0000000080800000, 0x0000000080800000|100%| O|  |TAMS 0x0000000080800000, 0x0000000080700000| Untracked 
|   8|0x0000000080800000, 0x0000000080900000, 0x0000000080900000|100%| O|  |TAMS 0x0000000080900000, 0x0000000080800000| Untracked 
|   9|0x0000000080900000, 0x0000000080a00000, 0x0000000080a00000|100%| O|  |TAMS 0x0000000080a00000, 0x0000000080900000| Untracked 
|  10|0x0000000080a00000, 0x0000000080b00000, 0x0000000080b00000|100%| O|  |TAMS 0x0000000080b00000, 0x0000000080a00000| Untracked 
|  11|0x0000000080b00000, 0x0000000080c00000, 0x0000000080c00000|100%| O|  |TAMS 0x0000000080c00000, 0x0000000080b00000| Untracked 
|  12|0x0000000080c00000, 0x0000000080d00000, 0x0000000080d00000|100%| O|  |TAMS 0x0000000080d00000, 0x0000000080c00000| Untracked 
|  13|0x0000000080d00000, 0x0000000080e00000, 0x0000000080e00000|100%| O|  |TAMS 0x0000000080e00000, 0x0000000080d00000| Untracked 
|  14|0x0000000080e00000, 0x0000000080f00000, 0x0000000080f00000|100%| O|  |TAMS 0x0000000080f00000, 0x0000000080e00000| Untracked 
|  15|0x0000000080f00000, 0x0000000081000000, 0x0000000081000000|100%| O|  |TAMS 0x0000000081000000, 0x0000000080f00000| Untracked 
|  16|0x0000000081000000, 0x0000000081100000, 0x0000000081100000|100%| O|  |TAMS 0x0000000081100000, 0x0000000081000000| Untracked 
|  17|0x0000000081100000, 0x0000000081200000, 0x0000000081200000|100%| O|  |TAMS 0x0000000081200000, 0x0000000081100000| Untracked 
|  18|0x0000000081200000, 0x0000000081300000, 0x0000000081300000|100%| O|  |TAMS 0x0000000081300000, 0x0000000081200000| Untracked 
|  19|0x0000000081300000, 0x0000000081400000, 0x0000000081400000|100%| O|  |TAMS 0x0000000081400000, 0x0000000081300000| Untracked 
|  20|0x0000000081400000, 0x0000000081500000, 0x0000000081500000|100%|HS|  |TAMS 0x0000000081500000, 0x0000000081400000| Complete 
|  21|0x0000000081500000, 0x0000000081600000, 0x0000000081600000|100%| O|  |TAMS 0x0000000081600000, 0x0000000081500000| Untracked 
|  22|0x0000000081600000, 0x0000000081700000, 0x0000000081700000|100%| O|  |TAMS 0x0000000081700000, 0x0000000081600000| Untracked 
|  23|0x0000000081700000, 0x0000000081800000, 0x0000000081800000|100%| O|  |TAMS 0x0000000081800000, 0x0000000081700000| Untracked 
|  24|0x0000000081800000, 0x0000000081900000, 0x0000000081900000|100%| O|  |TAMS 0x0000000081900000, 0x0000000081800000| Untracked 
|  25|0x0000000081900000, 0x0000000081a00000, 0x0000000081a00000|100%| O|  |TAMS 0x0000000081a00000, 0x0000000081900000| Untracked 
|  26|0x0000000081a00000, 0x0000000081b00000, 0x0000000081b00000|100%| O|  |TAMS 0x0000000081b00000, 0x0000000081a00000| Untracked 
|  27|0x0000000081b00000, 0x0000000081c00000, 0x0000000081c00000|100%| O|  |TAMS 0x0000000081c00000, 0x0000000081b00000| Untracked 
|  28|0x0000000081c00000, 0x0000000081d00000, 0x0000000081d00000|100%|HS|  |TAMS 0x0000000081d00000, 0x0000000081c00000| Complete 
|  29|0x0000000081d00000, 0x0000000081e00000, 0x0000000081e00000|100%|HS|  |TAMS 0x0000000081e00000, 0x0000000081d00000| Complete 
|  30|0x0000000081e00000, 0x0000000081f00000, 0x0000000081f00000|100%| O|  |TAMS 0x0000000081f00000, 0x0000000081e00000| Untracked 
|  31|0x0000000081f00000, 0x0000000082000000, 0x0000000082000000|100%| O|  |TAMS 0x0000000082000000, 0x0000000081f00000| Untracked 
|  32|0x0000000082000000, 0x0000000082100000, 0x0000000082100000|100%| O|  |TAMS 0x0000000082100000, 0x0000000082000000| Untracked 
|  33|0x0000000082100000, 0x0000000082200000, 0x0000000082200000|100%| O|  |TAMS 0x0000000082200000, 0x0000000082100000| Untracked 
|  34|0x0000000082200000, 0x0000000082300000, 0x0000000082300000|100%| O|  |TAMS 0x0000000082300000, 0x0000000082200000| Untracked 
|  35|0x0000000082300000, 0x0000000082400000, 0x0000000082400000|100%| O|  |TAMS 0x0000000082400000, 0x0000000082300000| Untracked 
|  36|0x0000000082400000, 0x0000000082500000, 0x0000000082500000|100%| O|  |TAMS 0x0000000082500000, 0x0000000082400000| Untracked 
|  37|0x0000000082500000, 0x0000000082600000, 0x0000000082600000|100%| O|  |TAMS 0x0000000082600000, 0x0000000082500000| Untracked 
|  38|0x0000000082600000, 0x0000000082700000, 0x0000000082700000|100%| O|  |TAMS 0x0000000082700000, 0x0000000082600000| Untracked 
|  39|0x0000000082700000, 0x0000000082800000, 0x0000000082800000|100%| O|  |TAMS 0x0000000082800000, 0x0000000082700000| Untracked 
|  40|0x0000000082800000, 0x0000000082900000, 0x0000000082900000|100%| O|  |TAMS 0x0000000082900000, 0x0000000082800000| Untracked 
|  41|0x0000000082900000, 0x0000000082a00000, 0x0000000082a00000|100%| O|  |TAMS 0x0000000082a00000, 0x0000000082900000| Untracked 
|  42|0x0000000082a00000, 0x0000000082b00000, 0x0000000082b00000|100%| O|  |TAMS 0x0000000082b00000, 0x0000000082a00000| Untracked 
|  43|0x0000000082b00000, 0x0000000082c00000, 0x0000000082c00000|100%| O|  |TAMS 0x0000000082c00000, 0x0000000082b00000| Untracked 
|  44|0x0000000082c00000, 0x0000000082d00000, 0x0000000082d00000|100%| O|  |TAMS 0x0000000082d00000, 0x0000000082c00000| Untracked 
|  45|0x0000000082d00000, 0x0000000082e00000, 0x0000000082e00000|100%| O|  |TAMS 0x0000000082e00000, 0x0000000082d00000| Untracked 
|  46|0x0000000082e00000, 0x0000000082f00000, 0x0000000082f00000|100%| O|  |TAMS 0x0000000082f00000, 0x0000000082e00000| Untracked 
|  47|0x0000000082f00000, 0x0000000083000000, 0x0000000083000000|100%| O|  |TAMS 0x0000000083000000, 0x0000000082f00000| Untracked 
|  48|0x0000000083000000, 0x0000000083100000, 0x0000000083100000|100%| O|  |TAMS 0x0000000083100000, 0x0000000083000000| Untracked 
|  49|0x0000000083100000, 0x0000000083200000, 0x0000000083200000|100%| O|  |TAMS 0x0000000083200000, 0x0000000083100000| Untracked 
|  50|0x0000000083200000, 0x0000000083300000, 0x0000000083300000|100%| O|  |TAMS 0x0000000083300000, 0x0000000083200000| Untracked 
|  51|0x0000000083300000, 0x0000000083400000, 0x0000000083400000|100%| O|  |TAMS 0x0000000083400000, 0x0000000083300000| Untracked 
|  52|0x0000000083400000, 0x0000000083500000, 0x0000000083500000|100%| O|  |TAMS 0x0000000083500000, 0x0000000083400000| Untracked 
|  53|0x0000000083500000, 0x0000000083600000, 0x0000000083600000|100%| O|  |TAMS 0x0000000083600000, 0x0000000083500000| Untracked 
|  54|0x0000000083600000, 0x0000000083700000, 0x0000000083700000|100%| O|  |TAMS 0x0000000083700000, 0x0000000083600000| Untracked 
|  55|0x0000000083700000, 0x0000000083800000, 0x0000000083800000|100%| O|  |TAMS 0x0000000083800000, 0x0000000083700000| Untracked 
|  56|0x0000000083800000, 0x0000000083900000, 0x0000000083900000|100%| O|  |TAMS 0x0000000083900000, 0x0000000083800000| Untracked 
|  57|0x0000000083900000, 0x0000000083a00000, 0x0000000083a00000|100%| O|  |TAMS 0x0000000083a00000, 0x0000000083900000| Untracked 
|  58|0x0000000083a00000, 0x0000000083b00000, 0x0000000083b00000|100%| O|  |TAMS 0x0000000083b00000, 0x0000000083a00000| Untracked 
|  59|0x0000000083b00000, 0x0000000083c00000, 0x0000000083c00000|100%| O|  |TAMS 0x0000000083c00000, 0x0000000083b00000| Untracked 
|  60|0x0000000083c00000, 0x0000000083d00000, 0x0000000083d00000|100%| O|  |TAMS 0x0000000083d00000, 0x0000000083c00000| Untracked 
|  61|0x0000000083d00000, 0x0000000083e00000, 0x0000000083e00000|100%| O|  |TAMS 0x0000000083e00000, 0x0000000083d00000| Untracked 
|  62|0x0000000083e00000, 0x0000000083f00000, 0x0000000083f00000|100%| O|  |TAMS 0x0000000083f00000, 0x0000000083e00000| Untracked 
|  63|0x0000000083f00000, 0x0000000084000000, 0x0000000084000000|100%| O|  |TAMS 0x0000000084000000, 0x0000000083f00000| Untracked 
|  64|0x0000000084000000, 0x0000000084100000, 0x0000000084100000|100%| O|  |TAMS 0x0000000084100000, 0x0000000084000000| Untracked 
|  65|0x0000000084100000, 0x0000000084200000, 0x0000000084200000|100%| O|  |TAMS 0x0000000084200000, 0x0000000084100000| Untracked 
|  66|0x0000000084200000, 0x0000000084300000, 0x0000000084300000|100%| O|  |TAMS 0x0000000084300000, 0x0000000084200000| Untracked 
|  67|0x0000000084300000, 0x0000000084400000, 0x0000000084400000|100%| O|  |TAMS 0x0000000084400000, 0x0000000084300000| Untracked 
|  68|0x0000000084400000, 0x0000000084500000, 0x0000000084500000|100%| O|  |TAMS 0x0000000084500000, 0x0000000084400000| Untracked 
|  69|0x0000000084500000, 0x0000000084600000, 0x0000000084600000|100%| O|  |TAMS 0x0000000084600000, 0x0000000084500000| Untracked 
|  70|0x0000000084600000, 0x0000000084700000, 0x0000000084700000|100%| O|  |TAMS 0x0000000084700000, 0x0000000084600000| Untracked 
|  71|0x0000000084700000, 0x0000000084800000, 0x0000000084800000|100%| O|  |TAMS 0x0000000084800000, 0x0000000084700000| Untracked 
|  72|0x0000000084800000, 0x0000000084900000, 0x0000000084900000|100%| O|  |TAMS 0x0000000084900000, 0x0000000084800000| Untracked 
|  73|0x0000000084900000, 0x0000000084a00000, 0x0000000084a00000|100%| O|  |TAMS 0x0000000084a00000, 0x0000000084900000| Untracked 
|  74|0x0000000084a00000, 0x0000000084b00000, 0x0000000084b00000|100%| O|  |TAMS 0x0000000084b00000, 0x0000000084a00000| Untracked 
|  75|0x0000000084b00000, 0x0000000084c00000, 0x0000000084c00000|100%| O|  |TAMS 0x0000000084c00000, 0x0000000084b00000| Untracked 
|  76|0x0000000084c00000, 0x0000000084d00000, 0x0000000084d00000|100%| O|  |TAMS 0x0000000084c00000, 0x0000000084c00000| Untracked 
|  77|0x0000000084d00000, 0x0000000084e00000, 0x0000000084e00000|100%| O|  |TAMS 0x0000000084e00000, 0x0000000084d00000| Untracked 
|  78|0x0000000084e00000, 0x0000000084f00000, 0x0000000084f00000|100%| O|  |TAMS 0x0000000084f00000, 0x0000000084e00000| Untracked 
|  79|0x0000000084f00000, 0x0000000085000000, 0x0000000085000000|100%| O|  |TAMS 0x0000000085000000, 0x0000000084f00000| Untracked 
|  80|0x0000000085000000, 0x0000000085100000, 0x0000000085100000|100%| O|  |TAMS 0x0000000085100000, 0x0000000085000000| Untracked 
|  81|0x0000000085100000, 0x0000000085200000, 0x0000000085200000|100%| O|  |TAMS 0x0000000085200000, 0x0000000085100000| Untracked 
|  82|0x0000000085200000, 0x0000000085300000, 0x0000000085300000|100%| O|  |TAMS 0x0000000085300000, 0x0000000085200000| Untracked 
|  83|0x0000000085300000, 0x0000000085400000, 0x0000000085400000|100%|HS|  |TAMS 0x0000000085400000, 0x0000000085300000| Complete 
|  84|0x0000000085400000, 0x0000000085500000, 0x0000000085500000|100%|HC|  |TAMS 0x0000000085500000, 0x0000000085400000| Complete 
|  85|0x0000000085500000, 0x0000000085600000, 0x0000000085600000|100%| O|  |TAMS 0x0000000085600000, 0x0000000085500000| Untracked 
|  86|0x0000000085600000, 0x0000000085700000, 0x0000000085700000|100%| O|  |TAMS 0x0000000085700000, 0x0000000085600000| Untracked 
|  87|0x0000000085700000, 0x0000000085800000, 0x0000000085800000|100%| O|  |TAMS 0x0000000085800000, 0x0000000085700000| Untracked 
|  88|0x0000000085800000, 0x0000000085900000, 0x0000000085900000|100%| O|  |TAMS 0x0000000085900000, 0x0000000085800000| Untracked 
|  89|0x0000000085900000, 0x0000000085a00000, 0x0000000085a00000|100%| O|  |TAMS 0x0000000085a00000, 0x0000000085900000| Untracked 
|  90|0x0000000085a00000, 0x0000000085b00000, 0x0000000085b00000|100%| O|  |TAMS 0x0000000085b00000, 0x0000000085a00000| Untracked 
|  91|0x0000000085b00000, 0x0000000085b00000, 0x0000000085c00000|  0%| F|  |TAMS 0x0000000085b00000, 0x0000000085b00000| Untracked 
|  92|0x0000000085c00000, 0x0000000085d00000, 0x0000000085d00000|100%| O|  |TAMS 0x0000000085d00000, 0x0000000085c00000| Untracked 
|  93|0x0000000085d00000, 0x0000000085e00000, 0x0000000085e00000|100%| O|  |TAMS 0x0000000085e00000, 0x0000000085d00000| Untracked 
|  94|0x0000000085e00000, 0x0000000085f00000, 0x0000000085f00000|100%| O|  |TAMS 0x0000000085f00000, 0x0000000085e00000| Untracked 
|  95|0x0000000085f00000, 0x0000000086000000, 0x0000000086000000|100%| O|  |TAMS 0x0000000086000000, 0x0000000085f00000| Untracked 
|  96|0x0000000086000000, 0x0000000086100000, 0x0000000086100000|100%| O|  |TAMS 0x0000000086100000, 0x0000000086000000| Untracked 
|  97|0x0000000086100000, 0x0000000086200000, 0x0000000086200000|100%| O|  |TAMS 0x0000000086200000, 0x0000000086100000| Untracked 
|  98|0x0000000086200000, 0x0000000086300000, 0x0000000086300000|100%| O|  |TAMS 0x0000000086300000, 0x0000000086200000| Untracked 
|  99|0x0000000086300000, 0x0000000086400000, 0x0000000086400000|100%| O|  |TAMS 0x0000000086400000, 0x0000000086300000| Untracked 
| 100|0x0000000086400000, 0x0000000086500000, 0x0000000086500000|100%| O|  |TAMS 0x00000000864ee800, 0x0000000086400000| Untracked 
| 101|0x0000000086500000, 0x0000000086600000, 0x0000000086600000|100%| O|  |TAMS 0x0000000086500000, 0x0000000086500000| Untracked 
| 102|0x0000000086600000, 0x0000000086700000, 0x0000000086700000|100%| O|  |TAMS 0x0000000086600000, 0x0000000086600000| Untracked 
| 103|0x0000000086700000, 0x0000000086800000, 0x0000000086800000|100%| O|  |TAMS 0x0000000086700000, 0x0000000086700000| Untracked 
| 104|0x0000000086800000, 0x0000000086866a00, 0x0000000086900000| 40%| O|  |TAMS 0x0000000086800000, 0x0000000086800000| Untracked 
| 105|0x0000000086900000, 0x0000000086900000, 0x0000000086a00000|  0%| F|  |TAMS 0x0000000086900000, 0x0000000086900000| Untracked 
| 106|0x0000000086a00000, 0x0000000086a00000, 0x0000000086b00000|  0%| F|  |TAMS 0x0000000086a00000, 0x0000000086a00000| Untracked 
| 107|0x0000000086b00000, 0x0000000086b00000, 0x0000000086c00000|  0%| F|  |TAMS 0x0000000086b00000, 0x0000000086b00000| Untracked 
| 108|0x0000000086c00000, 0x0000000086c00000, 0x0000000086d00000|  0%| F|  |TAMS 0x0000000086c00000, 0x0000000086c00000| Untracked 
| 109|0x0000000086d00000, 0x0000000086d00000, 0x0000000086e00000|  0%| F|  |TAMS 0x0000000086d00000, 0x0000000086d00000| Untracked 
| 110|0x0000000086e00000, 0x0000000086e00000, 0x0000000086f00000|  0%| F|  |TAMS 0x0000000086e00000, 0x0000000086e00000| Untracked 
| 111|0x0000000086f00000, 0x0000000086f00000, 0x0000000087000000|  0%| F|  |TAMS 0x0000000086f00000, 0x0000000086f00000| Untracked 
| 112|0x0000000087000000, 0x0000000087000000, 0x0000000087100000|  0%| F|  |TAMS 0x0000000087000000, 0x0000000087000000| Untracked 
| 113|0x0000000087100000, 0x0000000087100000, 0x0000000087200000|  0%| F|  |TAMS 0x0000000087100000, 0x0000000087100000| Untracked 
| 114|0x0000000087200000, 0x0000000087200000, 0x0000000087300000|  0%| F|  |TAMS 0x0000000087200000, 0x0000000087200000| Untracked 
| 115|0x0000000087300000, 0x0000000087300000, 0x0000000087400000|  0%| F|  |TAMS 0x0000000087300000, 0x0000000087300000| Untracked 
| 116|0x0000000087400000, 0x0000000087400000, 0x0000000087500000|  0%| F|  |TAMS 0x0000000087400000, 0x0000000087400000| Untracked 
| 117|0x0000000087500000, 0x0000000087500000, 0x0000000087600000|  0%| F|  |TAMS 0x0000000087500000, 0x0000000087500000| Untracked 
| 118|0x0000000087600000, 0x0000000087600000, 0x0000000087700000|  0%| F|  |TAMS 0x0000000087600000, 0x0000000087600000| Untracked 
| 119|0x0000000087700000, 0x0000000087700000, 0x0000000087800000|  0%| F|  |TAMS 0x0000000087700000, 0x0000000087700000| Untracked 
| 120|0x0000000087800000, 0x0000000087800000, 0x0000000087900000|  0%| F|  |TAMS 0x0000000087800000, 0x0000000087800000| Untracked 
| 121|0x0000000087900000, 0x0000000087900000, 0x0000000087a00000|  0%| F|  |TAMS 0x0000000087900000, 0x0000000087900000| Untracked 
| 122|0x0000000087a00000, 0x0000000087a00000, 0x0000000087b00000|  0%| F|  |TAMS 0x0000000087a00000, 0x0000000087a00000| Untracked 
| 123|0x0000000087b00000, 0x0000000087b00000, 0x0000000087c00000|  0%| F|  |TAMS 0x0000000087b00000, 0x0000000087b00000| Untracked 
| 124|0x0000000087c00000, 0x0000000087c00000, 0x0000000087d00000|  0%| F|  |TAMS 0x0000000087c00000, 0x0000000087c00000| Untracked 
| 125|0x0000000087d00000, 0x0000000087d00000, 0x0000000087e00000|  0%| F|  |TAMS 0x0000000087d00000, 0x0000000087d00000| Untracked 
| 126|0x0000000087e00000, 0x0000000087e00000, 0x0000000087f00000|  0%| F|  |TAMS 0x0000000087e00000, 0x0000000087e00000| Untracked 
| 127|0x0000000087f00000, 0x0000000087f00000, 0x0000000088000000|  0%| F|  |TAMS 0x0000000087f00000, 0x0000000087f00000| Untracked 
| 128|0x0000000088000000, 0x0000000088000000, 0x0000000088100000|  0%| F|  |TAMS 0x0000000088000000, 0x0000000088000000| Untracked 
| 129|0x0000000088100000, 0x0000000088100000, 0x0000000088200000|  0%| F|  |TAMS 0x0000000088100000, 0x0000000088100000| Untracked 
| 130|0x0000000088200000, 0x0000000088200000, 0x0000000088300000|  0%| F|  |TAMS 0x0000000088200000, 0x0000000088200000| Untracked 
| 131|0x0000000088300000, 0x0000000088300000, 0x0000000088400000|  0%| F|  |TAMS 0x0000000088300000, 0x0000000088300000| Untracked 
| 132|0x0000000088400000, 0x0000000088400000, 0x0000000088500000|  0%| F|  |TAMS 0x0000000088400000, 0x0000000088400000| Untracked 
| 133|0x0000000088500000, 0x0000000088500000, 0x0000000088600000|  0%| F|  |TAMS 0x0000000088500000, 0x0000000088500000| Untracked 
| 134|0x0000000088600000, 0x00000000886f2d00, 0x0000000088700000| 94%| S|CS|TAMS 0x0000000088600000, 0x0000000088600000| Complete 
| 135|0x0000000088700000, 0x0000000088800000, 0x0000000088800000|100%| S|CS|TAMS 0x0000000088700000, 0x0000000088700000| Complete 
| 136|0x0000000088800000, 0x0000000088900000, 0x0000000088900000|100%| S|CS|TAMS 0x0000000088800000, 0x0000000088800000| Complete 
| 137|0x0000000088900000, 0x0000000088a00000, 0x0000000088a00000|100%| S|CS|TAMS 0x0000000088900000, 0x0000000088900000| Complete 
| 138|0x0000000088a00000, 0x0000000088a00000, 0x0000000088b00000|  0%| F|  |TAMS 0x0000000088a00000, 0x0000000088a00000| Untracked 
| 139|0x0000000088b00000, 0x0000000088b00000, 0x0000000088c00000|  0%| F|  |TAMS 0x0000000088b00000, 0x0000000088b00000| Untracked 
| 140|0x0000000088c00000, 0x0000000088c00000, 0x0000000088d00000|  0%| F|  |TAMS 0x0000000088c00000, 0x0000000088c00000| Untracked 
| 141|0x0000000088d00000, 0x0000000088d00000, 0x0000000088e00000|  0%| F|  |TAMS 0x0000000088d00000, 0x0000000088d00000| Untracked 
| 142|0x0000000088e00000, 0x0000000088e00000, 0x0000000088f00000|  0%| F|  |TAMS 0x0000000088e00000, 0x0000000088e00000| Untracked 
| 143|0x0000000088f00000, 0x0000000088f00000, 0x0000000089000000|  0%| F|  |TAMS 0x0000000088f00000, 0x0000000088f00000| Untracked 
| 144|0x0000000089000000, 0x0000000089000000, 0x0000000089100000|  0%| F|  |TAMS 0x0000000089000000, 0x0000000089000000| Untracked 
| 145|0x0000000089100000, 0x0000000089100000, 0x0000000089200000|  0%| F|  |TAMS 0x0000000089100000, 0x0000000089100000| Untracked 
| 146|0x0000000089200000, 0x0000000089200000, 0x0000000089300000|  0%| F|  |TAMS 0x0000000089200000, 0x0000000089200000| Untracked 
| 147|0x0000000089300000, 0x0000000089300000, 0x0000000089400000|  0%| F|  |TAMS 0x0000000089300000, 0x0000000089300000| Untracked 
| 148|0x0000000089400000, 0x0000000089400000, 0x0000000089500000|  0%| F|  |TAMS 0x0000000089400000, 0x0000000089400000| Untracked 
| 149|0x0000000089500000, 0x0000000089500000, 0x0000000089600000|  0%| F|  |TAMS 0x0000000089500000, 0x0000000089500000| Untracked 
| 150|0x0000000089600000, 0x0000000089600000, 0x0000000089700000|  0%| F|  |TAMS 0x0000000089600000, 0x0000000089600000| Untracked 
| 151|0x0000000089700000, 0x0000000089700000, 0x0000000089800000|  0%| F|  |TAMS 0x0000000089700000, 0x0000000089700000| Untracked 
| 152|0x0000000089800000, 0x0000000089800000, 0x0000000089900000|  0%| F|  |TAMS 0x0000000089800000, 0x0000000089800000| Untracked 
| 153|0x0000000089900000, 0x0000000089900000, 0x0000000089a00000|  0%| F|  |TAMS 0x0000000089900000, 0x0000000089900000| Untracked 
| 154|0x0000000089a00000, 0x0000000089a00000, 0x0000000089b00000|  0%| F|  |TAMS 0x0000000089a00000, 0x0000000089a00000| Untracked 
| 155|0x0000000089b00000, 0x0000000089b00000, 0x0000000089c00000|  0%| F|  |TAMS 0x0000000089b00000, 0x0000000089b00000| Untracked 
| 156|0x0000000089c00000, 0x0000000089c00000, 0x0000000089d00000|  0%| F|  |TAMS 0x0000000089c00000, 0x0000000089c00000| Untracked 
| 157|0x0000000089d00000, 0x0000000089d00000, 0x0000000089e00000|  0%| F|  |TAMS 0x0000000089d00000, 0x0000000089d00000| Untracked 
| 158|0x0000000089e00000, 0x0000000089e00000, 0x0000000089f00000|  0%| F|  |TAMS 0x0000000089e00000, 0x0000000089e00000| Untracked 
| 159|0x0000000089f00000, 0x0000000089f00000, 0x000000008a000000|  0%| F|  |TAMS 0x0000000089f00000, 0x0000000089f00000| Untracked 
| 160|0x000000008a000000, 0x000000008a000000, 0x000000008a100000|  0%| F|  |TAMS 0x000000008a000000, 0x000000008a000000| Untracked 
| 161|0x000000008a100000, 0x000000008a100000, 0x000000008a200000|  0%| F|  |TAMS 0x000000008a100000, 0x000000008a100000| Untracked 
| 162|0x000000008a200000, 0x000000008a200000, 0x000000008a300000|  0%| F|  |TAMS 0x000000008a200000, 0x000000008a200000| Untracked 
| 163|0x000000008a300000, 0x000000008a300000, 0x000000008a400000|  0%| F|  |TAMS 0x000000008a300000, 0x000000008a300000| Untracked 
| 164|0x000000008a400000, 0x000000008a400000, 0x000000008a500000|  0%| F|  |TAMS 0x000000008a400000, 0x000000008a400000| Untracked 
| 165|0x000000008a500000, 0x000000008a500000, 0x000000008a600000|  0%| F|  |TAMS 0x000000008a500000, 0x000000008a500000| Untracked 
| 166|0x000000008a600000, 0x000000008a600000, 0x000000008a700000|  0%| F|  |TAMS 0x000000008a600000, 0x000000008a600000| Untracked 
| 167|0x000000008a700000, 0x000000008a700000, 0x000000008a800000|  0%| F|  |TAMS 0x000000008a700000, 0x000000008a700000| Untracked 
| 168|0x000000008a800000, 0x000000008a800000, 0x000000008a900000|  0%| F|  |TAMS 0x000000008a800000, 0x000000008a800000| Untracked 
| 169|0x000000008a900000, 0x000000008a900000, 0x000000008aa00000|  0%| F|  |TAMS 0x000000008a900000, 0x000000008a900000| Untracked 
| 170|0x000000008aa00000, 0x000000008aa00000, 0x000000008ab00000|  0%| F|  |TAMS 0x000000008aa00000, 0x000000008aa00000| Untracked 
| 171|0x000000008ab00000, 0x000000008ab00000, 0x000000008ac00000|  0%| F|  |TAMS 0x000000008ab00000, 0x000000008ab00000| Untracked 
| 172|0x000000008ac00000, 0x000000008ac00000, 0x000000008ad00000|  0%| F|  |TAMS 0x000000008ac00000, 0x000000008ac00000| Untracked 
| 173|0x000000008ad00000, 0x000000008ad00000, 0x000000008ae00000|  0%| F|  |TAMS 0x000000008ad00000, 0x000000008ad00000| Untracked 
| 174|0x000000008ae00000, 0x000000008ae00000, 0x000000008af00000|  0%| F|  |TAMS 0x000000008ae00000, 0x000000008ae00000| Untracked 
| 175|0x000000008af00000, 0x000000008af00000, 0x000000008b000000|  0%| F|  |TAMS 0x000000008af00000, 0x000000008af00000| Untracked 
| 176|0x000000008b000000, 0x000000008b000000, 0x000000008b100000|  0%| F|  |TAMS 0x000000008b000000, 0x000000008b000000| Untracked 
| 177|0x000000008b100000, 0x000000008b100000, 0x000000008b200000|  0%| F|  |TAMS 0x000000008b100000, 0x000000008b100000| Untracked 
| 178|0x000000008b200000, 0x000000008b200000, 0x000000008b300000|  0%| F|  |TAMS 0x000000008b200000, 0x000000008b200000| Untracked 
| 179|0x000000008b300000, 0x000000008b300000, 0x000000008b400000|  0%| F|  |TAMS 0x000000008b300000, 0x000000008b300000| Untracked 
| 180|0x000000008b400000, 0x000000008b400000, 0x000000008b500000|  0%| F|  |TAMS 0x000000008b400000, 0x000000008b400000| Untracked 
| 181|0x000000008b500000, 0x000000008b500000, 0x000000008b600000|  0%| F|  |TAMS 0x000000008b500000, 0x000000008b500000| Untracked 
| 182|0x000000008b600000, 0x000000008b600000, 0x000000008b700000|  0%| F|  |TAMS 0x000000008b600000, 0x000000008b600000| Untracked 
| 183|0x000000008b700000, 0x000000008b700000, 0x000000008b800000|  0%| F|  |TAMS 0x000000008b700000, 0x000000008b700000| Untracked 
| 184|0x000000008b800000, 0x000000008b800000, 0x000000008b900000|  0%| F|  |TAMS 0x000000008b800000, 0x000000008b800000| Untracked 
| 185|0x000000008b900000, 0x000000008b900000, 0x000000008ba00000|  0%| F|  |TAMS 0x000000008b900000, 0x000000008b900000| Untracked 
| 186|0x000000008ba00000, 0x000000008ba00000, 0x000000008bb00000|  0%| F|  |TAMS 0x000000008ba00000, 0x000000008ba00000| Untracked 
| 187|0x000000008bb00000, 0x000000008bb00000, 0x000000008bc00000|  0%| F|  |TAMS 0x000000008bb00000, 0x000000008bb00000| Untracked 
| 188|0x000000008bc00000, 0x000000008bc00000, 0x000000008bd00000|  0%| F|  |TAMS 0x000000008bc00000, 0x000000008bc00000| Untracked 
| 189|0x000000008bd00000, 0x000000008bd00000, 0x000000008be00000|  0%| F|  |TAMS 0x000000008bd00000, 0x000000008bd00000| Untracked 
| 190|0x000000008be00000, 0x000000008be00000, 0x000000008bf00000|  0%| F|  |TAMS 0x000000008be00000, 0x000000008be00000| Untracked 
| 191|0x000000008bf00000, 0x000000008bf00000, 0x000000008c000000|  0%| F|  |TAMS 0x000000008bf00000, 0x000000008bf00000| Untracked 
| 192|0x000000008c000000, 0x000000008c000000, 0x000000008c100000|  0%| F|  |TAMS 0x000000008c000000, 0x000000008c000000| Untracked 
| 193|0x000000008c100000, 0x000000008c100000, 0x000000008c200000|  0%| F|  |TAMS 0x000000008c100000, 0x000000008c100000| Untracked 
| 194|0x000000008c200000, 0x000000008c200000, 0x000000008c300000|  0%| F|  |TAMS 0x000000008c200000, 0x000000008c200000| Untracked 
| 195|0x000000008c300000, 0x000000008c300000, 0x000000008c400000|  0%| F|  |TAMS 0x000000008c300000, 0x000000008c300000| Untracked 
| 196|0x000000008c400000, 0x000000008c400000, 0x000000008c500000|  0%| F|  |TAMS 0x000000008c400000, 0x000000008c400000| Untracked 
| 197|0x000000008c500000, 0x000000008c500000, 0x000000008c600000|  0%| F|  |TAMS 0x000000008c500000, 0x000000008c500000| Untracked 
| 198|0x000000008c600000, 0x000000008c600000, 0x000000008c700000|  0%| F|  |TAMS 0x000000008c600000, 0x000000008c600000| Untracked 
| 199|0x000000008c700000, 0x000000008c700000, 0x000000008c800000|  0%| F|  |TAMS 0x000000008c700000, 0x000000008c700000| Untracked 
| 200|0x000000008c800000, 0x000000008c800000, 0x000000008c900000|  0%| F|  |TAMS 0x000000008c800000, 0x000000008c800000| Untracked 
| 201|0x000000008c900000, 0x000000008c900000, 0x000000008ca00000|  0%| F|  |TAMS 0x000000008c900000, 0x000000008c900000| Untracked 
| 202|0x000000008ca00000, 0x000000008ca00000, 0x000000008cb00000|  0%| F|  |TAMS 0x000000008ca00000, 0x000000008ca00000| Untracked 
| 203|0x000000008cb00000, 0x000000008cb00000, 0x000000008cc00000|  0%| F|  |TAMS 0x000000008cb00000, 0x000000008cb00000| Untracked 
| 204|0x000000008cc00000, 0x000000008cc00000, 0x000000008cd00000|  0%| F|  |TAMS 0x000000008cc00000, 0x000000008cc00000| Untracked 
| 205|0x000000008cd00000, 0x000000008cd00000, 0x000000008ce00000|  0%| F|  |TAMS 0x000000008cd00000, 0x000000008cd00000| Untracked 
| 206|0x000000008ce00000, 0x000000008ce00000, 0x000000008cf00000|  0%| F|  |TAMS 0x000000008ce00000, 0x000000008ce00000| Untracked 
| 207|0x000000008cf00000, 0x000000008cf00000, 0x000000008d000000|  0%| F|  |TAMS 0x000000008cf00000, 0x000000008cf00000| Untracked 
| 208|0x000000008d000000, 0x000000008d000000, 0x000000008d100000|  0%| F|  |TAMS 0x000000008d000000, 0x000000008d000000| Untracked 
| 209|0x000000008d100000, 0x000000008d100000, 0x000000008d200000|  0%| F|  |TAMS 0x000000008d100000, 0x000000008d100000| Untracked 
| 210|0x000000008d200000, 0x000000008d200000, 0x000000008d300000|  0%| F|  |TAMS 0x000000008d200000, 0x000000008d200000| Untracked 
| 211|0x000000008d300000, 0x000000008d300000, 0x000000008d400000|  0%| F|  |TAMS 0x000000008d300000, 0x000000008d300000| Untracked 
| 212|0x000000008d400000, 0x000000008d400000, 0x000000008d500000|  0%| F|  |TAMS 0x000000008d400000, 0x000000008d400000| Untracked 
| 213|0x000000008d500000, 0x000000008d500000, 0x000000008d600000|  0%| F|  |TAMS 0x000000008d500000, 0x000000008d500000| Untracked 
| 214|0x000000008d600000, 0x000000008d600000, 0x000000008d700000|  0%| F|  |TAMS 0x000000008d600000, 0x000000008d600000| Untracked 
| 215|0x000000008d700000, 0x000000008d700000, 0x000000008d800000|  0%| F|  |TAMS 0x000000008d700000, 0x000000008d700000| Untracked 
| 216|0x000000008d800000, 0x000000008d800000, 0x000000008d900000|  0%| F|  |TAMS 0x000000008d800000, 0x000000008d800000| Untracked 
| 217|0x000000008d900000, 0x000000008d900000, 0x000000008da00000|  0%| F|  |TAMS 0x000000008d900000, 0x000000008d900000| Untracked 
| 218|0x000000008da00000, 0x000000008da00000, 0x000000008db00000|  0%| F|  |TAMS 0x000000008da00000, 0x000000008da00000| Untracked 
| 219|0x000000008db00000, 0x000000008db00000, 0x000000008dc00000|  0%| F|  |TAMS 0x000000008db00000, 0x000000008db00000| Untracked 
| 220|0x000000008dc00000, 0x000000008dc00000, 0x000000008dd00000|  0%| F|  |TAMS 0x000000008dc00000, 0x000000008dc00000| Untracked 
| 221|0x000000008dd00000, 0x000000008dd00000, 0x000000008de00000|  0%| F|  |TAMS 0x000000008dd00000, 0x000000008dd00000| Untracked 
| 222|0x000000008de00000, 0x000000008de00000, 0x000000008df00000|  0%| F|  |TAMS 0x000000008de00000, 0x000000008de00000| Untracked 
| 223|0x000000008df00000, 0x000000008df00000, 0x000000008e000000|  0%| F|  |TAMS 0x000000008df00000, 0x000000008df00000| Untracked 
| 224|0x000000008e000000, 0x000000008e000000, 0x000000008e100000|  0%| F|  |TAMS 0x000000008e000000, 0x000000008e000000| Untracked 
| 225|0x000000008e100000, 0x000000008e100000, 0x000000008e200000|  0%| F|  |TAMS 0x000000008e100000, 0x000000008e100000| Untracked 
| 226|0x000000008e200000, 0x000000008e200000, 0x000000008e300000|  0%| F|  |TAMS 0x000000008e200000, 0x000000008e200000| Untracked 
| 227|0x000000008e300000, 0x000000008e300000, 0x000000008e400000|  0%| F|  |TAMS 0x000000008e300000, 0x000000008e300000| Untracked 
| 228|0x000000008e400000, 0x000000008e400000, 0x000000008e500000|  0%| F|  |TAMS 0x000000008e400000, 0x000000008e400000| Untracked 
| 229|0x000000008e500000, 0x000000008e500000, 0x000000008e600000|  0%| F|  |TAMS 0x000000008e500000, 0x000000008e500000| Untracked 
| 230|0x000000008e600000, 0x000000008e600000, 0x000000008e700000|  0%| F|  |TAMS 0x000000008e600000, 0x000000008e600000| Untracked 
| 231|0x000000008e700000, 0x000000008e700000, 0x000000008e800000|  0%| F|  |TAMS 0x000000008e700000, 0x000000008e700000| Untracked 
| 232|0x000000008e800000, 0x000000008e800000, 0x000000008e900000|  0%| F|  |TAMS 0x000000008e800000, 0x000000008e800000| Untracked 
| 233|0x000000008e900000, 0x000000008e900000, 0x000000008ea00000|  0%| F|  |TAMS 0x000000008e900000, 0x000000008e900000| Untracked 
| 234|0x000000008ea00000, 0x000000008ea00000, 0x000000008eb00000|  0%| F|  |TAMS 0x000000008ea00000, 0x000000008ea00000| Untracked 
| 235|0x000000008eb00000, 0x000000008eb00000, 0x000000008ec00000|  0%| F|  |TAMS 0x000000008eb00000, 0x000000008eb00000| Untracked 
| 236|0x000000008ec00000, 0x000000008ec00000, 0x000000008ed00000|  0%| F|  |TAMS 0x000000008ec00000, 0x000000008ec00000| Untracked 
| 237|0x000000008ed00000, 0x000000008ed00000, 0x000000008ee00000|  0%| F|  |TAMS 0x000000008ed00000, 0x000000008ed00000| Untracked 
| 238|0x000000008ee00000, 0x000000008ee00000, 0x000000008ef00000|  0%| F|  |TAMS 0x000000008ee00000, 0x000000008ee00000| Untracked 
| 239|0x000000008ef00000, 0x000000008ef00000, 0x000000008f000000|  0%| F|  |TAMS 0x000000008ef00000, 0x000000008ef00000| Untracked 
| 240|0x000000008f000000, 0x000000008f000000, 0x000000008f100000|  0%| F|  |TAMS 0x000000008f000000, 0x000000008f000000| Untracked 
| 241|0x000000008f100000, 0x000000008f100000, 0x000000008f200000|  0%| F|  |TAMS 0x000000008f100000, 0x000000008f100000| Untracked 
| 242|0x000000008f200000, 0x000000008f200000, 0x000000008f300000|  0%| F|  |TAMS 0x000000008f200000, 0x000000008f200000| Untracked 
| 243|0x000000008f300000, 0x000000008f300000, 0x000000008f400000|  0%| F|  |TAMS 0x000000008f300000, 0x000000008f300000| Untracked 
| 244|0x000000008f400000, 0x000000008f400000, 0x000000008f500000|  0%| F|  |TAMS 0x000000008f400000, 0x000000008f400000| Untracked 
| 245|0x000000008f500000, 0x000000008f500000, 0x000000008f600000|  0%| F|  |TAMS 0x000000008f500000, 0x000000008f500000| Untracked 
| 246|0x000000008f600000, 0x000000008f600000, 0x000000008f700000|  0%| F|  |TAMS 0x000000008f600000, 0x000000008f600000| Untracked 
| 247|0x000000008f700000, 0x000000008f700000, 0x000000008f800000|  0%| F|  |TAMS 0x000000008f700000, 0x000000008f700000| Untracked 
| 248|0x000000008f800000, 0x000000008f800000, 0x000000008f900000|  0%| F|  |TAMS 0x000000008f800000, 0x000000008f800000| Untracked 
| 249|0x000000008f900000, 0x000000008f900000, 0x000000008fa00000|  0%| F|  |TAMS 0x000000008f900000, 0x000000008f900000| Untracked 
| 250|0x000000008fa00000, 0x000000008fa00000, 0x000000008fb00000|  0%| F|  |TAMS 0x000000008fa00000, 0x000000008fa00000| Untracked 
| 251|0x000000008fb00000, 0x000000008fb00000, 0x000000008fc00000|  0%| F|  |TAMS 0x000000008fb00000, 0x000000008fb00000| Untracked 
| 252|0x000000008fc00000, 0x000000008fc00000, 0x000000008fd00000|  0%| F|  |TAMS 0x000000008fc00000, 0x000000008fc00000| Untracked 
| 253|0x000000008fd00000, 0x000000008fd00000, 0x000000008fe00000|  0%| F|  |TAMS 0x000000008fd00000, 0x000000008fd00000| Untracked 

Card table byte_map: [0x000001da24480000,0x000001da24880000] _byte_map_base: 0x000001da24080000

Marking Bits (Prev, Next): (CMBitMap*) 0x000001da118d8780, (CMBitMap*) 0x000001da118d87c0
 Prev Bits: [0x000001da24c80000, 0x000001da26c80000)
 Next Bits: [0x000001da26c80000, 0x000001da28c80000)

Polling page: 0x000001da0f7d0000

Metaspace:

Usage:
  Non-class:     92.25 MB used.
      Class:     14.24 MB used.
       Both:    106.49 MB used.

Virtual space:
  Non-class space:       96.00 MB reserved,      92.62 MB ( 96%) committed,  12 nodes.
      Class space:        1.00 GB reserved,      14.62 MB (  1%) committed,  1 nodes.
             Both:        1.09 GB reserved,     107.25 MB ( 10%) committed. 

Chunk freelists:
   Non-Class:  3.31 MB
       Class:  1.41 MB
        Both:  4.72 MB

MaxMetaspaceSize: unlimited
CompressedClassSpaceSize: 1.00 GB
Initial GC threshold: 21.00 MB
Current GC threshold: 173.75 MB
CDS: off
MetaspaceReclaimPolicy: balanced
 - commit_granule_bytes: 65536.
 - commit_granule_words: 8192.
 - virtual_space_node_default_size: 1048576.
 - enlarge_chunks_in_place: 1.
 - new_chunks_are_fully_committed: 0.
 - uncommit_free_chunks: 1.
 - use_allocation_guard: 0.
 - handle_deallocations: 1.


Internal statistics:

num_allocs_failed_limit: 9.
num_arena_births: 1120.
num_arena_deaths: 14.
num_vsnodes_births: 13.
num_vsnodes_deaths: 0.
num_space_committed: 1715.
num_space_uncommitted: 0.
num_chunks_returned_to_freelist: 28.
num_chunks_taken_from_freelist: 5145.
num_chunk_merges: 17.
num_chunk_splits: 3485.
num_chunks_enlarged: 2402.
num_purges: 2.
num_inconsistent_stats: 0.

CodeHeap 'non-profiled nmethods': size=120000Kb used=7180Kb max_used=7180Kb free=112819Kb
 bounds [0x000001da1c820000, 0x000001da1cf30000, 0x000001da23d50000]
CodeHeap 'profiled nmethods': size=120000Kb used=24531Kb max_used=24531Kb free=95469Kb
 bounds [0x000001da14d50000, 0x000001da16550000, 0x000001da1c280000]
CodeHeap 'non-nmethods': size=5760Kb used=2422Kb max_used=2490Kb free=3337Kb
 bounds [0x000001da1c280000, 0x000001da1c500000, 0x000001da1c820000]
 total_blobs=13467 nmethods=12507 adapters=872
 compilation: enabled
              stopped_count=0, restarted_count=0
 full_count=0

Compilation events (20 events):
Event: 11.855 Thread 0x000001da2c0ab810 14089       3       com.android.tools.r8.graph.p1::a (69 bytes)
Event: 11.856 Thread 0x000001da2c0ab810 nmethod 14089 0x000001da16540b10 code [0x000001da16540d40, 0x000001da165416c8]
Event: 11.856 Thread 0x000001da2c0ab810 14088       3       com.android.tools.r8.graph.r2::c (62 bytes)
Event: 11.857 Thread 0x000001da2c0ab810 nmethod 14088 0x000001da16541a90 code [0x000001da16541cc0, 0x000001da16542688]
Event: 11.857 Thread 0x000001da2c0ab810 14090       3       com.android.tools.r8.graph.x2::equals (37 bytes)
Event: 11.857 Thread 0x000001da2c0ab810 nmethod 14090 0x000001da16542910 code [0x000001da16542ae0, 0x000001da16542ee8]
Event: 11.857 Thread 0x000001da2c0ab810 14066       3       com.android.tools.r8.internal.Dk::a (19 bytes)
Event: 11.857 Thread 0x000001da2c0ab810 nmethod 14066 0x000001da16543010 code [0x000001da165431a0, 0x000001da16543318]
Event: 11.857 Thread 0x000001da2c0ab810 14087       3       com.android.tools.r8.internal.Hm::b (57 bytes)
Event: 11.857 Thread 0x000001da2c0ab810 nmethod 14087 0x000001da16543410 code [0x000001da165435e0, 0x000001da16543a38]
Event: 11.858 Thread 0x000001da2c0ab810 14091       3       com.android.tools.r8.graph.v2::s0 (8 bytes)
Event: 11.858 Thread 0x000001da2c0ab810 nmethod 14091 0x000001da16543c10 code [0x000001da16543dc0, 0x000001da16543f08]
Event: 11.858 Thread 0x000001da2c0ab810 14092       3       java.util.IdentityHashMap::nextKeyIndex (15 bytes)
Event: 11.858 Thread 0x000001da2c0ab810 nmethod 14092 0x000001da16544010 code [0x000001da165441a0, 0x000001da165442d8]
Event: 11.859 Thread 0x000001da2c0ab810 14093       3       java.util.IdentityHashMap::init (11 bytes)
Event: 11.859 Thread 0x000001da2c0ab810 nmethod 14093 0x000001da16544390 code [0x000001da16544520, 0x000001da16544718]
Event: 11.859 Thread 0x000001da2c0ab810 14094       3       com.android.tools.r8.graph.p1::a (13 bytes)
Event: 11.859 Thread 0x000001da2c0ab810 nmethod 14094 0x000001da16544810 code [0x000001da165449e0, 0x000001da16544d88]
Event: 11.859 Thread 0x000001da2c0ab810 14097       3       com.android.tools.r8.utils.u0::D (80 bytes)
Event: 11.859 Thread 0x000001da2c3fcee0 14098       4       com.android.tools.r8.graph.p1::a (52 bytes)

GC Heap History (20 events):
Event: 8.503 GC heap after
{Heap after GC invocations=22 (full 0):
 garbage-first heap   total 150528K, used 71746K [0x0000000080000000, 0x0000000100000000)
  region size 1024K, 9 young (9216K), 9 survivors (9216K)
 Metaspace       used 90957K, committed 91584K, reserved 1130496K
  class space    used 12320K, committed 12608K, reserved 1048576K
}
Event: 8.923 GC heap before
{Heap before GC invocations=22 (full 0):
 garbage-first heap   total 150528K, used 119874K [0x0000000080000000, 0x0000000100000000)
  region size 1024K, 56 young (57344K), 9 survivors (9216K)
 Metaspace       used 94552K, committed 95232K, reserved 1138688K
  class space    used 12824K, committed 13120K, reserved 1048576K
}
Event: 8.934 GC heap after
{Heap after GC invocations=23 (full 0):
 garbage-first heap   total 150528K, used 78615K [0x0000000080000000, 0x0000000100000000)
  region size 1024K, 7 young (7168K), 7 survivors (7168K)
 Metaspace       used 94552K, committed 95232K, reserved 1138688K
  class space    used 12824K, committed 13120K, reserved 1048576K
}
Event: 9.178 GC heap before
{Heap before GC invocations=23 (full 0):
 garbage-first heap   total 150528K, used 119575K [0x0000000080000000, 0x0000000100000000)
  region size 1024K, 48 young (49152K), 7 survivors (7168K)
 Metaspace       used 94884K, committed 95552K, reserved 1138688K
  class space    used 12855K, committed 13184K, reserved 1048576K
}
Event: 9.183 GC heap after
{Heap after GC invocations=24 (full 0):
 garbage-first heap   total 150528K, used 81784K [0x0000000080000000, 0x0000000100000000)
  region size 1024K, 4 young (4096K), 4 survivors (4096K)
 Metaspace       used 94884K, committed 95552K, reserved 1138688K
  class space    used 12855K, committed 13184K, reserved 1048576K
}
Event: 9.456 GC heap before
{Heap before GC invocations=25 (full 0):
 garbage-first heap   total 153600K, used 120696K [0x0000000080000000, 0x0000000100000000)
  region size 1024K, 43 young (44032K), 4 survivors (4096K)
 Metaspace       used 95301K, committed 95936K, reserved 1138688K
  class space    used 12878K, committed 13184K, reserved 1048576K
}
Event: 9.460 GC heap after
{Heap after GC invocations=26 (full 0):
 garbage-first heap   total 153600K, used 84853K [0x0000000080000000, 0x0000000100000000)
  region size 1024K, 6 young (6144K), 6 survivors (6144K)
 Metaspace       used 95301K, committed 95936K, reserved 1138688K
  class space    used 12878K, committed 13184K, reserved 1048576K
}
Event: 9.856 GC heap before
{Heap before GC invocations=26 (full 0):
 garbage-first heap   total 153600K, used 124789K [0x0000000080000000, 0x0000000100000000)
  region size 1024K, 46 young (47104K), 6 survivors (6144K)
 Metaspace       used 98608K, committed 99392K, reserved 1138688K
  class space    used 13348K, committed 13760K, reserved 1048576K
}
Event: 9.864 GC heap after
{Heap after GC invocations=27 (full 0):
 garbage-first heap   total 184320K, used 89452K [0x0000000080000000, 0x0000000100000000)
  region size 1024K, 5 young (5120K), 5 survivors (5120K)
 Metaspace       used 98608K, committed 99392K, reserved 1138688K
  class space    used 13348K, committed 13760K, reserved 1048576K
}
Event: 10.589 GC heap before
{Heap before GC invocations=28 (full 0):
 garbage-first heap   total 184320K, used 148844K [0x0000000080000000, 0x0000000100000000)
  region size 1024K, 62 young (63488K), 5 survivors (5120K)
 Metaspace       used 103945K, committed 104640K, reserved 1146880K
  class space    used 13969K, committed 14336K, reserved 1048576K
}
Event: 10.599 GC heap after
{Heap after GC invocations=29 (full 0):
 garbage-first heap   total 184320K, used 102400K [0x0000000080000000, 0x0000000100000000)
  region size 1024K, 8 young (8192K), 8 survivors (8192K)
 Metaspace       used 103945K, committed 104640K, reserved 1146880K
  class space    used 13969K, committed 14336K, reserved 1048576K
}
Event: 10.611 GC heap before
{Heap before GC invocations=29 (full 0):
 garbage-first heap   total 184320K, used 103424K [0x0000000080000000, 0x0000000100000000)
  region size 1024K, 9 young (9216K), 8 survivors (8192K)
 Metaspace       used 104001K, committed 104704K, reserved 1146880K
  class space    used 13977K, committed 14336K, reserved 1048576K
}
Event: 10.616 GC heap after
{Heap after GC invocations=30 (full 0):
 garbage-first heap   total 184320K, used 103354K [0x0000000080000000, 0x0000000100000000)
  region size 1024K, 1 young (1024K), 1 survivors (1024K)
 Metaspace       used 104001K, committed 104704K, reserved 1146880K
  class space    used 13977K, committed 14336K, reserved 1048576K
}
Event: 11.106 GC heap before
{Heap before GC invocations=30 (full 0):
 garbage-first heap   total 184320K, used 146362K [0x0000000080000000, 0x0000000100000000)
  region size 1024K, 43 young (44032K), 1 survivors (1024K)
 Metaspace       used 105795K, committed 106496K, reserved 1146880K
  class space    used 14160K, committed 14528K, reserved 1048576K
}
Event: 11.111 GC heap after
{Heap after GC invocations=31 (full 0):
 garbage-first heap   total 184320K, used 104326K [0x0000000080000000, 0x0000000100000000)
  region size 1024K, 2 young (2048K), 2 survivors (2048K)
 Metaspace       used 105795K, committed 106496K, reserved 1146880K
  class space    used 14160K, committed 14528K, reserved 1048576K
}
Event: 11.525 GC heap before
{Heap before GC invocations=32 (full 0):
 garbage-first heap   total 191488K, used 147334K [0x0000000080000000, 0x0000000100000000)
  region size 1024K, 45 young (46080K), 2 survivors (2048K)
 Metaspace       used 106609K, committed 107392K, reserved 1146880K
  class space    used 14240K, committed 14656K, reserved 1048576K
}
Event: 11.530 GC heap after
{Heap after GC invocations=33 (full 0):
 garbage-first heap   total 191488K, used 106662K [0x0000000080000000, 0x0000000100000000)
  region size 1024K, 5 young (5120K), 5 survivors (5120K)
 Metaspace       used 106609K, committed 107392K, reserved 1146880K
  class space    used 14240K, committed 14656K, reserved 1048576K
}
Event: 11.541 GC heap before
{Heap before GC invocations=33 (full 0):
 garbage-first heap   total 191488K, used 109734K [0x0000000080000000, 0x0000000100000000)
  region size 1024K, 9 young (9216K), 5 survivors (5120K)
 Metaspace       used 106616K, committed 107456K, reserved 1146880K
  class space    used 14240K, committed 14656K, reserved 1048576K
}
Event: 11.547 GC heap after
{Heap after GC invocations=34 (full 0):
 garbage-first heap   total 191488K, used 106498K [0x0000000080000000, 0x0000000100000000)
  region size 1024K, 1 young (1024K), 1 survivors (1024K)
 Metaspace       used 106616K, committed 107456K, reserved 1146880K
  class space    used 14240K, committed 14656K, reserved 1048576K
}
Event: 11.860 GC heap before
{Heap before GC invocations=34 (full 0):
 garbage-first heap   total 191488K, used 156674K [0x0000000080000000, 0x0000000100000000)
  region size 1024K, 49 young (50176K), 1 survivors (1024K)
 Metaspace       used 109046K, committed 109824K, reserved 1146880K
  class space    used 14585K, committed 14976K, reserved 1048576K
}

Dll operation events (2 events):
Event: 0.006 Loaded shared library C:\Program Files\Android\Android Studio\jbr\bin\java.dll
Event: 0.279 Loaded shared library C:\Program Files\Android\Android Studio\jbr\bin\verify.dll

Deoptimization events (20 events):
Event: 11.844 Thread 0x000001da38c8eed0 Uncommon trap: trap_request=0xffffff45 fr.pc=0x000001da1ce07b8c relative=0x00000000000001ec
Event: 11.844 Thread 0x000001da2d2dd580 Uncommon trap: trap_request=0xffffff45 fr.pc=0x000001da1cdf8dfc relative=0x00000000000001dc
Event: 11.844 Thread 0x000001da38c8eed0 Uncommon trap: reason=unstable_if action=reinterpret pc=0x000001da1ce07b8c method=jdk.internal.util.ArraysSupport.mismatch([B[BI)I @ 60 c2
Event: 11.844 Thread 0x000001da2d2dd580 Uncommon trap: reason=unstable_if action=reinterpret pc=0x000001da1cdf8dfc method=jdk.internal.util.ArraysSupport.mismatch([B[BI)I @ 60 c2
Event: 11.844 Thread 0x000001da2d2dd580 DEOPT PACKING pc=0x000001da1cdf8dfc sp=0x000000cb3aefcc40
Event: 11.844 Thread 0x000001da2d2dd580 DEOPT UNPACKING pc=0x000001da1c2d69a3 sp=0x000000cb3aefcc00 mode 2
Event: 11.844 Thread 0x000001da38c8eed0 DEOPT PACKING pc=0x000001da1ce07b8c sp=0x000000cb3b0fcdd0
Event: 11.844 Thread 0x000001da38c8eed0 DEOPT UNPACKING pc=0x000001da1c2d69a3 sp=0x000000cb3b0fcd18 mode 2
Event: 11.844 Thread 0x000001da38c90210 Uncommon trap: trap_request=0xffffff45 fr.pc=0x000001da1cdf8dfc relative=0x00000000000001dc
Event: 11.844 Thread 0x000001da38c90210 Uncommon trap: reason=unstable_if action=reinterpret pc=0x000001da1cdf8dfc method=jdk.internal.util.ArraysSupport.mismatch([B[BI)I @ 60 c2
Event: 11.844 Thread 0x000001da320986c0 DEOPT PACKING pc=0x000001da1ce07b8c sp=0x000000cb3b3fd000
Event: 11.844 Thread 0x000001da320986c0 DEOPT UNPACKING pc=0x000001da1c2d69a3 sp=0x000000cb3b3fcf48 mode 2
Event: 11.844 Thread 0x000001da38c90210 DEOPT PACKING pc=0x000001da1cdf8dfc sp=0x000000cb3affd1d0
Event: 11.844 Thread 0x000001da31e8ba10 Uncommon trap: trap_request=0xffffff45 fr.pc=0x000001da1cdf8dfc relative=0x00000000000001dc
Event: 11.844 Thread 0x000001da38c90210 DEOPT UNPACKING pc=0x000001da1c2d69a3 sp=0x000000cb3affd190 mode 2
Event: 11.844 Thread 0x000001da31e8ba10 Uncommon trap: reason=unstable_if action=reinterpret pc=0x000001da1cdf8dfc method=jdk.internal.util.ArraysSupport.mismatch([B[BI)I @ 60 c2
Event: 11.844 Thread 0x000001da31e8ba10 DEOPT PACKING pc=0x000001da1cdf8dfc sp=0x000000cb3adfd120
Event: 11.844 Thread 0x000001da31e8ba10 DEOPT UNPACKING pc=0x000001da1c2d69a3 sp=0x000000cb3adfd0e0 mode 2
Event: 11.851 Thread 0x000001da35e3bed0 DEOPT PACKING pc=0x000001da1641a1fe sp=0x000000cb3b1fcce0
Event: 11.851 Thread 0x000001da35e3bed0 DEOPT UNPACKING pc=0x000001da1c2d7143 sp=0x000000cb3b1fc150 mode 0

Classes unloaded (7 events):
Event: 9.957 Thread 0x000001da2b707470 Unloading class 0x0000000100ccdc00 'java/lang/invoke/LambdaForm$DMH+0x0000000100ccdc00'
Event: 9.957 Thread 0x000001da2b707470 Unloading class 0x0000000100ccd800 'java/lang/invoke/LambdaForm$DMH+0x0000000100ccd800'
Event: 9.957 Thread 0x000001da2b707470 Unloading class 0x0000000100ccd000 'java/lang/invoke/LambdaForm$DMH+0x0000000100ccd000'
Event: 9.957 Thread 0x000001da2b707470 Unloading class 0x0000000100ccd400 'java/lang/invoke/LambdaForm$DMH+0x0000000100ccd400'
Event: 9.957 Thread 0x000001da2b707470 Unloading class 0x0000000100ccc000 'java/lang/invoke/LambdaForm$DMH+0x0000000100ccc000'
Event: 9.957 Thread 0x000001da2b707470 Unloading class 0x0000000100cccc00 'java/lang/invoke/LambdaForm$DMH+0x0000000100cccc00'
Event: 9.957 Thread 0x000001da2b707470 Unloading class 0x0000000100ccc400 'java/lang/invoke/LambdaForm$DMH+0x0000000100ccc400'

Classes redefined (0 events):
No events

Internal exceptions (20 events):
Event: 11.402 Thread 0x000001da2e80c910 Exception <a 'sun/nio/fs/WindowsException'{0x0000000089f93fb8}> (0x0000000089f93fb8) 
thrown [s\src\hotspot\share\prims\jni.cpp, line 517]
Event: 11.402 Thread 0x000001da2e80c910 Exception <a 'sun/nio/fs/WindowsException'{0x0000000089f95ee0}> (0x0000000089f95ee0) 
thrown [s\src\hotspot\share\prims\jni.cpp, line 517]
Event: 11.403 Thread 0x000001da2e80c910 Exception <a 'sun/nio/fs/WindowsException'{0x0000000089f97df8}> (0x0000000089f97df8) 
thrown [s\src\hotspot\share\prims\jni.cpp, line 517]
Event: 11.403 Thread 0x000001da2e80c910 Exception <a 'sun/nio/fs/WindowsException'{0x0000000089f99cc8}> (0x0000000089f99cc8) 
thrown [s\src\hotspot\share\prims\jni.cpp, line 517]
Event: 11.404 Thread 0x000001da2e80c910 Exception <a 'sun/nio/fs/WindowsException'{0x0000000089f9bbc8}> (0x0000000089f9bbc8) 
thrown [s\src\hotspot\share\prims\jni.cpp, line 517]
Event: 11.404 Thread 0x000001da2e80c910 Exception <a 'sun/nio/fs/WindowsException'{0x0000000089f9db00}> (0x0000000089f9db00) 
thrown [s\src\hotspot\share\prims\jni.cpp, line 517]
Event: 11.405 Thread 0x000001da2e80c910 Exception <a 'sun/nio/fs/WindowsException'{0x0000000089f9fa40}> (0x0000000089f9fa40) 
thrown [s\src\hotspot\share\prims\jni.cpp, line 517]
Event: 11.405 Thread 0x000001da2e80c910 Exception <a 'sun/nio/fs/WindowsException'{0x0000000089fa1918}> (0x0000000089fa1918) 
thrown [s\src\hotspot\share\prims\jni.cpp, line 517]
Event: 11.421 Thread 0x000001da2e80c910 Implicit null exception at 0x000001da1c94a460 to 0x000001da1c94a4e9
Event: 11.422 Thread 0x000001da2e80c910 Implicit null exception at 0x000001da1cbc7080 to 0x000001da1cbc7318
Event: 11.471 Thread 0x000001da2db2b100 Exception <a 'java/lang/NoSuchMethodError'{0x0000000089af35a8}: static Lorg/gradle/internal/build/event/types/DefaultJavaCompileTaskSuccessResult;.<clinit>()V> (0x0000000089af35a8) 
thrown [s\src\hotspot\share\prims\jni.cpp, line 1108]
Event: 11.473 Thread 0x000001da2db2b100 Exception <a 'java/lang/NoSuchMethodError'{0x0000000089919300}: static [Ljava/lang/Object;.<clinit>()V> (0x0000000089919300) 
thrown [s\src\hotspot\share\prims\jni.cpp, line 1108]
Event: 11.475 Thread 0x000001da2e80c910 Exception <a 'sun/nio/fs/WindowsException'{0x0000000089a2f408}> (0x0000000089a2f408) 
thrown [s\src\hotspot\share\prims\jni.cpp, line 517]
Event: 11.482 Thread 0x000001da2e80c910 Implicit null exception at 0x000001da1cb2a573 to 0x000001da1cb2ab74
Event: 11.504 Thread 0x000001da2e8080e0 Exception <a 'sun/nio/fs/WindowsException'{0x00000000893d5920}> (0x00000000893d5920) 
thrown [s\src\hotspot\share\prims\jni.cpp, line 517]
Event: 11.736 Thread 0x000001da2e8080e0 Exception <a 'java/lang/NoSuchMethodError'{0x000000008989af50}: static Lcom/android/build/gradle/internal/tasks/DexArchiveBuilderTaskDelegate$ClasspathServiceKey;.<clinit>()V> (0x000000008989af50) 
thrown [s\src\hotspot\share\prims\jni.cpp, line 1108]
Event: 11.805 Thread 0x000001da38c8eed0 Exception <a 'sun/nio/fs/WindowsException'{0x0000000088d08b78}> (0x0000000088d08b78) 
thrown [s\src\hotspot\share\prims\jni.cpp, line 517]
Event: 11.806 Thread 0x000001da2d2dd580 Exception <a 'sun/nio/fs/WindowsException'{0x0000000088d4ce10}> (0x0000000088d4ce10) 
thrown [s\src\hotspot\share\prims\jni.cpp, line 517]
Event: 11.806 Thread 0x000001da31e8ba10 Exception <a 'sun/nio/fs/WindowsException'{0x0000000088d25940}> (0x0000000088d25940) 
thrown [s\src\hotspot\share\prims\jni.cpp, line 517]
Event: 11.806 Thread 0x000001da38c90210 Exception <a 'sun/nio/fs/WindowsException'{0x0000000088d15d28}> (0x0000000088d15d28) 
thrown [s\src\hotspot\share\prims\jni.cpp, line 517]

VM Operations (20 events):
Event: 11.465 Executing VM operation: HandshakeAllThreads done
Event: 11.468 Executing VM operation: HandshakeAllThreads
Event: 11.468 Executing VM operation: HandshakeAllThreads done
Event: 11.520 Executing VM operation: ICBufferFull
Event: 11.520 Executing VM operation: ICBufferFull done
Event: 11.525 Executing VM operation: G1CollectForAllocation
Event: 11.530 Executing VM operation: G1CollectForAllocation done
Event: 11.541 Executing VM operation: G1CollectForAllocation
Event: 11.547 Executing VM operation: G1CollectForAllocation done
Event: 11.673 Executing VM operation: HandshakeAllThreads
Event: 11.673 Executing VM operation: HandshakeAllThreads done
Event: 11.811 Executing VM operation: HandshakeAllThreads
Event: 11.811 Executing VM operation: HandshakeAllThreads done
Event: 11.832 Executing VM operation: HandshakeAllThreads
Event: 11.832 Executing VM operation: HandshakeAllThreads done
Event: 11.832 Executing VM operation: HandshakeAllThreads
Event: 11.832 Executing VM operation: HandshakeAllThreads done
Event: 11.839 Executing VM operation: ICBufferFull
Event: 11.840 Executing VM operation: ICBufferFull done
Event: 11.860 Executing VM operation: G1CollectForAllocation

Events (20 events):
Event: 11.756 loading class java/util/regex/Pattern$SliceU done
Event: 11.756 loading class sun/nio/fs/WindowsFileSystem$2
Event: 11.756 loading class java/nio/file/PathMatcher
Event: 11.756 loading class java/nio/file/PathMatcher done
Event: 11.756 loading class sun/nio/fs/WindowsFileSystem$2 done
Event: 11.781 loading class java/util/zip/ZipInputStream
Event: 11.781 loading class java/util/zip/ZipInputStream done
Event: 11.824 loading class java/io/UTFDataFormatException
Event: 11.824 loading class java/io/UTFDataFormatException done
Event: 11.836 Thread 0x000001da2b707f50 flushing nmethod 0x000001da14dc6290
Event: 11.839 Thread 0x000001da2b707f50 flushing nmethod 0x000001da1527ce90
Event: 11.841 Thread 0x000001da2b707f50 flushing nmethod 0x000001da154dce90
Event: 11.841 Thread 0x000001da2b707f50 flushing nmethod 0x000001da15611290
Event: 11.842 Thread 0x000001da2b707f50 flushing nmethod 0x000001da1564f490
Event: 11.842 Thread 0x000001da2b707f50 flushing nmethod 0x000001da15715190
Event: 11.842 Thread 0x000001da2b707f50 flushing nmethod 0x000001da15715c10
Event: 11.842 Thread 0x000001da2b707f50 flushing nmethod 0x000001da15726210
Event: 11.843 Thread 0x000001da2b707f50 flushing nmethod 0x000001da158ca890
Event: 11.843 Thread 0x000001da2b707f50 flushing nmethod 0x000001da158cc490
Event: 11.843 Thread 0x000001da2b707f50 flushing nmethod 0x000001da158e4190


Dynamic libraries:
0x00007ff7e78f0000 - 0x00007ff7e78fa000 	C:\Program Files\Android\Android Studio\jbr\bin\java.exe
0x00007ffb028f0000 - 0x00007ffb02ae8000 	C:\WINDOWS\SYSTEM32\ntdll.dll
0x00007ffb01520000 - 0x00007ffb015df000 	C:\WINDOWS\System32\KERNEL32.DLL
0x00007ffafffa0000 - 0x00007ffb00296000 	C:\WINDOWS\System32\KERNELBASE.dll
0x00007ffb00820000 - 0x00007ffb00920000 	C:\WINDOWS\System32\ucrtbase.dll
0x00007ffaf2200000 - 0x00007ffaf2217000 	C:\Program Files\Android\Android Studio\jbr\bin\jli.dll
0x00007ffae6290000 - 0x00007ffae62ab000 	C:\Program Files\Android\Android Studio\jbr\bin\VCRUNTIME140.dll
0x00007ffb00920000 - 0x00007ffb00abd000 	C:\WINDOWS\System32\USER32.dll
0x00007ffaeab00000 - 0x00007ffaead9a000 	C:\WINDOWS\WinSxS\amd64_microsoft.windows.common-controls_6595b64144ccf1df_6.0.19041.1110_none_60b5254171f9507e\COMCTL32.dll
0x00007ffb005f0000 - 0x00007ffb00612000 	C:\WINDOWS\System32\win32u.dll
0x00007ffb016b0000 - 0x00007ffb016dc000 	C:\WINDOWS\System32\GDI32.dll
0x00007ffb00c30000 - 0x00007ffb00cce000 	C:\WINDOWS\System32\msvcrt.dll
0x00007ffb00650000 - 0x00007ffb00765000 	C:\WINDOWS\System32\gdi32full.dll
0x00007ffb002a0000 - 0x00007ffb0033d000 	C:\WINDOWS\System32\msvcp_win.dll
0x00007ffb00d60000 - 0x00007ffb00d90000 	C:\WINDOWS\System32\IMM32.DLL
0x00007ffaf59e0000 - 0x00007ffaf59ec000 	C:\Program Files\Android\Android Studio\jbr\bin\vcruntime140_1.dll
0x00007ffac8560000 - 0x00007ffac85ed000 	C:\Program Files\Android\Android Studio\jbr\bin\msvcp140.dll
0x00007ffaab660000 - 0x00007ffaac2ce000 	C:\Program Files\Android\Android Studio\jbr\bin\server\jvm.dll
0x00007ffb00b70000 - 0x00007ffb00c1f000 	C:\WINDOWS\System32\ADVAPI32.dll
0x00007ffb01f70000 - 0x00007ffb0200c000 	C:\WINDOWS\System32\sechost.dll
0x00007ffb01c20000 - 0x00007ffb01d46000 	C:\WINDOWS\System32\RPCRT4.dll
0x00007ffae9f60000 - 0x00007ffae9f87000 	C:\WINDOWS\SYSTEM32\WINMM.dll
0x00007ffaf6850000 - 0x00007ffaf6859000 	C:\WINDOWS\SYSTEM32\WSOCK32.dll
0x00007ffaf4920000 - 0x00007ffaf492a000 	C:\WINDOWS\SYSTEM32\VERSION.dll
0x00007ffb015e0000 - 0x00007ffb0164b000 	C:\WINDOWS\System32\WS2_32.dll
0x00007ffafdb10000 - 0x00007ffafdb22000 	C:\WINDOWS\SYSTEM32\kernel.appcore.dll
0x00007ffaf60a0000 - 0x00007ffaf60aa000 	C:\Program Files\Android\Android Studio\jbr\bin\jimage.dll
0x00007ffafd830000 - 0x00007ffafda14000 	C:\WINDOWS\SYSTEM32\DBGHELP.DLL
0x00007ffae80d0000 - 0x00007ffae8104000 	C:\WINDOWS\SYSTEM32\dbgcore.DLL
0x00007ffb003b0000 - 0x00007ffb00432000 	C:\WINDOWS\System32\bcryptPrimitives.dll
0x00007ffae9ac0000 - 0x00007ffae9ae5000 	C:\Program Files\Android\Android Studio\jbr\bin\java.dll
0x00007ffaf5920000 - 0x00007ffaf5938000 	C:\Program Files\Android\Android Studio\jbr\bin\zip.dll
0x00007ffb02010000 - 0x00007ffb02754000 	C:\WINDOWS\System32\SHELL32.dll
0x00007ffafed30000 - 0x00007ffaff4c3000 	C:\WINDOWS\SYSTEM32\windows.storage.dll
0x00007ffb016e0000 - 0x00007ffb01a34000 	C:\WINDOWS\System32\combase.dll
0x00007ffaff9f0000 - 0x00007ffaffa1e000 	C:\WINDOWS\SYSTEM32\Wldp.dll
0x00007ffb00ac0000 - 0x00007ffb00b6d000 	C:\WINDOWS\System32\SHCORE.dll
0x00007ffb01d50000 - 0x00007ffb01da5000 	C:\WINDOWS\System32\shlwapi.dll
0x00007ffaffee0000 - 0x00007ffaffeff000 	C:\WINDOWS\SYSTEM32\profapi.dll
0x00007ffaf3390000 - 0x00007ffaf33a9000 	C:\Program Files\Android\Android Studio\jbr\bin\net.dll
0x00007ffaf6a30000 - 0x00007ffaf6b3a000 	C:\WINDOWS\SYSTEM32\WINHTTP.dll
0x00007ffafec60000 - 0x00007ffafecca000 	C:\WINDOWS\system32\mswsock.dll
0x00007ffaf32a0000 - 0x00007ffaf32b6000 	C:\Program Files\Android\Android Studio\jbr\bin\nio.dll
0x00007ffaf6090000 - 0x00007ffaf60a0000 	C:\Program Files\Android\Android Studio\jbr\bin\verify.dll
0x00007ffae9330000 - 0x00007ffae9357000 	D:\PRG\ANDROID\native\68d5fa5c4cc2d200863cafc0d521ce42e7d3e7ee720ec0a83991735586a16f82\windows-amd64\native-platform.dll
0x00007ffab0340000 - 0x00007ffab0484000 	D:\PRG\ANDROID\native\e376f236ea51e6404a007f0833ffe2c6e607c4080706a723a18a27aeea778392\windows-amd64\native-platform-file-events.dll
0x00007ffaf6050000 - 0x00007ffaf6059000 	C:\Program Files\Android\Android Studio\jbr\bin\management.dll
0x00007ffaf59d0000 - 0x00007ffaf59db000 	C:\Program Files\Android\Android Studio\jbr\bin\management_ext.dll
0x00007ffb01f60000 - 0x00007ffb01f68000 	C:\WINDOWS\System32\PSAPI.DLL
0x00007ffaff940000 - 0x00007ffaff958000 	C:\WINDOWS\SYSTEM32\CRYPTSP.dll
0x000000005d420000 - 0x000000005d431000 	C:\Program Files\Common Files\Crypto Pro\AppCompat\cpadvai.dll
0x000000005d440000 - 0x000000005d447000 	C:\Program Files\Common Files\Crypto Pro\AppCompat\detoured.dll
0x00007ffafe510000 - 0x00007ffafe544000 	C:\WINDOWS\system32\rsaenh.dll
0x00007ffb00620000 - 0x00007ffb00647000 	C:\WINDOWS\System32\bcrypt.dll
0x00007ffaffea0000 - 0x00007ffaffece000 	C:\WINDOWS\SYSTEM32\USERENV.dll
0x00007ffaff960000 - 0x00007ffaff96c000 	C:\WINDOWS\SYSTEM32\CRYPTBASE.dll
0x00007ffafe900000 - 0x00007ffafe93c000 	C:\WINDOWS\SYSTEM32\IPHLPAPI.DLL
0x00007ffb00d90000 - 0x00007ffb00d98000 	C:\WINDOWS\System32\NSI.dll
0x00007ffaf6600000 - 0x00007ffaf6617000 	C:\WINDOWS\SYSTEM32\dhcpcsvc6.DLL
0x00007ffaf65e0000 - 0x00007ffaf65fd000 	C:\WINDOWS\SYSTEM32\dhcpcsvc.DLL
0x00007ffafe940000 - 0x00007ffafea0a000 	C:\WINDOWS\SYSTEM32\DNSAPI.dll
0x00007ffaf3320000 - 0x00007ffaf3327000 	C:\WINDOWS\system32\wshunix.dll

dbghelp: loaded successfully - version: 4.0.5 - missing functions: none
symbol engine: initialized successfully - sym options: 0x614 - pdb path: .;C:\Program Files\Android\Android Studio\jbr\bin;C:\WINDOWS\SYSTEM32;C:\WINDOWS\WinSxS\amd64_microsoft.windows.common-controls_6595b64144ccf1df_6.0.19041.1110_none_60b5254171f9507e;C:\Program Files\Android\Android Studio\jbr\bin\server;D:\PRG\ANDROID\native\68d5fa5c4cc2d200863cafc0d521ce42e7d3e7ee720ec0a83991735586a16f82\windows-amd64;D:\PRG\ANDROID\native\e376f236ea51e6404a007f0833ffe2c6e607c4080706a723a18a27aeea778392\windows-amd64;C:\Program Files\Common Files\Crypto Pro\AppCompat

VM Arguments:
jvm_args: --add-opens=java.base/java.util=ALL-UNNAMED --add-opens=java.base/java.lang=ALL-UNNAMED --add-opens=java.base/java.lang.invoke=ALL-UNNAMED --add-opens=java.prefs/java.util.prefs=ALL-UNNAMED --add-opens=java.base/java.nio.charset=ALL-UNNAMED --add-opens=java.base/java.net=ALL-UNNAMED --add-opens=java.base/java.util.concurrent.atomic=ALL-UNNAMED -Xmx2048m -Dfile.encoding=UTF-8 -Duser.country=RU -Duser.language=ru -Duser.variant 
java_command: org.gradle.launcher.daemon.bootstrap.GradleDaemon 8.0
java_class_path (initial): D:\PRG\ANDROID\wrapper\dists\gradle-8.0-bin\ca5e32bp14vu59qr306oxotwh\gradle-8.0\lib\gradle-launcher-8.0.jar
Launcher Type: SUN_STANDARD

[Global flags]
     intx CICompilerCount                          = 4                                         {product} {ergonomic}
     uint ConcGCThreads                            = 2                                         {product} {ergonomic}
     uint G1ConcRefinementThreads                  = 8                                         {product} {ergonomic}
   size_t G1HeapRegionSize                         = 1048576                                   {product} {ergonomic}
    uintx GCDrainStackTargetSize                   = 64                                        {product} {ergonomic}
   size_t InitialHeapSize                          = 266338304                                 {product} {ergonomic}
   size_t MarkStackSize                            = 4194304                                   {product} {ergonomic}
   size_t MaxHeapSize                              = 2147483648                                {product} {command line}
   size_t MaxNewSize                               = 1287651328                                {product} {ergonomic}
   size_t MinHeapDeltaBytes                        = 1048576                                   {product} {ergonomic}
   size_t MinHeapSize                              = 8388608                                   {product} {ergonomic}
    uintx NonNMethodCodeHeapSize                   = 5839372                                {pd product} {ergonomic}
    uintx NonProfiledCodeHeapSize                  = 122909434                              {pd product} {ergonomic}
    uintx ProfiledCodeHeapSize                     = 122909434                              {pd product} {ergonomic}
    uintx ReservedCodeCacheSize                    = 251658240                              {pd product} {ergonomic}
     bool SegmentedCodeCache                       = true                                      {product} {ergonomic}
   size_t SoftMaxHeapSize                          = 2147483648                             {manageable} {ergonomic}
     bool UseCompressedClassPointers               = true                           {product lp64_product} {ergonomic}
     bool UseCompressedOops                        = true                           {product lp64_product} {ergonomic}
     bool UseG1GC                                  = true                                      {product} {ergonomic}
     bool UseLargePagesIndividualAllocation        = false                                  {pd product} {ergonomic}

Logging:
Log output configuration:
 #0: stdout all=warning uptime,level,tags
 #1: stderr all=off uptime,level,tags

Environment Variables:
JAVA_HOME=C:\jdk-17.0.2+8
PATH=C:\Program Files\Common Files\Oracle\Java\javapath;C:\Windows\system32;C:\Windows;C:\Windows\System32\Wbem;C:\Windows\System32\WindowsPowerShell\v1.0\;C:\Windows\System32\OpenSSH\;C:\Program Files\7-Zip;C:\Program Files (x86)\NVIDIA Corporation\PhysX\Common;C:\jdk-17.0.2+8\bin;C:\Program Files\Git\cmd;C:\WINDOWS\system32;C:\WINDOWS;C:\WINDOWS\System32\Wbem;C:\WINDOWS\System32\WindowsPowerShell\v1.0\;C:\WINDOWS\System32\OpenSSH\;C:\Program Files\OpenVPN\bin;C:\Users\monahovvv\AppData\Local\Microsoft\WindowsApps;C:\Program Files\JetBrains\IntelliJ IDEA Community Edition 2022.2\bin;;C:\Users\monahovvv\AppData\Local\GitHubDesktop\bin;
USERNAME=monahovvv
OS=Windows_NT
PROCESSOR_IDENTIFIER=Intel64 Family 6 Model 158 Stepping 10, GenuineIntel
TMP=D:\Temp
TEMP=D:\Temp


JNI global refs:
JNI global refs: 29, weak refs: 3

JNI global refs memory usage: 843, weak refs: 841


---------------  S Y S T E M  ---------------

OS:
 Windows 10 , 64 bit Build 19041 (10.0.19041.3031)
OS uptime: 0 days 7:14 hours

CPU: total 8 (initial active 8) (4 cores per cpu, 2 threads per core) family 6 model 158 stepping 10 microcode 0xec, cx8, cmov, fxsr, ht, mmx, 3dnowpref, sse, sse2, sse3, ssse3, sse4.1, sse4.2, popcnt, lzcnt, tsc, tscinvbit, avx, avx2, aes, erms, clmul, bmi1, bmi2, adx, fma, vzeroupper, clflush, clflushopt

Memory: 4k page, system-wide physical 16228M (5028M free)
TotalPageFile size 18128M (AvailPageFile size 173M)
current process WorkingSet (physical memory assigned to process): 494M, peak: 494M
current process commit charge ("private bytes"): 596M, peak: 765M

vm_info: OpenJDK 64-Bit Server VM (17.0.6+0-b2043.56-10027231) for windows-amd64 JRE (17.0.6+0-b2043.56-10027231), built on Apr 28 2023 00:43:19 by "androidbuild" with MS VC++ 16.10 / 16.11 (VS2019)

END.
